This file contains any messages produced by compilers while
running configure, to aid debugging if configure makes a mistake.

It was created by p4-build configure 0.1, which was
generated by GNU Autoconf 2.69.  Invocation command line was

  $ ./configure --disable-option-checking --prefix=/root/bf-sde-8.2.0/install enable_thrift=yes --cache-file=/dev/null --srcdir=. P4_NAME=switch P4_PATH=/root/workspace/AHashFlow/src/switch-8.2.0/p4src/switch.p4 P4_PREFIX=dc BM_P4FLAGS=--field-aliases /root/workspace/AHashFlow/src/switch-8.2.0/bmv2/field-aliases.bmv2 --no-create --no-recursion

## --------- ##
## Platform. ##
## --------- ##

hostname = localhost
uname -m = x86_64
uname -r = 3.16.39-OpenNetworkLinux
uname -s = Linux
uname -v = #1 SMP Wed Aug 2 06:19:08 UTC 2017

/usr/bin/uname -p = unknown
/bin/uname -X     = unknown

/bin/arch              = unknown
/usr/bin/arch -k       = unknown
/usr/convex/getsysinfo = unknown
/usr/bin/hostinfo      = unknown
/bin/machine           = unknown
/usr/bin/oslevel       = unknown
/bin/universe          = unknown

PATH: /root/bf-sde-8.2.0/install/bin
PATH: /usr/local/sbin
PATH: /usr/local/bin
PATH: /usr/sbin
PATH: /usr/bin
PATH: /sbin
PATH: /bin
PATH: /lib/platform-config/current/onl/bin
PATH: /lib/platform-config/current/onl/sbin
PATH: /lib/platform-config/current/onl/lib/bin
PATH: /lib/platform-config/current/onl/lib/sbin


## ----------- ##
## Core tests. ##
## ----------- ##

configure:2615: checking for a BSD-compatible install
configure:2683: result: /usr/bin/install -c
configure:2694: checking whether build environment is sane
configure:2749: result: yes
configure:2900: checking for a thread-safe mkdir -p
configure:2939: result: /bin/mkdir -p
configure:2946: checking for gawk
configure:2976: result: no
configure:2946: checking for mawk
configure:2962: found /usr/bin/mawk
configure:2973: result: mawk
configure:2984: checking whether make sets $(MAKE)
configure:3006: result: yes
configure:3035: checking whether make supports nested variables
configure:3052: result: yes
configure:3223: checking for a Python interpreter with version >= 2.7
configure:3240: python -c import sys # split strings by '.' and convert to numeric. Append some zeros # because we need at least 4 digits for the hex conversion. # map returns an iterator in Python 3.0 and a list in 2.x minver = list(map(int, '2.7'.split('.'))) + [0, 0, 0] minverhex = 0 # xrange is not present in Python 3.0 and range returns an iterator for i in list(range(0, 4)): minverhex = (minverhex << 8) + minver[i] sys.exit(sys.hexversion < minverhex)
configure:3243: $? = 0
configure:3249: result: python
configure:3257: checking for python
configure:3275: found /usr/bin/python
configure:3287: result: /usr/bin/python
configure:3305: checking for python version
configure:3312: result: 2.7
configure:3324: checking for python platform
configure:3331: result: linux2
configure:3357: checking for python script directory
configure:3392: result: ${prefix}/lib/python2.7/site-packages
configure:3401: checking for python extension module directory
configure:3436: result: ${exec_prefix}/lib/python2.7/site-packages
configure:3727: checking for g++
configure:3743: found /usr/bin/g++
configure:3754: result: g++
configure:3781: checking for C++ compiler version
configure:3790: g++ --version >&5
g++ (Debian 4.9.2-10+deb8u1) 4.9.2
Copyright (C) 2014 Free Software Foundation, Inc.
This is free software; see the source for copying conditions.  There is NO
warranty; not even for MERCHANTABILITY or FITNESS FOR A PARTICULAR PURPOSE.

configure:3801: $? = 0
configure:3790: g++ -v >&5
Using built-in specs.
COLLECT_GCC=g++
COLLECT_LTO_WRAPPER=/usr/lib/gcc/x86_64-linux-gnu/4.9/lto-wrapper
Target: x86_64-linux-gnu
Configured with: ../src/configure -v --with-pkgversion='Debian 4.9.2-10+deb8u1' --with-bugurl=file:///usr/share/doc/gcc-4.9/README.Bugs --enable-languages=c,c++,java,go,d,fortran,objc,obj-c++ --prefix=/usr --program-suffix=-4.9 --enable-shared --enable-linker-build-id --libexecdir=/usr/lib --without-included-gettext --enable-threads=posix --with-gxx-include-dir=/usr/include/c++/4.9 --libdir=/usr/lib --enable-nls --with-sysroot=/ --enable-clocale=gnu --enable-libstdcxx-debug --enable-libstdcxx-time=yes --enable-gnu-unique-object --disable-vtable-verify --enable-plugin --with-system-zlib --disable-browser-plugin --enable-java-awt=gtk --enable-gtk-cairo --with-java-home=/usr/lib/jvm/java-1.5.0-gcj-4.9-amd64/jre --enable-java-home --with-jvm-root-dir=/usr/lib/jvm/java-1.5.0-gcj-4.9-amd64 --with-jvm-jar-dir=/usr/lib/jvm-exports/java-1.5.0-gcj-4.9-amd64 --with-arch-directory=amd64 --with-ecj-jar=/usr/share/java/eclipse-ecj.jar --enable-objc-gc --enable-multiarch --with-arch-32=i586 --with-abi=m64 --with-multilib-list=m32,m64,mx32 --enable-multilib --with-tune=generic --enable-checking=release --build=x86_64-linux-gnu --host=x86_64-linux-gnu --target=x86_64-linux-gnu
Thread model: posix
gcc version 4.9.2 (Debian 4.9.2-10+deb8u1) 
configure:3801: $? = 0
configure:3790: g++ -V >&5
g++: error: unrecognized command line option '-V'
g++: fatal error: no input files
compilation terminated.
configure:3801: $? = 4
configure:3790: g++ -qversion >&5
g++: error: unrecognized command line option '-qversion'
g++: fatal error: no input files
compilation terminated.
configure:3801: $? = 4
configure:3821: checking whether the C++ compiler works
configure:3843: g++ -g   conftest.cpp  >&5
configure:3847: $? = 0
configure:3895: result: yes
configure:3898: checking for C++ compiler default output file name
configure:3900: result: a.out
configure:3906: checking for suffix of executables
configure:3913: g++ -o conftest -g   conftest.cpp  >&5
configure:3917: $? = 0
configure:3939: result: 
configure:3961: checking whether we are cross compiling
configure:3969: g++ -o conftest -g   conftest.cpp  >&5
configure:3973: $? = 0
configure:3980: ./conftest
configure:3984: $? = 0
configure:3999: result: no
configure:4004: checking for suffix of object files
configure:4026: g++ -c -g  conftest.cpp >&5
configure:4030: $? = 0
configure:4051: result: o
configure:4055: checking whether we are using the GNU C++ compiler
configure:4074: g++ -c -g  conftest.cpp >&5
configure:4074: $? = 0
configure:4083: result: yes
configure:4092: checking whether g++ accepts -g
configure:4112: g++ -c -g  conftest.cpp >&5
configure:4112: $? = 0
configure:4153: result: yes
configure:4187: checking for style of include used by make
configure:4215: result: GNU
configure:4241: checking dependency style of g++
configure:4352: result: gcc3
configure:4415: checking for gcc
configure:4431: found /usr/bin/gcc
configure:4442: result: gcc
configure:4671: checking for C compiler version
configure:4680: gcc --version >&5
gcc (Debian 4.9.2-10+deb8u1) 4.9.2
Copyright (C) 2014 Free Software Foundation, Inc.
This is free software; see the source for copying conditions.  There is NO
warranty; not even for MERCHANTABILITY or FITNESS FOR A PARTICULAR PURPOSE.

configure:4691: $? = 0
configure:4680: gcc -v >&5
Using built-in specs.
COLLECT_GCC=gcc
COLLECT_LTO_WRAPPER=/usr/lib/gcc/x86_64-linux-gnu/4.9/lto-wrapper
Target: x86_64-linux-gnu
Configured with: ../src/configure -v --with-pkgversion='Debian 4.9.2-10+deb8u1' --with-bugurl=file:///usr/share/doc/gcc-4.9/README.Bugs --enable-languages=c,c++,java,go,d,fortran,objc,obj-c++ --prefix=/usr --program-suffix=-4.9 --enable-shared --enable-linker-build-id --libexecdir=/usr/lib --without-included-gettext --enable-threads=posix --with-gxx-include-dir=/usr/include/c++/4.9 --libdir=/usr/lib --enable-nls --with-sysroot=/ --enable-clocale=gnu --enable-libstdcxx-debug --enable-libstdcxx-time=yes --enable-gnu-unique-object --disable-vtable-verify --enable-plugin --with-system-zlib --disable-browser-plugin --enable-java-awt=gtk --enable-gtk-cairo --with-java-home=/usr/lib/jvm/java-1.5.0-gcj-4.9-amd64/jre --enable-java-home --with-jvm-root-dir=/usr/lib/jvm/java-1.5.0-gcj-4.9-amd64 --with-jvm-jar-dir=/usr/lib/jvm-exports/java-1.5.0-gcj-4.9-amd64 --with-arch-directory=amd64 --with-ecj-jar=/usr/share/java/eclipse-ecj.jar --enable-objc-gc --enable-multiarch --with-arch-32=i586 --with-abi=m64 --with-multilib-list=m32,m64,mx32 --enable-multilib --with-tune=generic --enable-checking=release --build=x86_64-linux-gnu --host=x86_64-linux-gnu --target=x86_64-linux-gnu
Thread model: posix
gcc version 4.9.2 (Debian 4.9.2-10+deb8u1) 
configure:4691: $? = 0
configure:4680: gcc -V >&5
gcc: error: unrecognized command line option '-V'
gcc: fatal error: no input files
compilation terminated.
configure:4691: $? = 4
configure:4680: gcc -qversion >&5
gcc: error: unrecognized command line option '-qversion'
gcc: fatal error: no input files
compilation terminated.
configure:4691: $? = 4
configure:4695: checking whether we are using the GNU C compiler
configure:4714: gcc -c   conftest.c >&5
configure:4714: $? = 0
configure:4723: result: yes
configure:4732: checking whether gcc accepts -g
configure:4752: gcc -c -g  conftest.c >&5
configure:4752: $? = 0
configure:4793: result: yes
configure:4810: checking for gcc option to accept ISO C89
configure:4873: gcc  -c -g -O2  conftest.c >&5
configure:4873: $? = 0
configure:4886: result: none needed
configure:4911: checking whether gcc understands -c and -o together
configure:4933: gcc -c conftest.c -o conftest2.o
configure:4936: $? = 0
configure:4933: gcc -c conftest.c -o conftest2.o
configure:4936: $? = 0
configure:4948: result: yes
configure:4967: checking dependency style of gcc
configure:5078: result: gcc3
configure:5097: checking for gcc option to accept ISO C99
configure:5246: gcc  -c -g -O2  conftest.c >&5
conftest.c:61:29: error: expected ';', ',' or ')' before 'text'
 test_restrict (ccp restrict text)
                             ^
conftest.c: In function 'main':
conftest.c:115:18: error: expected '=', ',', ';', 'asm' or '__attribute__' before 'newvar'
   char *restrict newvar = "Another string";
                  ^
conftest.c:115:18: error: 'newvar' undeclared (first use in this function)
conftest.c:115:18: note: each undeclared identifier is reported only once for each function it appears in
conftest.c:125:3: error: 'for' loop initial declarations are only allowed in C99 or C11 mode
   for (int i = 0; i < ia->datasize; ++i)
   ^
conftest.c:125:3: note: use option -std=c99, -std=gnu99, -std=c11 or -std=gnu11 to compile your code
configure:5246: $? = 1
configure: failed program was:
| /* confdefs.h */
| #define PACKAGE_NAME "p4-build"
| #define PACKAGE_TARNAME "p4-build"
| #define PACKAGE_VERSION "0.1"
| #define PACKAGE_STRING "p4-build 0.1"
| #define PACKAGE_BUGREPORT "antonin@barefootnetworks.com"
| #define PACKAGE_URL ""
| #define PACKAGE "p4-build"
| #define VERSION "0.1"
| /* end confdefs.h.  */
| #include <stdarg.h>
| #include <stdbool.h>
| #include <stdlib.h>
| #include <wchar.h>
| #include <stdio.h>
| 
| // Check varargs macros.  These examples are taken from C99 6.10.3.5.
| #define debug(...) fprintf (stderr, __VA_ARGS__)
| #define showlist(...) puts (#__VA_ARGS__)
| #define report(test,...) ((test) ? puts (#test) : printf (__VA_ARGS__))
| static void
| test_varargs_macros (void)
| {
|   int x = 1234;
|   int y = 5678;
|   debug ("Flag");
|   debug ("X = %d\n", x);
|   showlist (The first, second, and third items.);
|   report (x>y, "x is %d but y is %d", x, y);
| }
| 
| // Check long long types.
| #define BIG64 18446744073709551615ull
| #define BIG32 4294967295ul
| #define BIG_OK (BIG64 / BIG32 == 4294967297ull && BIG64 % BIG32 == 0)
| #if !BIG_OK
|   your preprocessor is broken;
| #endif
| #if BIG_OK
| #else
|   your preprocessor is broken;
| #endif
| static long long int bignum = -9223372036854775807LL;
| static unsigned long long int ubignum = BIG64;
| 
| struct incomplete_array
| {
|   int datasize;
|   double data[];
| };
| 
| struct named_init {
|   int number;
|   const wchar_t *name;
|   double average;
| };
| 
| typedef const char *ccp;
| 
| static inline int
| test_restrict (ccp restrict text)
| {
|   // See if C++-style comments work.
|   // Iterate through items via the restricted pointer.
|   // Also check for declarations in for loops.
|   for (unsigned int i = 0; *(text+i) != '\0'; ++i)
|     continue;
|   return 0;
| }
| 
| // Check varargs and va_copy.
| static void
| test_varargs (const char *format, ...)
| {
|   va_list args;
|   va_start (args, format);
|   va_list args_copy;
|   va_copy (args_copy, args);
| 
|   const char *str;
|   int number;
|   float fnumber;
| 
|   while (*format)
|     {
|       switch (*format++)
| 	{
| 	case 's': // string
| 	  str = va_arg (args_copy, const char *);
| 	  break;
| 	case 'd': // int
| 	  number = va_arg (args_copy, int);
| 	  break;
| 	case 'f': // float
| 	  fnumber = va_arg (args_copy, double);
| 	  break;
| 	default:
| 	  break;
| 	}
|     }
|   va_end (args_copy);
|   va_end (args);
| }
| 
| int
| main ()
| {
| 
|   // Check bool.
|   _Bool success = false;
| 
|   // Check restrict.
|   if (test_restrict ("String literal") == 0)
|     success = true;
|   char *restrict newvar = "Another string";
| 
|   // Check varargs.
|   test_varargs ("s, d' f .", "string", 65, 34.234);
|   test_varargs_macros ();
| 
|   // Check flexible array members.
|   struct incomplete_array *ia =
|     malloc (sizeof (struct incomplete_array) + (sizeof (double) * 10));
|   ia->datasize = 10;
|   for (int i = 0; i < ia->datasize; ++i)
|     ia->data[i] = i * 1.234;
| 
|   // Check named initializers.
|   struct named_init ni = {
|     .number = 34,
|     .name = L"Test wide string",
|     .average = 543.34343,
|   };
| 
|   ni.number = 58;
| 
|   int dynamic_array[ni.number];
|   dynamic_array[ni.number - 1] = 543;
| 
|   // work around unused variable warnings
|   return (!success || bignum == 0LL || ubignum == 0uLL || newvar[0] == 'x'
| 	  || dynamic_array[ni.number - 1] != 543);
| 
|   ;
|   return 0;
| }
configure:5246: gcc -std=gnu99 -c -g -O2  conftest.c >&5
configure:5246: $? = 0
configure:5266: result: -std=gnu99
configure:5367: checking for gcc -std=gnu99 option to accept ISO Standard C
configure:5381: result: -std=gnu99
configure:5414: checking build system type
configure:5428: result: x86_64-unknown-linux-gnu
configure:5448: checking host system type
configure:5461: result: x86_64-unknown-linux-gnu
configure:5502: checking how to print strings
configure:5529: result: printf
configure:5550: checking for a sed that does not truncate output
configure:5614: result: /bin/sed
configure:5632: checking for grep that handles long lines and -e
configure:5690: result: /bin/grep
configure:5695: checking for egrep
configure:5757: result: /bin/grep -E
configure:5762: checking for fgrep
configure:5824: result: /bin/grep -F
configure:5859: checking for ld used by gcc -std=gnu99
configure:5926: result: /usr/bin/ld
configure:5933: checking if the linker (/usr/bin/ld) is GNU ld
configure:5948: result: yes
configure:5960: checking for BSD- or MS-compatible name lister (nm)
configure:6009: result: /usr/bin/nm -B
configure:6139: checking the name lister (/usr/bin/nm -B) interface
configure:6146: gcc -std=gnu99 -c -g -O2  conftest.c >&5
configure:6149: /usr/bin/nm -B "conftest.o"
configure:6152: output
0000000000000000 B some_variable
configure:6159: result: BSD nm
configure:6162: checking whether ln -s works
configure:6166: result: yes
configure:6174: checking the maximum length of command line arguments
configure:6305: result: 1572864
configure:6322: checking whether the shell understands some XSI constructs
configure:6332: result: yes
configure:6336: checking whether the shell understands "+="
configure:6342: result: yes
configure:6377: checking how to convert x86_64-unknown-linux-gnu file names to x86_64-unknown-linux-gnu format
configure:6417: result: func_convert_file_noop
configure:6424: checking how to convert x86_64-unknown-linux-gnu file names to toolchain format
configure:6444: result: func_convert_file_noop
configure:6451: checking for /usr/bin/ld option to reload object files
configure:6458: result: -r
configure:6532: checking for objdump
configure:6548: found /usr/bin/objdump
configure:6559: result: objdump
configure:6591: checking how to recognize dependent libraries
configure:6789: result: pass_all
configure:6874: checking for dlltool
configure:6904: result: no
configure:6934: checking how to associate runtime and link libraries
configure:6961: result: printf %s\n
configure:7022: checking for ar
configure:7038: found /usr/bin/ar
configure:7049: result: ar
configure:7086: checking for archiver @FILE support
configure:7103: gcc -std=gnu99 -c -g -O2  conftest.c >&5
configure:7103: $? = 0
configure:7106: ar cru libconftest.a @conftest.lst >&5
configure:7109: $? = 0
configure:7114: ar cru libconftest.a @conftest.lst >&5
ar: conftest.o: No such file or directory
configure:7117: $? = 1
configure:7129: result: @
configure:7187: checking for strip
configure:7203: found /usr/bin/strip
configure:7214: result: strip
configure:7286: checking for ranlib
configure:7302: found /usr/bin/ranlib
configure:7313: result: ranlib
configure:7415: checking command to parse /usr/bin/nm -B output from gcc -std=gnu99 object
configure:7535: gcc -std=gnu99 -c -g -O2  conftest.c >&5
configure:7538: $? = 0
configure:7542: /usr/bin/nm -B conftest.o \| sed -n -e 's/^.*[ ]\([ABCDGIRSTW][ABCDGIRSTW]*\)[ ][ ]*\([_A-Za-z][_A-Za-z0-9]*\)$/\1 \2 \2/p' | sed '/ __gnu_lto/d' \> conftest.nm
configure:7545: $? = 0
configure:7611: gcc -std=gnu99 -o conftest -g -O2   conftest.c conftstm.o >&5
configure:7614: $? = 0
configure:7652: result: ok
configure:7689: checking for sysroot
configure:7719: result: no
configure:7796: gcc -std=gnu99 -c -g -O2  conftest.c >&5
configure:7799: $? = 0
configure:7988: checking for mt
configure:8004: found /bin/mt
configure:8015: result: mt
configure:8038: checking if mt is a manifest tool
configure:8044: mt '-?'
configure:8052: result: no
configure:8694: checking how to run the C preprocessor
configure:8725: gcc -std=gnu99 -E  conftest.c
configure:8725: $? = 0
configure:8739: gcc -std=gnu99 -E  conftest.c
conftest.c:11:28: fatal error: ac_nonexistent.h: No such file or directory
 #include <ac_nonexistent.h>
                            ^
compilation terminated.
configure:8739: $? = 1
configure: failed program was:
| /* confdefs.h */
| #define PACKAGE_NAME "p4-build"
| #define PACKAGE_TARNAME "p4-build"
| #define PACKAGE_VERSION "0.1"
| #define PACKAGE_STRING "p4-build 0.1"
| #define PACKAGE_BUGREPORT "antonin@barefootnetworks.com"
| #define PACKAGE_URL ""
| #define PACKAGE "p4-build"
| #define VERSION "0.1"
| /* end confdefs.h.  */
| #include <ac_nonexistent.h>
configure:8764: result: gcc -std=gnu99 -E
configure:8784: gcc -std=gnu99 -E  conftest.c
configure:8784: $? = 0
configure:8798: gcc -std=gnu99 -E  conftest.c
conftest.c:11:28: fatal error: ac_nonexistent.h: No such file or directory
 #include <ac_nonexistent.h>
                            ^
compilation terminated.
configure:8798: $? = 1
configure: failed program was:
| /* confdefs.h */
| #define PACKAGE_NAME "p4-build"
| #define PACKAGE_TARNAME "p4-build"
| #define PACKAGE_VERSION "0.1"
| #define PACKAGE_STRING "p4-build 0.1"
| #define PACKAGE_BUGREPORT "antonin@barefootnetworks.com"
| #define PACKAGE_URL ""
| #define PACKAGE "p4-build"
| #define VERSION "0.1"
| /* end confdefs.h.  */
| #include <ac_nonexistent.h>
configure:8827: checking for ANSI C header files
configure:8847: gcc -std=gnu99 -c -g -O2  conftest.c >&5
configure:8847: $? = 0
configure:8920: gcc -std=gnu99 -o conftest -g -O2   conftest.c  >&5
configure:8920: $? = 0
configure:8920: ./conftest
configure:8920: $? = 0
configure:8931: result: yes
configure:8944: checking for sys/types.h
configure:8944: gcc -std=gnu99 -c -g -O2  conftest.c >&5
configure:8944: $? = 0
configure:8944: result: yes
configure:8944: checking for sys/stat.h
configure:8944: gcc -std=gnu99 -c -g -O2  conftest.c >&5
configure:8944: $? = 0
configure:8944: result: yes
configure:8944: checking for stdlib.h
configure:8944: gcc -std=gnu99 -c -g -O2  conftest.c >&5
configure:8944: $? = 0
configure:8944: result: yes
configure:8944: checking for string.h
configure:8944: gcc -std=gnu99 -c -g -O2  conftest.c >&5
configure:8944: $? = 0
configure:8944: result: yes
configure:8944: checking for memory.h
configure:8944: gcc -std=gnu99 -c -g -O2  conftest.c >&5
configure:8944: $? = 0
configure:8944: result: yes
configure:8944: checking for strings.h
configure:8944: gcc -std=gnu99 -c -g -O2  conftest.c >&5
configure:8944: $? = 0
configure:8944: result: yes
configure:8944: checking for inttypes.h
configure:8944: gcc -std=gnu99 -c -g -O2  conftest.c >&5
configure:8944: $? = 0
configure:8944: result: yes
configure:8944: checking for stdint.h
configure:8944: gcc -std=gnu99 -c -g -O2  conftest.c >&5
configure:8944: $? = 0
configure:8944: result: yes
configure:8944: checking for unistd.h
configure:8944: gcc -std=gnu99 -c -g -O2  conftest.c >&5
configure:8944: $? = 0
configure:8944: result: yes
configure:8958: checking for dlfcn.h
configure:8958: gcc -std=gnu99 -c -g -O2  conftest.c >&5
configure:8958: $? = 0
configure:8958: result: yes
configure:9175: checking for objdir
configure:9190: result: .libs
configure:9461: checking if gcc -std=gnu99 supports -fno-rtti -fno-exceptions
configure:9479: gcc -std=gnu99 -c -g -O2  -fno-rtti -fno-exceptions conftest.c >&5
cc1: warning: command line option '-fno-rtti' is valid for C++/ObjC++ but not for C
configure:9483: $? = 0
configure:9496: result: no
configure:9823: checking for gcc -std=gnu99 option to produce PIC
configure:9830: result: -fPIC -DPIC
configure:9838: checking if gcc -std=gnu99 PIC flag -fPIC -DPIC works
configure:9856: gcc -std=gnu99 -c -g -O2  -fPIC -DPIC -DPIC conftest.c >&5
configure:9860: $? = 0
configure:9873: result: yes
configure:9902: checking if gcc -std=gnu99 static flag -static works
configure:9930: result: yes
configure:9945: checking if gcc -std=gnu99 supports -c -o file.o
configure:9966: gcc -std=gnu99 -c -g -O2  -o out/conftest2.o conftest.c >&5
configure:9970: $? = 0
configure:9992: result: yes
configure:10000: checking if gcc -std=gnu99 supports -c -o file.o
configure:10047: result: yes
configure:10080: checking whether the gcc -std=gnu99 linker (/usr/bin/ld -m elf_x86_64) supports shared libraries
configure:11237: result: yes
configure:11274: checking whether -lc should be explicitly linked in
configure:11282: gcc -std=gnu99 -c -g -O2  conftest.c >&5
configure:11285: $? = 0
configure:11300: gcc -std=gnu99 -shared  -fPIC -DPIC conftest.o  -v -Wl,-soname -Wl,conftest -o conftest 2\>\&1 \| /bin/grep  -lc  \>/dev/null 2\>\&1
configure:11303: $? = 0
configure:11317: result: no
configure:11477: checking dynamic linker characteristics
configure:11977: gcc -std=gnu99 -o conftest -g -O2   -Wl,-rpath -Wl,/foo conftest.c  >&5
configure:11977: $? = 0
configure:12211: result: GNU/Linux ld.so
configure:12318: checking how to hardcode library paths into programs
configure:12343: result: immediate
configure:12883: checking whether stripping libraries is possible
configure:12888: result: yes
configure:12923: checking if libtool supports shared libraries
configure:12925: result: yes
configure:12928: checking whether to build shared libraries
configure:12949: result: yes
configure:12952: checking whether to build static libraries
configure:12956: result: yes
configure:12979: checking how to run the C++ preprocessor
configure:13006: g++ -E  conftest.cpp
configure:13006: $? = 0
configure:13020: g++ -E  conftest.cpp
conftest.cpp:23:28: fatal error: ac_nonexistent.h: No such file or directory
 #include <ac_nonexistent.h>
                            ^
compilation terminated.
configure:13020: $? = 1
configure: failed program was:
| /* confdefs.h */
| #define PACKAGE_NAME "p4-build"
| #define PACKAGE_TARNAME "p4-build"
| #define PACKAGE_VERSION "0.1"
| #define PACKAGE_STRING "p4-build 0.1"
| #define PACKAGE_BUGREPORT "antonin@barefootnetworks.com"
| #define PACKAGE_URL ""
| #define PACKAGE "p4-build"
| #define VERSION "0.1"
| #define STDC_HEADERS 1
| #define HAVE_SYS_TYPES_H 1
| #define HAVE_SYS_STAT_H 1
| #define HAVE_STDLIB_H 1
| #define HAVE_STRING_H 1
| #define HAVE_MEMORY_H 1
| #define HAVE_STRINGS_H 1
| #define HAVE_INTTYPES_H 1
| #define HAVE_STDINT_H 1
| #define HAVE_UNISTD_H 1
| #define HAVE_DLFCN_H 1
| #define LT_OBJDIR ".libs/"
| /* end confdefs.h.  */
| #include <ac_nonexistent.h>
configure:13045: result: g++ -E
configure:13065: g++ -E  conftest.cpp
configure:13065: $? = 0
configure:13079: g++ -E  conftest.cpp
conftest.cpp:23:28: fatal error: ac_nonexistent.h: No such file or directory
 #include <ac_nonexistent.h>
                            ^
compilation terminated.
configure:13079: $? = 1
configure: failed program was:
| /* confdefs.h */
| #define PACKAGE_NAME "p4-build"
| #define PACKAGE_TARNAME "p4-build"
| #define PACKAGE_VERSION "0.1"
| #define PACKAGE_STRING "p4-build 0.1"
| #define PACKAGE_BUGREPORT "antonin@barefootnetworks.com"
| #define PACKAGE_URL ""
| #define PACKAGE "p4-build"
| #define VERSION "0.1"
| #define STDC_HEADERS 1
| #define HAVE_SYS_TYPES_H 1
| #define HAVE_SYS_STAT_H 1
| #define HAVE_STDLIB_H 1
| #define HAVE_STRING_H 1
| #define HAVE_MEMORY_H 1
| #define HAVE_STRINGS_H 1
| #define HAVE_INTTYPES_H 1
| #define HAVE_STDINT_H 1
| #define HAVE_UNISTD_H 1
| #define HAVE_DLFCN_H 1
| #define LT_OBJDIR ".libs/"
| /* end confdefs.h.  */
| #include <ac_nonexistent.h>
configure:13248: checking for ld used by g++
configure:13315: result: /usr/bin/ld -m elf_x86_64
configure:13322: checking if the linker (/usr/bin/ld -m elf_x86_64) is GNU ld
configure:13337: result: yes
configure:13392: checking whether the g++ linker (/usr/bin/ld -m elf_x86_64) supports shared libraries
configure:14394: result: yes
configure:14430: g++ -c -g  conftest.cpp >&5
configure:14433: $? = 0
configure:14953: checking for g++ option to produce PIC
configure:14960: result: -fPIC -DPIC
configure:14968: checking if g++ PIC flag -fPIC -DPIC works
configure:14986: g++ -c -g  -fPIC -DPIC -DPIC conftest.cpp >&5
configure:14990: $? = 0
configure:15003: result: yes
configure:15026: checking if g++ static flag -static works
configure:15054: result: yes
configure:15066: checking if g++ supports -c -o file.o
configure:15087: g++ -c -g  -o out/conftest2.o conftest.cpp >&5
configure:15091: $? = 0
configure:15113: result: yes
configure:15118: checking if g++ supports -c -o file.o
configure:15165: result: yes
configure:15195: checking whether the g++ linker (/usr/bin/ld -m elf_x86_64) supports shared libraries
configure:15234: result: yes
configure:15375: checking dynamic linker characteristics
configure:16043: result: GNU/Linux ld.so
configure:16096: checking how to hardcode library paths into programs
configure:16121: result: immediate
configure:16191: checking whether g++ supports C++11 features by default
configure:16217: g++ -c -g  conftest.cpp >&5
conftest.cpp:27:21: error: expected identifier before 'sizeof'
       static_assert(sizeof(int) <= sizeof(T), "not big enough");
                     ^
conftest.cpp:27:21: error: expected ',' or '...' before 'sizeof'
conftest.cpp:27:63: error: ISO C++ forbids declaration of 'static_assert' with no type [-fpermissive]
       static_assert(sizeof(int) <= sizeof(T), "not big enough");
                                                               ^
conftest.cpp:30:29: error: '>>' should be '> >' within a nested template argument list
     typedef check<check<bool>> right_angle_brackets;
                             ^
conftest.cpp:33:13: error: expected constructor, destructor, or type conversion before '(' token
     decltype(a) b;
             ^
conftest.cpp:37:15: error: expected unqualified-id before '&&' token
     check_type&& cr = static_cast<check_type&&>(c);
               ^
conftest.cpp:39:10: error: 'd' does not name a type
     auto d = a;
          ^
configure:16217: $? = 1
configure: failed program was:
| /* confdefs.h */
| #define PACKAGE_NAME "p4-build"
| #define PACKAGE_TARNAME "p4-build"
| #define PACKAGE_VERSION "0.1"
| #define PACKAGE_STRING "p4-build 0.1"
| #define PACKAGE_BUGREPORT "antonin@barefootnetworks.com"
| #define PACKAGE_URL ""
| #define PACKAGE "p4-build"
| #define VERSION "0.1"
| #define STDC_HEADERS 1
| #define HAVE_SYS_TYPES_H 1
| #define HAVE_SYS_STAT_H 1
| #define HAVE_STDLIB_H 1
| #define HAVE_STRING_H 1
| #define HAVE_MEMORY_H 1
| #define HAVE_STRINGS_H 1
| #define HAVE_INTTYPES_H 1
| #define HAVE_STDINT_H 1
| #define HAVE_UNISTD_H 1
| #define HAVE_DLFCN_H 1
| #define LT_OBJDIR ".libs/"
| /* end confdefs.h.  */
| 
|   template <typename T>
|     struct check
|     {
|       static_assert(sizeof(int) <= sizeof(T), "not big enough");
|     };
| 
|     typedef check<check<bool>> right_angle_brackets;
| 
|     int a;
|     decltype(a) b;
| 
|     typedef check<int> check_type;
|     check_type c;
|     check_type&& cr = static_cast<check_type&&>(c);
| 
|     auto d = a;
| 
configure:16224: result: no
configure:16235: checking whether g++ supports C++11 features with -std=c++11
configure:16263: g++ -c -g -std=c++11  conftest.cpp >&5
configure:16263: $? = 0
configure:16272: result: yes
configure:16327: checking algorithm usability
configure:16327: g++ -c -g -std=c++11  conftest.cpp >&5
configure:16327: $? = 0
configure:16327: result: yes
configure:16327: checking algorithm presence
configure:16327: g++ -E  conftest.cpp
configure:16327: $? = 0
configure:16327: result: yes
configure:16327: checking for algorithm
configure:16327: result: yes
configure:16327: checking array usability
configure:16327: g++ -c -g -std=c++11  conftest.cpp >&5
configure:16327: $? = 0
configure:16327: result: yes
configure:16327: checking array presence
configure:16327: g++ -E  conftest.cpp
In file included from /usr/include/c++/4.9/array:35:0,
                 from conftest.cpp:25:
/usr/include/c++/4.9/bits/c++0x_warning.h:32:2: error: #error This file requires compiler and library support for the ISO C++ 2011 standard. This support is currently experimental, and must be enabled with the -std=c++11 or -std=gnu++11 compiler options.
 #error This file requires compiler and library support for the \
  ^
configure:16327: $? = 1
configure: failed program was:
| /* confdefs.h */
| #define PACKAGE_NAME "p4-build"
| #define PACKAGE_TARNAME "p4-build"
| #define PACKAGE_VERSION "0.1"
| #define PACKAGE_STRING "p4-build 0.1"
| #define PACKAGE_BUGREPORT "antonin@barefootnetworks.com"
| #define PACKAGE_URL ""
| #define PACKAGE "p4-build"
| #define VERSION "0.1"
| #define STDC_HEADERS 1
| #define HAVE_SYS_TYPES_H 1
| #define HAVE_SYS_STAT_H 1
| #define HAVE_STDLIB_H 1
| #define HAVE_STRING_H 1
| #define HAVE_MEMORY_H 1
| #define HAVE_STRINGS_H 1
| #define HAVE_INTTYPES_H 1
| #define HAVE_STDINT_H 1
| #define HAVE_UNISTD_H 1
| #define HAVE_DLFCN_H 1
| #define LT_OBJDIR ".libs/"
| #define HAVE_CXX11 1
| #define HAVE_ALGORITHM 1
| /* end confdefs.h.  */
| #include <array>
configure:16327: result: no
configure:16327: WARNING: array: accepted by the compiler, rejected by the preprocessor!
configure:16327: WARNING: array: proceeding with the compiler's result
configure:16327: checking for array
configure:16327: result: yes
configure:16327: checking cassert usability
configure:16327: g++ -c -g -std=c++11  conftest.cpp >&5
configure:16327: $? = 0
configure:16327: result: yes
configure:16327: checking cassert presence
configure:16327: g++ -E  conftest.cpp
configure:16327: $? = 0
configure:16327: result: yes
configure:16327: checking for cassert
configure:16327: result: yes
configure:16327: checking cmath usability
configure:16327: g++ -c -g -std=c++11  conftest.cpp >&5
configure:16327: $? = 0
configure:16327: result: yes
configure:16327: checking cmath presence
configure:16327: g++ -E  conftest.cpp
configure:16327: $? = 0
configure:16327: result: yes
configure:16327: checking for cmath
configure:16327: result: yes
configure:16327: checking queue usability
configure:16327: g++ -c -g -std=c++11  conftest.cpp >&5
configure:16327: $? = 0
configure:16327: result: yes
configure:16327: checking queue presence
configure:16327: g++ -E  conftest.cpp
configure:16327: $? = 0
configure:16327: result: yes
configure:16327: checking for queue
configure:16327: result: yes
configure:16327: checking cstdio usability
configure:16327: g++ -c -g -std=c++11  conftest.cpp >&5
configure:16327: $? = 0
configure:16327: result: yes
configure:16327: checking cstdio presence
configure:16327: g++ -E  conftest.cpp
configure:16327: $? = 0
configure:16327: result: yes
configure:16327: checking for cstdio
configure:16327: result: yes
configure:16327: checking string usability
configure:16327: g++ -c -g -std=c++11  conftest.cpp >&5
configure:16327: $? = 0
configure:16327: result: yes
configure:16327: checking string presence
configure:16327: g++ -E  conftest.cpp
configure:16327: $? = 0
configure:16327: result: yes
configure:16327: checking for string
configure:16327: result: yes
configure:16327: checking for sys/stat.h
configure:16327: result: yes
configure:16327: checking for sys/types.h
configure:16327: result: yes
configure:16327: checking ctime usability
configure:16327: g++ -c -g -std=c++11  conftest.cpp >&5
configure:16327: $? = 0
configure:16327: result: yes
configure:16327: checking ctime presence
configure:16327: g++ -E  conftest.cpp
configure:16327: $? = 0
configure:16327: result: yes
configure:16327: checking for ctime
configure:16327: result: yes
configure:16327: checking tuple usability
configure:16327: g++ -c -g -std=c++11  conftest.cpp >&5
configure:16327: $? = 0
configure:16327: result: yes
configure:16327: checking tuple presence
configure:16327: g++ -E  conftest.cpp
In file included from /usr/include/c++/4.9/tuple:35:0,
                 from conftest.cpp:34:
/usr/include/c++/4.9/bits/c++0x_warning.h:32:2: error: #error This file requires compiler and library support for the ISO C++ 2011 standard. This support is currently experimental, and must be enabled with the -std=c++11 or -std=gnu++11 compiler options.
 #error This file requires compiler and library support for the \
  ^
configure:16327: $? = 1
configure: failed program was:
| /* confdefs.h */
| #define PACKAGE_NAME "p4-build"
| #define PACKAGE_TARNAME "p4-build"
| #define PACKAGE_VERSION "0.1"
| #define PACKAGE_STRING "p4-build 0.1"
| #define PACKAGE_BUGREPORT "antonin@barefootnetworks.com"
| #define PACKAGE_URL ""
| #define PACKAGE "p4-build"
| #define VERSION "0.1"
| #define STDC_HEADERS 1
| #define HAVE_SYS_TYPES_H 1
| #define HAVE_SYS_STAT_H 1
| #define HAVE_STDLIB_H 1
| #define HAVE_STRING_H 1
| #define HAVE_MEMORY_H 1
| #define HAVE_STRINGS_H 1
| #define HAVE_INTTYPES_H 1
| #define HAVE_STDINT_H 1
| #define HAVE_UNISTD_H 1
| #define HAVE_DLFCN_H 1
| #define LT_OBJDIR ".libs/"
| #define HAVE_CXX11 1
| #define HAVE_ALGORITHM 1
| #define HAVE_ARRAY 1
| #define HAVE_CASSERT 1
| #define HAVE_CMATH 1
| #define HAVE_QUEUE 1
| #define HAVE_CSTDIO 1
| #define HAVE_STRING 1
| #define HAVE_SYS_STAT_H 1
| #define HAVE_SYS_TYPES_H 1
| #define HAVE_CTIME 1
| /* end confdefs.h.  */
| #include <tuple>
configure:16327: result: no
configure:16327: WARNING: tuple: accepted by the compiler, rejected by the preprocessor!
configure:16327: WARNING: tuple: proceeding with the compiler's result
configure:16327: checking for tuple
configure:16327: result: yes
configure:16327: checking for unistd.h
configure:16327: result: yes
configure:16327: checking unordered_map usability
configure:16327: g++ -c -g -std=c++11  conftest.cpp >&5
configure:16327: $? = 0
configure:16327: result: yes
configure:16327: checking unordered_map presence
configure:16327: g++ -E  conftest.cpp
In file included from /usr/include/c++/4.9/unordered_map:35:0,
                 from conftest.cpp:36:
/usr/include/c++/4.9/bits/c++0x_warning.h:32:2: error: #error This file requires compiler and library support for the ISO C++ 2011 standard. This support is currently experimental, and must be enabled with the -std=c++11 or -std=gnu++11 compiler options.
 #error This file requires compiler and library support for the \
  ^
configure:16327: $? = 1
configure: failed program was:
| /* confdefs.h */
| #define PACKAGE_NAME "p4-build"
| #define PACKAGE_TARNAME "p4-build"
| #define PACKAGE_VERSION "0.1"
| #define PACKAGE_STRING "p4-build 0.1"
| #define PACKAGE_BUGREPORT "antonin@barefootnetworks.com"
| #define PACKAGE_URL ""
| #define PACKAGE "p4-build"
| #define VERSION "0.1"
| #define STDC_HEADERS 1
| #define HAVE_SYS_TYPES_H 1
| #define HAVE_SYS_STAT_H 1
| #define HAVE_STDLIB_H 1
| #define HAVE_STRING_H 1
| #define HAVE_MEMORY_H 1
| #define HAVE_STRINGS_H 1
| #define HAVE_INTTYPES_H 1
| #define HAVE_STDINT_H 1
| #define HAVE_UNISTD_H 1
| #define HAVE_DLFCN_H 1
| #define LT_OBJDIR ".libs/"
| #define HAVE_CXX11 1
| #define HAVE_ALGORITHM 1
| #define HAVE_ARRAY 1
| #define HAVE_CASSERT 1
| #define HAVE_CMATH 1
| #define HAVE_QUEUE 1
| #define HAVE_CSTDIO 1
| #define HAVE_STRING 1
| #define HAVE_SYS_STAT_H 1
| #define HAVE_SYS_TYPES_H 1
| #define HAVE_CTIME 1
| #define HAVE_TUPLE 1
| #define HAVE_UNISTD_H 1
| /* end confdefs.h.  */
| #include <unordered_map>
configure:16327: result: no
configure:16327: WARNING: unordered_map: accepted by the compiler, rejected by the preprocessor!
configure:16327: WARNING: unordered_map: proceeding with the compiler's result
configure:16327: checking for unordered_map
configure:16327: result: yes
configure:16327: checking utility usability
configure:16327: g++ -c -g -std=c++11  conftest.cpp >&5
configure:16327: $? = 0
configure:16327: result: yes
configure:16327: checking utility presence
configure:16327: g++ -E  conftest.cpp
configure:16327: $? = 0
configure:16327: result: yes
configure:16327: checking for utility
configure:16327: result: yes
configure:16327: checking vector usability
configure:16327: g++ -c -g -std=c++11  conftest.cpp >&5
configure:16327: $? = 0
configure:16327: result: yes
configure:16327: checking vector presence
configure:16327: g++ -E  conftest.cpp
configure:16327: $? = 0
configure:16327: result: yes
configure:16327: checking for vector
configure:16327: result: yes
configure:16446: checking for thrift
configure:16464: found /usr/local/bin/thrift
configure:16476: result: /usr/local/bin/thrift
configure:16487: checking for _init in -lthrift
configure:16512: g++ -o conftest -g -std=c++11   conftest.cpp -lthrift   >&5
configure:16512: $? = 0
configure:16521: result: yes
configure:16537: checking thrift/Thrift.h usability
configure:16537: g++ -c -g -std=c++11  conftest.cpp >&5
configure:16537: $? = 0
configure:16537: result: yes
configure:16537: checking thrift/Thrift.h presence
configure:16537: g++ -E  conftest.cpp
configure:16537: $? = 0
configure:16537: result: yes
configure:16537: checking for thrift/Thrift.h
configure:16537: result: yes
configure:16566: checking for pi_gen_native_json
configure:16599: result: no
configure:16614: checking for pi_gen_fe_defines
configure:16647: result: no
configure:16900: checking for /root/bf-sde-8.2.0/install/bin/p4c-tofino
configure:16930: result: /root/bf-sde-8.2.0/install/bin/p4c-tofino
configure:16974: "Found compiler /root/bf-sde-8.2.0/install/bin/p4c-tofino version 5.8.0 (7069cde)"
configure:17561: checking for pthread_create in -lpthread
configure:17586: g++ -o conftest -g -std=c++11   conftest.cpp -lpthread  -lthrift  >&5
configure:17586: $? = 0
configure:17595: result: yes
configure:17614: checking for size_t
configure:17614: g++ -c -g -std=c++11  conftest.cpp >&5
configure:17614: $? = 0
configure:17614: g++ -c -g -std=c++11  conftest.cpp >&5
conftest.cpp: In function 'int main()':
conftest.cpp:78:20: error: expected primary-expression before ')' token
 if (sizeof ((size_t)))
                    ^
configure:17614: $? = 1
configure: failed program was:
| /* confdefs.h */
| #define PACKAGE_NAME "p4-build"
| #define PACKAGE_TARNAME "p4-build"
| #define PACKAGE_VERSION "0.1"
| #define PACKAGE_STRING "p4-build 0.1"
| #define PACKAGE_BUGREPORT "antonin@barefootnetworks.com"
| #define PACKAGE_URL ""
| #define PACKAGE "p4-build"
| #define VERSION "0.1"
| #define STDC_HEADERS 1
| #define HAVE_SYS_TYPES_H 1
| #define HAVE_SYS_STAT_H 1
| #define HAVE_STDLIB_H 1
| #define HAVE_STRING_H 1
| #define HAVE_MEMORY_H 1
| #define HAVE_STRINGS_H 1
| #define HAVE_INTTYPES_H 1
| #define HAVE_STDINT_H 1
| #define HAVE_UNISTD_H 1
| #define HAVE_DLFCN_H 1
| #define LT_OBJDIR ".libs/"
| #define HAVE_CXX11 1
| #define HAVE_ALGORITHM 1
| #define HAVE_ARRAY 1
| #define HAVE_CASSERT 1
| #define HAVE_CMATH 1
| #define HAVE_QUEUE 1
| #define HAVE_CSTDIO 1
| #define HAVE_STRING 1
| #define HAVE_SYS_STAT_H 1
| #define HAVE_SYS_TYPES_H 1
| #define HAVE_CTIME 1
| #define HAVE_TUPLE 1
| #define HAVE_UNISTD_H 1
| #define HAVE_UNORDERED_MAP 1
| #define HAVE_UTILITY 1
| #define HAVE_VECTOR 1
| #define ENABLE_THRIFT /**/
| #define HAVE_LIBTHRIFT 1
| #define HAVE_LIBPTHREAD 1
| /* end confdefs.h.  */
| #include <stdio.h>
| #ifdef HAVE_SYS_TYPES_H
| # include <sys/types.h>
| #endif
| #ifdef HAVE_SYS_STAT_H
| # include <sys/stat.h>
| #endif
| #ifdef STDC_HEADERS
| # include <stdlib.h>
| # include <stddef.h>
| #else
| # ifdef HAVE_STDLIB_H
| #  include <stdlib.h>
| # endif
| #endif
| #ifdef HAVE_STRING_H
| # if !defined STDC_HEADERS && defined HAVE_MEMORY_H
| #  include <memory.h>
| # endif
| # include <string.h>
| #endif
| #ifdef HAVE_STRINGS_H
| # include <strings.h>
| #endif
| #ifdef HAVE_INTTYPES_H
| # include <inttypes.h>
| #endif
| #ifdef HAVE_STDINT_H
| # include <stdint.h>
| #endif
| #ifdef HAVE_UNISTD_H
| # include <unistd.h>
| #endif
| int
| main ()
| {
| if (sizeof ((size_t)))
| 	    return 0;
|   ;
|   return 0;
| }
configure:17614: result: yes
configure:17625: checking for uint64_t
configure:17625: g++ -c -g -std=c++11  conftest.cpp >&5
configure:17625: $? = 0
configure:17625: result: yes
configure:17646: checking for a sed that does not truncate output
configure:17710: result: /bin/sed
configure:17729: checking whether ln -s works
configure:17733: result: yes
configure:17862: checking that generated files are newer than configure
configure:17868: result: done
configure:17963: creating ./config.status

## ---------------- ##
## Cache variables. ##
## ---------------- ##

ac_cv_build=x86_64-unknown-linux-gnu
ac_cv_c_compiler_gnu=yes
ac_cv_c_uint64_t=yes
ac_cv_cxx_compiler_gnu=yes
ac_cv_env_BM_P4FLAGS_set=set
ac_cv_env_BM_P4FLAGS_value='--field-aliases /root/workspace/AHashFlow/src/switch-8.2.0/bmv2/field-aliases.bmv2'
ac_cv_env_CCC_set=
ac_cv_env_CCC_value=
ac_cv_env_CC_set=
ac_cv_env_CC_value=
ac_cv_env_CFLAGS_set=
ac_cv_env_CFLAGS_value=
ac_cv_env_CPPFLAGS_set=
ac_cv_env_CPPFLAGS_value=
ac_cv_env_CPP_set=
ac_cv_env_CPP_value=
ac_cv_env_CXXCPP_set=
ac_cv_env_CXXCPP_value=
ac_cv_env_CXXFLAGS_set=
ac_cv_env_CXXFLAGS_value=
ac_cv_env_CXX_set=
ac_cv_env_CXX_value=
ac_cv_env_LDFLAGS_set=
ac_cv_env_LDFLAGS_value=
ac_cv_env_LIBS_set=
ac_cv_env_LIBS_value=
ac_cv_env_P4C_BM_FLAGS_set=
ac_cv_env_P4C_BM_FLAGS_value=
ac_cv_env_P4C_set=
ac_cv_env_P4C_value=
ac_cv_env_P4FLAGS_set=
ac_cv_env_P4FLAGS_value=
ac_cv_env_P4JOBS_set=
ac_cv_env_P4JOBS_value=
ac_cv_env_P4PPFLAGS_set=
ac_cv_env_P4PPFLAGS_value=
ac_cv_env_P4_ARCHITECTURE_set=
ac_cv_env_P4_ARCHITECTURE_value=
ac_cv_env_P4_BUILD_ASSUME_PDFIXED_set=
ac_cv_env_P4_BUILD_ASSUME_PDFIXED_value=
ac_cv_env_P4_NAME_set=set
ac_cv_env_P4_NAME_value=switch
ac_cv_env_P4_PATH_set=set
ac_cv_env_P4_PATH_value=/root/workspace/AHashFlow/src/switch-8.2.0/p4src/switch.p4
ac_cv_env_P4_PREFIX_set=set
ac_cv_env_P4_PREFIX_value=dc
ac_cv_env_P4_VERSION_set=
ac_cv_env_P4_VERSION_value=
ac_cv_env_PDFLAGS_set=
ac_cv_env_PDFLAGS_value=
ac_cv_env_PYTHON_set=
ac_cv_env_PYTHON_value=
ac_cv_env_build_alias_set=
ac_cv_env_build_alias_value=
ac_cv_env_host_alias_set=
ac_cv_env_host_alias_value=
ac_cv_env_target_alias_set=
ac_cv_env_target_alias_value=
ac_cv_header_algorithm=yes
ac_cv_header_array=yes
ac_cv_header_cassert=yes
ac_cv_header_cmath=yes
ac_cv_header_cstdio=yes
ac_cv_header_ctime=yes
ac_cv_header_dlfcn_h=yes
ac_cv_header_inttypes_h=yes
ac_cv_header_memory_h=yes
ac_cv_header_queue=yes
ac_cv_header_stdc=yes
ac_cv_header_stdint_h=yes
ac_cv_header_stdlib_h=yes
ac_cv_header_string=yes
ac_cv_header_string_h=yes
ac_cv_header_strings_h=yes
ac_cv_header_sys_stat_h=yes
ac_cv_header_sys_types_h=yes
ac_cv_header_thrift_Thrift_h=yes
ac_cv_header_tuple=yes
ac_cv_header_unistd_h=yes
ac_cv_header_unordered_map=yes
ac_cv_header_utility=yes
ac_cv_header_vector=yes
ac_cv_host=x86_64-unknown-linux-gnu
ac_cv_lib_pthread_pthread_create=yes
ac_cv_lib_thrift__init=yes
ac_cv_objext=o
ac_cv_path_EGREP='/bin/grep -E'
ac_cv_path_FGREP='/bin/grep -F'
ac_cv_path_GREP=/bin/grep
ac_cv_path_P4C=/root/bf-sde-8.2.0/install/bin/p4c-tofino
ac_cv_path_PYTHON=/usr/bin/python
ac_cv_path_SED=/bin/sed
ac_cv_path_THRIFT=/usr/local/bin/thrift
ac_cv_path_install='/usr/bin/install -c'
ac_cv_path_mkdir=/bin/mkdir
ac_cv_prog_AWK=mawk
ac_cv_prog_CPP='gcc -std=gnu99 -E'
ac_cv_prog_CXXCPP='g++ -E'
ac_cv_prog_ac_ct_AR=ar
ac_cv_prog_ac_ct_CC=gcc
ac_cv_prog_ac_ct_CXX=g++
ac_cv_prog_ac_ct_MANIFEST_TOOL=mt
ac_cv_prog_ac_ct_OBJDUMP=objdump
ac_cv_prog_ac_ct_RANLIB=ranlib
ac_cv_prog_ac_ct_STRIP=strip
ac_cv_prog_cc_c89=
ac_cv_prog_cc_c99=-std=gnu99
ac_cv_prog_cc_g=yes
ac_cv_prog_cc_stdc=-std=gnu99
ac_cv_prog_cxx_g=yes
ac_cv_prog_make_make_set=yes
ac_cv_type_size_t=yes
am_cv_CC_dependencies_compiler_type=gcc3
am_cv_CXX_dependencies_compiler_type=gcc3
am_cv_make_support_nested_variables=yes
am_cv_pathless_PYTHON=python
am_cv_prog_cc_c_o=yes
am_cv_python_platform=linux2
am_cv_python_pyexecdir='${exec_prefix}/lib/python2.7/site-packages'
am_cv_python_pythondir='${prefix}/lib/python2.7/site-packages'
am_cv_python_version=2.7
ax_cv_cxx_compile_cxx11=no
ax_cv_cxx_compile_cxx11__std_cpp11=yes
lt_cv_ar_at_file=@
lt_cv_archive_cmds_need_lc=no
lt_cv_deplibs_check_method=pass_all
lt_cv_file_magic_cmd='$MAGIC_CMD'
lt_cv_file_magic_test_file=
lt_cv_ld_reload_flag=-r
lt_cv_nm_interface='BSD nm'
lt_cv_objdir=.libs
lt_cv_path_LD=/usr/bin/ld
lt_cv_path_LDCXX='/usr/bin/ld -m elf_x86_64'
lt_cv_path_NM='/usr/bin/nm -B'
lt_cv_path_mainfest_tool=no
lt_cv_prog_compiler_c_o=yes
lt_cv_prog_compiler_c_o_CXX=yes
lt_cv_prog_compiler_pic='-fPIC -DPIC'
lt_cv_prog_compiler_pic_CXX='-fPIC -DPIC'
lt_cv_prog_compiler_pic_works=yes
lt_cv_prog_compiler_pic_works_CXX=yes
lt_cv_prog_compiler_rtti_exceptions=no
lt_cv_prog_compiler_static_works=yes
lt_cv_prog_compiler_static_works_CXX=yes
lt_cv_prog_gnu_ld=yes
lt_cv_prog_gnu_ldcxx=yes
lt_cv_sharedlib_from_linklib_cmd='printf %s\n'
lt_cv_shlibpath_overrides_runpath=no
lt_cv_sys_global_symbol_pipe='sed -n -e '\''s/^.*[	 ]\([ABCDGIRSTW][ABCDGIRSTW]*\)[	 ][	 ]*\([_A-Za-z][_A-Za-z0-9]*\)$/\1 \2 \2/p'\'' | sed '\''/ __gnu_lto/d'\'''
lt_cv_sys_global_symbol_to_c_name_address='sed -n -e '\''s/^: \([^ ]*\)[ ]*$/  {\"\1\", (void *) 0},/p'\'' -e '\''s/^[ABCDGIRSTW]* \([^ ]*\) \([^ ]*\)$/  {"\2", (void *) \&\2},/p'\'''
lt_cv_sys_global_symbol_to_c_name_address_lib_prefix='sed -n -e '\''s/^: \([^ ]*\)[ ]*$/  {\"\1\", (void *) 0},/p'\'' -e '\''s/^[ABCDGIRSTW]* \([^ ]*\) \(lib[^ ]*\)$/  {"\2", (void *) \&\2},/p'\'' -e '\''s/^[ABCDGIRSTW]* \([^ ]*\) \([^ ]*\)$/  {"lib\2", (void *) \&\2},/p'\'''
lt_cv_sys_global_symbol_to_cdecl='sed -n -e '\''s/^T .* \(.*\)$/extern int \1();/p'\'' -e '\''s/^[ABCDGIRSTW]* .* \(.*\)$/extern char \1;/p'\'''
lt_cv_sys_max_cmd_len=1572864
lt_cv_to_host_file_cmd=func_convert_file_noop
lt_cv_to_tool_file_cmd=func_convert_file_noop

## ----------------- ##
## Output variables. ##
## ----------------- ##

ACLOCAL='${SHELL} /root/workspace/AHashFlow/src/switch-8.2.0/p4-build/missing aclocal-1.14'
AMDEPBACKSLASH='\'
AMDEP_FALSE='#'
AMDEP_TRUE=''
AMTAR='$${TAR-tar}'
AM_BACKSLASH='\'
AM_DEFAULT_V='$(AM_DEFAULT_VERBOSITY)'
AM_DEFAULT_VERBOSITY='1'
AM_LDFLAGS='-L/root/bf-sde-8.2.0/install/lib'
AM_V='$(V)'
AR='ar'
AUTOCONF='${SHELL} /root/workspace/AHashFlow/src/switch-8.2.0/p4-build/missing autoconf'
AUTOHEADER='${SHELL} /root/workspace/AHashFlow/src/switch-8.2.0/p4-build/missing autoheader'
AUTOMAKE='${SHELL} /root/workspace/AHashFlow/src/switch-8.2.0/p4-build/missing automake-1.14'
AWK='mawk'
BMV2TOFINO_HEADER_INCLUDE=''
BMV2_OFTEST_ENV_FALSE=''
BMV2_OFTEST_ENV_TRUE='#'
BMV2_PDTEST_ENV_FALSE=''
BMV2_PDTEST_ENV_TRUE='#'
BM_P4FLAGS='--field-aliases /root/workspace/AHashFlow/src/switch-8.2.0/bmv2/field-aliases.bmv2'
BM_THRIFT_INCLUDE=''
CC='gcc -std=gnu99'
CCDEPMODE='depmode=gcc3'
CFLAGS='-g -O2'
COND_PLUGIN_OPENFLOW_FALSE=''
COND_PLUGIN_OPENFLOW_TRUE='#'
CPP='gcc -std=gnu99 -E'
CPPFLAGS=''
CXX='g++'
CXXCPP='g++ -E'
CXXDEPMODE='depmode=gcc3'
CXXFLAGS='-g -std=c++11'
CYGPATH_W='echo'
DEFS='-DHAVE_CONFIG_H'
DEPDIR='.deps'
DLLTOOL='false'
DSYMUTIL=''
DUMPBIN=''
ECHO_C=''
ECHO_N='-n'
ECHO_T=''
EGREP='/bin/grep -E'
EXEEXT=''
FGREP='/bin/grep -F'
FULL_INC_DIR='${prefix}/include'
GREP='/bin/grep'
HAVE_CXX11='1'
INSTALL_DATA='${INSTALL} -m 644'
INSTALL_PROGRAM='${INSTALL}'
INSTALL_SCRIPT='${INSTALL}'
INSTALL_STRIP_PROGRAM='$(install_sh) -c -s'
IS_ASAN_ENABLED_FALSE=''
IS_ASAN_ENABLED_TRUE='#'
IS_BF_RUNTIME_ENABLED_FALSE=''
IS_BF_RUNTIME_ENABLED_TRUE='#'
IS_PD_ENABLED_FALSE='#'
IS_PD_ENABLED_TRUE=''
IS_THRIFT_ENABLED_FALSE='#'
IS_THRIFT_ENABLED_TRUE=''
LD='/usr/bin/ld -m elf_x86_64'
LDFLAGS=''
LIBOBJS=''
LIBS='-lpthread -lthrift '
LIBTOOL='$(SHELL) $(top_builddir)/libtool'
LIPO=''
LN_S='ln -s'
LTLIBOBJS=''
MAKEINFO='${SHELL} /root/workspace/AHashFlow/src/switch-8.2.0/p4-build/missing makeinfo'
MANIFEST_TOOL=':'
MKDIR_P='/bin/mkdir -p'
MY_PYTHONPATH='/root/bf-sde-8.2.0/install/lib/python2.7/site-packages'
NM='/usr/bin/nm -B'
NMEDIT=''
OBJDUMP='objdump'
OBJEXT='o'
OTOOL64=''
OTOOL=''
P4C='/root/bf-sde-8.2.0/install/bin/p4c-tofino'
P4C_BM=''
P4C_BM_FLAGS=''
P4C_VERSION='5.8.0 (7069cde)'
P4C_VERSION_MAJOR='5'
P4FLAGS=''
P4JOBS='4'
P4PPFLAGS=''
P4_ARCHITECTURE='v1model'
P4_BUILD_ASSUME_PDFIXED=''
P4_NAME='switch'
P4_PATH='/root/workspace/AHashFlow/src/switch-8.2.0/p4src/switch.p4'
P4_PREFIX='dc'
P4_VERSION='p4-14'
PACKAGE='p4-build'
PACKAGE_BUGREPORT='antonin@barefootnetworks.com'
PACKAGE_NAME='p4-build'
PACKAGE_STRING='p4-build 0.1'
PACKAGE_TARNAME='p4-build'
PACKAGE_URL=''
PACKAGE_VERSION='0.1'
PATH_SEPARATOR=':'
PDCLI=''
PDFLAGS=''
PDGEN=''
PI_GEN_DEFS=''
PI_GEN_DEFS_EXISTS_FALSE=''
PI_GEN_DEFS_EXISTS_TRUE='#'
PI_GEN_NATIVE_JSON=''
PI_GEN_NATIVE_JSON_EXISTS_FALSE=''
PI_GEN_NATIVE_JSON_EXISTS_TRUE='#'
PI_GEN_PD=''
PYTHON='/usr/bin/python'
PYTHON_EXEC_PREFIX='${exec_prefix}'
PYTHON_PLATFORM='linux2'
PYTHON_PREFIX='${prefix}'
PYTHON_VERSION='2.7'
RANLIB='ranlib'
SED='/bin/sed'
SET_MAKE=''
SHELL='/bin/bash'
STRIP='strip'
THRIFT='/usr/local/bin/thrift'
THRIFT_LIB='-lthrift'
TOFINO_LINK_PROFILER_FALSE=''
TOFINO_LINK_PROFILER_TRUE='#'
VERSION='0.1'
WITH_BMV2TOFINO_FALSE=''
WITH_BMV2TOFINO_TRUE='#'
WITH_BMV2_FALSE=''
WITH_BMV2_TRUE='#'
WITH_P4C_ALPHA_FALSE=''
WITH_P4C_ALPHA_TRUE='#'
WITH_P4C_DEFAULT_FALSE='#'
WITH_P4C_DEFAULT_TRUE=''
WITH_P4C_LEGACY_FALSE='#'
WITH_P4C_LEGACY_TRUE=''
WITH_PI_FALSE=''
WITH_PI_TRUE='#'
WITH_TOFINO_FALSE=''
WITH_TOFINO_TRUE='#'
ac_ct_AR='ar'
ac_ct_CC='gcc'
ac_ct_CXX='g++'
ac_ct_DUMPBIN=''
am__EXEEXT_FALSE=''
am__EXEEXT_TRUE='#'
am__fastdepCC_FALSE='#'
am__fastdepCC_TRUE=''
am__fastdepCXX_FALSE='#'
am__fastdepCXX_TRUE=''
am__include='include'
am__isrc=''
am__leading_dot='.'
am__nodep='_no'
am__quote=''
am__tar='$${TAR-tar} chof - "$$tardir"'
am__untar='$${TAR-tar} xf -'
bindir='${exec_prefix}/bin'
build='x86_64-unknown-linux-gnu'
build_alias=''
build_cpu='x86_64'
build_os='linux-gnu'
build_vendor='unknown'
datadir='${datarootdir}'
datarootdir='${prefix}/share'
docdir='${datarootdir}/doc/${PACKAGE_TARNAME}'
dvidir='${docdir}'
exec_prefix='${prefix}'
host='x86_64-unknown-linux-gnu'
host_alias=''
host_cpu='x86_64'
host_os='linux-gnu'
host_vendor='unknown'
htmldir='${docdir}'
includedir='${prefix}/include'
infodir='${datarootdir}/info'
install_sh='${SHELL} /root/workspace/AHashFlow/src/switch-8.2.0/p4-build/install-sh'
libdir='${exec_prefix}/lib'
libexecdir='${exec_prefix}/libexec'
localedir='${datarootdir}/locale'
localstatedir='${prefix}/var'
mandir='${datarootdir}/man'
mkdir_p='$(MKDIR_P)'
oldincludedir='/usr/include'
pdfdir='${docdir}'
pkgpyexecdir='${pyexecdir}/p4-build'
pkgpythondir='${pythondir}/p4-build'
prefix='/root/bf-sde-8.2.0/install'
program_transform_name='s,x,x,'
psdir='${docdir}'
pyexecdir='${exec_prefix}/lib/python2.7/site-packages'
pythondir='${prefix}/lib/python2.7/site-packages'
sbindir='${exec_prefix}/sbin'
sharedstatedir='${prefix}/com'
sysconfdir='${prefix}/etc'
target_alias=''

## ----------- ##
## confdefs.h. ##
## ----------- ##

/* confdefs.h */
#define PACKAGE_NAME "p4-build"
#define PACKAGE_TARNAME "p4-build"
#define PACKAGE_VERSION "0.1"
#define PACKAGE_STRING "p4-build 0.1"
#define PACKAGE_BUGREPORT "antonin@barefootnetworks.com"
#define PACKAGE_URL ""
#define PACKAGE "p4-build"
#define VERSION "0.1"
#define STDC_HEADERS 1
#define HAVE_SYS_TYPES_H 1
#define HAVE_SYS_STAT_H 1
#define HAVE_STDLIB_H 1
#define HAVE_STRING_H 1
#define HAVE_MEMORY_H 1
#define HAVE_STRINGS_H 1
#define HAVE_INTTYPES_H 1
#define HAVE_STDINT_H 1
#define HAVE_UNISTD_H 1
#define HAVE_DLFCN_H 1
#define LT_OBJDIR ".libs/"
#define HAVE_CXX11 1
#define HAVE_ALGORITHM 1
#define HAVE_ARRAY 1
#define HAVE_CASSERT 1
#define HAVE_CMATH 1
#define HAVE_QUEUE 1
#define HAVE_CSTDIO 1
#define HAVE_STRING 1
#define HAVE_SYS_STAT_H 1
#define HAVE_SYS_TYPES_H 1
#define HAVE_CTIME 1
#define HAVE_TUPLE 1
#define HAVE_UNISTD_H 1
#define HAVE_UNORDERED_MAP 1
#define HAVE_UTILITY 1
#define HAVE_VECTOR 1
#define ENABLE_THRIFT /**/
#define HAVE_LIBTHRIFT 1
#define HAVE_LIBPTHREAD 1

configure: exit 0

## ---------------------- ##
## Running config.status. ##
## ---------------------- ##

This file was extended by p4-build config.status 0.1, which was
generated by GNU Autoconf 2.69.  Invocation command line was

  CONFIG_FILES    = 
  CONFIG_HEADERS  = 
  CONFIG_LINKS    = 
  CONFIG_COMMANDS = 
  $ ./config.status 

on localhost

config.status:1243: creating Makefile
config.status:1243: creating bmv2/Makefile
config.status:1243: creating bmv2/tests/Makefile
config.status:1243: creating bmv2/tests/pdtest/Makefile
config.status:1243: creating bmv2/tests/openflow/Makefile
config.status:1243: creating bmv2-tofino/Makefile
config.status:1243: creating tofino/Makefile
config.status:1243: creating pi/Makefile
config.status:1243: creating tools/produce_deps.py
config.status:1243: creating tools/produce_deps_tofino.sh
config.status:1243: creating config.h
config.status:1424: config.h is unchanged
config.status:1472: executing depfiles commands
config.status:1472: executing libtool commands

## ---------------------- ##
## Running config.status. ##
## ---------------------- ##

This file was extended by p4-build config.status 0.1, which was
generated by GNU Autoconf 2.69.  Invocation command line was

  CONFIG_FILES    = 
  CONFIG_HEADERS  = 
  CONFIG_LINKS    = 
  CONFIG_COMMANDS = 
  $ ./config.status config.h

on localhost

config.status:1243: creating config.h
config.status:1424: config.h is unchanged
