+---------------------------------------------------------------------+
|  Log file: mau.power.log                                            |
|  Compiler version: 5.8.0 (7069cde)                                  |
|  Created on: Sun Nov 17 06:21:48 2019                               |
|  Run ID: 5264f50f8fd548e5                                           |
+---------------------------------------------------------------------+

+---------------------------------------------------------------+
|      Worst-case ingress table flow control path
+---------------------------------------------------------------+

----------------------------------------------------------------------------
| Stage |          Table Name          | Always Run | Weight | Percentage |
----------------------------------------------------------------------------
|   0   |   ingress_port_properties    |     No     |  12.7  |    1.1%    |
|   0   |     switch_config_params     |     No     |  6.3   |    0.5%    |
|   0   |   validate_outer_ethernet    |     No     |  26.0  |    2.2%    |
|   0   |  validate_outer_ipv4_packet  |     No     |  19.4  |    1.6%    |
|   0   |     validate_mpls_packet     |     No     |  6.3   |    0.5%    |
|   0   |     cpu_packet_transform     |     No     |  31.6  |    2.7%    |
|   0   | port_vlan_to_ifindex_mapping |     No     |  19.0  |    1.6%    |
|   1   |        spanning_tree         |     No     |  19.0  |    1.6%    |
|   1   |    fabric_ingress_dst_lkp    |     No     |  12.9  |    1.1%    |
|   1   |          outer_rmac          |     No     |  19.4  |    1.6%    |
|   1   |        ipv6_src_vtep         |     No     |  38.0  |    3.2%    |
|   1   |        ipv6_dest_vtep        |     No     |  44.3  |    3.7%    |
|   2   |         tunnel_check         |     No     |  12.9  |    1.1%    |
|   2   |            tunnel            |     No     |  31.6  |    2.7%    |
|   2   |      tunnel_lookup_miss      |     No     |  6.3   |    0.5%    |
|   2   |        storm_control         |     No     |  40.1  |    3.4%    |
|   3   |       validate_packet        |     No     |  32.6  |    2.7%    |
|   3   |     ingress_l4_src_port      |     No     |  26.0  |    2.2%    |
|   3   |     ingress_l4_dst_port      |     No     |  26.0  |    2.2%    |
|   3   |             smac             |     No     |  21.8  |    1.8%    |
|   3   |             dmac             |     No     |  25.3  |    2.1%    |
|   4   |           ipv6_acl           |     No     |  65.1  |    5.5%    |
|   4   |    ipv6_multicast_bridge     |     No     |  63.3  |    5.3%    |
|   4   | ipv6_multicast_bridge_star_g |     No     |  44.3  |    3.7%    |
|   5   |     ipv6_multicast_route     |     No     |  86.5  |    7.3%    |
|   5   | ipv6_multicast_route_star_g  |     No     |  67.6  |    5.7%    |
|   7   |     compute_ipv4_hashes      |     No     |  6.3   |    0.5%    |
|   8   |     compute_other_hashes     |     No     |  6.6   |    0.6%    |
|   8   |       ingress_bd_stats       |     No     |  24.4  |    2.1%    |
|   8   |          acl_stats           |     No     |  24.4  |    2.1%    |
|   8   |     storm_control_stats      |     No     |  41.4  |    3.5%    |
|   8   |          racl_stats          |     No     |  24.4  |    2.1%    |
|   9   |          fwd_result          |     No     |  25.8  |    2.2%    |
|   10  |          ecmp_group          |     No     |  47.3  |    4.0%    |
|   11  |          lag_group           |     No     |  34.6  |    2.9%    |
|   11  |         learn_notify         |     No     |  12.9  |    1.1%    |
|   11  |          system_acl          |     No     | 110.2  |    9.3%    |
|   11  |          drop_stats          |     No     |  22.0  |    1.9%    |
|       |                              |            |        |            |
| Total |              -               |     -      | 1184.7 |   100.0%   |
----------------------------------------------------------------------------


Worst case power: 18.04 W

+---------------------------------------------------------------+
|      Worst-case egress table flow control path
+---------------------------------------------------------------+

----------------------------------------------------------------------------
| Stage |          Table Name          | Always Run | Weight | Percentage |
----------------------------------------------------------------------------
|   0   | __egress_pkt_length_update__ |     No     |  6.3   |    1.3%    |
|   1   |             rid              |     No     |  25.3  |    5.3%    |
|   1   |            mirror            |     No     |  44.3  |    9.3%    |
|   1   |     mcast_egress_ifindex     |     No     |  19.0  |    4.0%    |
|   2   |         replica_type         |     No     |  12.9  |    2.7%    |
|   2   |     egress_port_mapping      |     No     |  12.7  |    2.7%    |
|   2   |          vlan_decap          |     No     |  6.3   |    1.3%    |
|   3   |  tunnel_decap_process_outer  |     No     |  12.7  |    2.7%    |
|   3   |  tunnel_decap_process_inner  |     No     |  6.3   |    1.3%    |
|   3   |           rewrite            |     No     |  25.3  |    5.3%    |
|   4   |        egress_bd_map         |     No     |  19.0  |    4.0%    |
|   4   |          l3_rewrite          |     No     |  12.9  |    2.7%    |
|   5   |         smac_rewrite         |     No     |  12.7  |    2.7%    |
|   6   |       egress_bd_stats        |     No     |  44.7  |    9.4%    |
|   6   |          egress_vni          |     No     |  25.3  |    5.3%    |
|   6   |  tunnel_encap_process_inner  |     No     |  12.7  |    2.7%    |
|   7   |  tunnel_encap_process_outer  |     No     |  19.2  |    4.0%    |
|   7   |     egress_outer_bd_map      |     No     |  19.0  |    4.0%    |
|   7   |     tunnel_dmac_rewrite      |     No     |  25.3  |    5.3%    |
|   8   |        tunnel_rewrite        |     No     |  25.3  |    5.3%    |
|   8   |      tunnel_dst_rewrite      |     No     |  25.3  |    5.3%    |
|   8   |     tunnel_smac_rewrite      |     No     |  12.7  |    2.7%    |
|   8   |             mtu              |     No     |  12.9  |    2.7%    |
|   8   |      egress_vlan_xlate       |     No     |  19.0  |    4.0%    |
|   8   |        capture_tstamp        |     No     |  0.0   |    0.0%    |
|   9   |      egress_system_acl       |     No     |  19.4  |    4.1%    |
|       |                              |            |        |            |
| Total |              -               |     -      | 476.3  |   100.0%   |
----------------------------------------------------------------------------


Worst case power: 7.25 W


Total worst case power: 25.29 W


# Created on Sun Nov 17 06:39:31 2019

