This file contains any messages produced by compilers while
running configure, to aid debugging if configure makes a mistake.

It was created by switch configure 0.1, which was
generated by GNU Autoconf 2.69.  Invocation command line was

  $ ./configure --prefix=/root/bf-sde-8.2.0/install --with-tofino

## --------- ##
## Platform. ##
## --------- ##

hostname = localhost
uname -m = x86_64
uname -r = 3.16.39-OpenNetworkLinux
uname -s = Linux
uname -v = #1 SMP Wed Aug 2 06:19:08 UTC 2017

/usr/bin/uname -p = unknown
/bin/uname -X     = unknown

/bin/arch              = unknown
/usr/bin/arch -k       = unknown
/usr/convex/getsysinfo = unknown
/usr/bin/hostinfo      = unknown
/bin/machine           = unknown
/usr/bin/oslevel       = unknown
/bin/universe          = unknown

PATH: /root/bf-sde-8.2.0/install/bin
PATH: /root/bf-sde-8.2.0/install/bin
PATH: /usr/local/sbin
PATH: /usr/local/bin
PATH: /usr/sbin
PATH: /usr/bin
PATH: /sbin
PATH: /bin
PATH: /lib/platform-config/current/onl/bin
PATH: /lib/platform-config/current/onl/sbin
PATH: /lib/platform-config/current/onl/lib/bin
PATH: /lib/platform-config/current/onl/lib/sbin


## ----------- ##
## Core tests. ##
## ----------- ##

configure:3015: checking for a Python interpreter with version >= 2.7
configure:3032: python -c import sys # split strings by '.' and convert to numeric. Append some zeros # because we need at least 4 digits for the hex conversion. # map returns an iterator in Python 3.0 and a list in 2.x minver = list(map(int, '2.7'.split('.'))) + [0, 0, 0] minverhex = 0 # xrange is not present in Python 3.0 and range returns an iterator for i in list(range(0, 4)): minverhex = (minverhex << 8) + minver[i] sys.exit(sys.hexversion < minverhex)
configure:3035: $? = 0
configure:3041: result: python
configure:3049: checking for python
configure:3067: found /usr/bin/python
configure:3079: result: /usr/bin/python
configure:3097: checking for python version
configure:3104: result: 2.7
configure:3116: checking for python platform
configure:3123: result: linux2
configure:3149: checking for python script directory
configure:3184: result: ${prefix}/lib/python2.7/site-packages
configure:3193: checking for python extension module directory
configure:3228: result: ${exec_prefix}/lib/python2.7/site-packages
configure:3288: checking for a BSD-compatible install
configure:3356: result: /usr/bin/install -c
configure:3367: checking whether build environment is sane
configure:3422: result: yes
configure:3573: checking for a thread-safe mkdir -p
configure:3612: result: /bin/mkdir -p
configure:3619: checking for gawk
configure:3649: result: no
configure:3619: checking for mawk
configure:3635: found /usr/bin/mawk
configure:3646: result: mawk
configure:3657: checking whether make sets $(MAKE)
configure:3679: result: yes
configure:3708: checking whether make supports nested variables
configure:3725: result: yes
configure:3861: checking whether make supports nested variables
configure:3878: result: yes
configure:3990: checking for p4c-tofino
configure:4008: found /root/bf-sde-8.2.0/install/bin/p4c-tofino
configure:4020: result: /root/bf-sde-8.2.0/install/bin/p4c-tofino
configure:4064: "Found compiler /root/bf-sde-8.2.0/install/bin/p4c-tofino version 5.8.0 (7069cde)"
configure:4146: checking for style of include used by make
configure:4174: result: GNU
configure:4245: checking for gcc
configure:4261: found /usr/bin/gcc
configure:4272: result: gcc
configure:4501: checking for C compiler version
configure:4510: gcc --version >&5
gcc (Debian 4.9.2-10+deb8u1) 4.9.2
Copyright (C) 2014 Free Software Foundation, Inc.
This is free software; see the source for copying conditions.  There is NO
warranty; not even for MERCHANTABILITY or FITNESS FOR A PARTICULAR PURPOSE.

configure:4521: $? = 0
configure:4510: gcc -v >&5
Using built-in specs.
COLLECT_GCC=gcc
COLLECT_LTO_WRAPPER=/usr/lib/gcc/x86_64-linux-gnu/4.9/lto-wrapper
Target: x86_64-linux-gnu
Configured with: ../src/configure -v --with-pkgversion='Debian 4.9.2-10+deb8u1' --with-bugurl=file:///usr/share/doc/gcc-4.9/README.Bugs --enable-languages=c,c++,java,go,d,fortran,objc,obj-c++ --prefix=/usr --program-suffix=-4.9 --enable-shared --enable-linker-build-id --libexecdir=/usr/lib --without-included-gettext --enable-threads=posix --with-gxx-include-dir=/usr/include/c++/4.9 --libdir=/usr/lib --enable-nls --with-sysroot=/ --enable-clocale=gnu --enable-libstdcxx-debug --enable-libstdcxx-time=yes --enable-gnu-unique-object --disable-vtable-verify --enable-plugin --with-system-zlib --disable-browser-plugin --enable-java-awt=gtk --enable-gtk-cairo --with-java-home=/usr/lib/jvm/java-1.5.0-gcj-4.9-amd64/jre --enable-java-home --with-jvm-root-dir=/usr/lib/jvm/java-1.5.0-gcj-4.9-amd64 --with-jvm-jar-dir=/usr/lib/jvm-exports/java-1.5.0-gcj-4.9-amd64 --with-arch-directory=amd64 --with-ecj-jar=/usr/share/java/eclipse-ecj.jar --enable-objc-gc --enable-multiarch --with-arch-32=i586 --with-abi=m64 --with-multilib-list=m32,m64,mx32 --enable-multilib --with-tune=generic --enable-checking=release --build=x86_64-linux-gnu --host=x86_64-linux-gnu --target=x86_64-linux-gnu
Thread model: posix
gcc version 4.9.2 (Debian 4.9.2-10+deb8u1) 
configure:4521: $? = 0
configure:4510: gcc -V >&5
gcc: error: unrecognized command line option '-V'
gcc: fatal error: no input files
compilation terminated.
configure:4521: $? = 4
configure:4510: gcc -qversion >&5
gcc: error: unrecognized command line option '-qversion'
gcc: fatal error: no input files
compilation terminated.
configure:4521: $? = 4
configure:4541: checking whether the C compiler works
configure:4563: gcc    conftest.c  >&5
configure:4567: $? = 0
configure:4615: result: yes
configure:4618: checking for C compiler default output file name
configure:4620: result: a.out
configure:4626: checking for suffix of executables
configure:4633: gcc -o conftest    conftest.c  >&5
configure:4637: $? = 0
configure:4659: result: 
configure:4681: checking whether we are cross compiling
configure:4689: gcc -o conftest    conftest.c  >&5
configure:4693: $? = 0
configure:4700: ./conftest
configure:4704: $? = 0
configure:4719: result: no
configure:4724: checking for suffix of object files
configure:4746: gcc -c   conftest.c >&5
configure:4750: $? = 0
configure:4771: result: o
configure:4775: checking whether we are using the GNU C compiler
configure:4794: gcc -c   conftest.c >&5
configure:4794: $? = 0
configure:4803: result: yes
configure:4812: checking whether gcc accepts -g
configure:4832: gcc -c -g  conftest.c >&5
configure:4832: $? = 0
configure:4873: result: yes
configure:4890: checking for gcc option to accept ISO C89
configure:4953: gcc  -c -g -O2  conftest.c >&5
configure:4953: $? = 0
configure:4966: result: none needed
configure:4991: checking whether gcc understands -c and -o together
configure:5013: gcc -c conftest.c -o conftest2.o
configure:5016: $? = 0
configure:5013: gcc -c conftest.c -o conftest2.o
configure:5016: $? = 0
configure:5028: result: yes
configure:5047: checking dependency style of gcc
configure:5158: result: gcc3
configure:5179: checking how to run the C preprocessor
configure:5210: gcc -E  conftest.c
configure:5210: $? = 0
configure:5224: gcc -E  conftest.c
conftest.c:11:28: fatal error: ac_nonexistent.h: No such file or directory
 #include <ac_nonexistent.h>
                            ^
compilation terminated.
configure:5224: $? = 1
configure: failed program was:
| /* confdefs.h */
| #define PACKAGE_NAME "switch"
| #define PACKAGE_TARNAME "switch"
| #define PACKAGE_VERSION "0.1"
| #define PACKAGE_STRING "switch 0.1"
| #define PACKAGE_BUGREPORT ""
| #define PACKAGE_URL ""
| #define PACKAGE "switch"
| #define VERSION "0.1"
| /* end confdefs.h.  */
| #include <ac_nonexistent.h>
configure:5249: result: gcc -E
configure:5269: gcc -E  conftest.c
configure:5269: $? = 0
configure:5283: gcc -E  conftest.c
conftest.c:11:28: fatal error: ac_nonexistent.h: No such file or directory
 #include <ac_nonexistent.h>
                            ^
compilation terminated.
configure:5283: $? = 1
configure: failed program was:
| /* confdefs.h */
| #define PACKAGE_NAME "switch"
| #define PACKAGE_TARNAME "switch"
| #define PACKAGE_VERSION "0.1"
| #define PACKAGE_STRING "switch 0.1"
| #define PACKAGE_BUGREPORT ""
| #define PACKAGE_URL ""
| #define PACKAGE "switch"
| #define VERSION "0.1"
| /* end confdefs.h.  */
| #include <ac_nonexistent.h>
configure:5312: checking for grep that handles long lines and -e
configure:5370: result: /bin/grep
configure:5375: checking for egrep
configure:5437: result: /bin/grep -E
configure:5442: checking for ANSI C header files
configure:5462: gcc -c -g -O2  conftest.c >&5
configure:5462: $? = 0
configure:5535: gcc -o conftest -g -O2   conftest.c  >&5
configure:5535: $? = 0
configure:5535: ./conftest
configure:5535: $? = 0
configure:5546: result: yes
configure:5559: checking for sys/types.h
configure:5559: gcc -c -g -O2  conftest.c >&5
configure:5559: $? = 0
configure:5559: result: yes
configure:5559: checking for sys/stat.h
configure:5559: gcc -c -g -O2  conftest.c >&5
configure:5559: $? = 0
configure:5559: result: yes
configure:5559: checking for stdlib.h
configure:5559: gcc -c -g -O2  conftest.c >&5
configure:5559: $? = 0
configure:5559: result: yes
configure:5559: checking for string.h
configure:5559: gcc -c -g -O2  conftest.c >&5
configure:5559: $? = 0
configure:5559: result: yes
configure:5559: checking for memory.h
configure:5559: gcc -c -g -O2  conftest.c >&5
configure:5559: $? = 0
configure:5559: result: yes
configure:5559: checking for strings.h
configure:5559: gcc -c -g -O2  conftest.c >&5
configure:5559: $? = 0
configure:5559: result: yes
configure:5559: checking for inttypes.h
configure:5559: gcc -c -g -O2  conftest.c >&5
configure:5559: $? = 0
configure:5559: result: yes
configure:5559: checking for stdint.h
configure:5559: gcc -c -g -O2  conftest.c >&5
configure:5559: $? = 0
configure:5559: result: yes
configure:5559: checking for unistd.h
configure:5559: gcc -c -g -O2  conftest.c >&5
configure:5559: $? = 0
configure:5559: result: yes
configure:5628: checking for gcc option to accept ISO C99
configure:5777: gcc  -c -g -O2  conftest.c >&5
conftest.c:71:29: error: expected ';', ',' or ')' before 'text'
 test_restrict (ccp restrict text)
                             ^
conftest.c: In function 'main':
conftest.c:125:18: error: expected '=', ',', ';', 'asm' or '__attribute__' before 'newvar'
   char *restrict newvar = "Another string";
                  ^
conftest.c:125:18: error: 'newvar' undeclared (first use in this function)
conftest.c:125:18: note: each undeclared identifier is reported only once for each function it appears in
conftest.c:135:3: error: 'for' loop initial declarations are only allowed in C99 or C11 mode
   for (int i = 0; i < ia->datasize; ++i)
   ^
conftest.c:135:3: note: use option -std=c99, -std=gnu99, -std=c11 or -std=gnu11 to compile your code
configure:5777: $? = 1
configure: failed program was:
| /* confdefs.h */
| #define PACKAGE_NAME "switch"
| #define PACKAGE_TARNAME "switch"
| #define PACKAGE_VERSION "0.1"
| #define PACKAGE_STRING "switch 0.1"
| #define PACKAGE_BUGREPORT ""
| #define PACKAGE_URL ""
| #define PACKAGE "switch"
| #define VERSION "0.1"
| #define STDC_HEADERS 1
| #define HAVE_SYS_TYPES_H 1
| #define HAVE_SYS_STAT_H 1
| #define HAVE_STDLIB_H 1
| #define HAVE_STRING_H 1
| #define HAVE_MEMORY_H 1
| #define HAVE_STRINGS_H 1
| #define HAVE_INTTYPES_H 1
| #define HAVE_STDINT_H 1
| #define HAVE_UNISTD_H 1
| /* end confdefs.h.  */
| #include <stdarg.h>
| #include <stdbool.h>
| #include <stdlib.h>
| #include <wchar.h>
| #include <stdio.h>
| 
| // Check varargs macros.  These examples are taken from C99 6.10.3.5.
| #define debug(...) fprintf (stderr, __VA_ARGS__)
| #define showlist(...) puts (#__VA_ARGS__)
| #define report(test,...) ((test) ? puts (#test) : printf (__VA_ARGS__))
| static void
| test_varargs_macros (void)
| {
|   int x = 1234;
|   int y = 5678;
|   debug ("Flag");
|   debug ("X = %d\n", x);
|   showlist (The first, second, and third items.);
|   report (x>y, "x is %d but y is %d", x, y);
| }
| 
| // Check long long types.
| #define BIG64 18446744073709551615ull
| #define BIG32 4294967295ul
| #define BIG_OK (BIG64 / BIG32 == 4294967297ull && BIG64 % BIG32 == 0)
| #if !BIG_OK
|   your preprocessor is broken;
| #endif
| #if BIG_OK
| #else
|   your preprocessor is broken;
| #endif
| static long long int bignum = -9223372036854775807LL;
| static unsigned long long int ubignum = BIG64;
| 
| struct incomplete_array
| {
|   int datasize;
|   double data[];
| };
| 
| struct named_init {
|   int number;
|   const wchar_t *name;
|   double average;
| };
| 
| typedef const char *ccp;
| 
| static inline int
| test_restrict (ccp restrict text)
| {
|   // See if C++-style comments work.
|   // Iterate through items via the restricted pointer.
|   // Also check for declarations in for loops.
|   for (unsigned int i = 0; *(text+i) != '\0'; ++i)
|     continue;
|   return 0;
| }
| 
| // Check varargs and va_copy.
| static void
| test_varargs (const char *format, ...)
| {
|   va_list args;
|   va_start (args, format);
|   va_list args_copy;
|   va_copy (args_copy, args);
| 
|   const char *str;
|   int number;
|   float fnumber;
| 
|   while (*format)
|     {
|       switch (*format++)
| 	{
| 	case 's': // string
| 	  str = va_arg (args_copy, const char *);
| 	  break;
| 	case 'd': // int
| 	  number = va_arg (args_copy, int);
| 	  break;
| 	case 'f': // float
| 	  fnumber = va_arg (args_copy, double);
| 	  break;
| 	default:
| 	  break;
| 	}
|     }
|   va_end (args_copy);
|   va_end (args);
| }
| 
| int
| main ()
| {
| 
|   // Check bool.
|   _Bool success = false;
| 
|   // Check restrict.
|   if (test_restrict ("String literal") == 0)
|     success = true;
|   char *restrict newvar = "Another string";
| 
|   // Check varargs.
|   test_varargs ("s, d' f .", "string", 65, 34.234);
|   test_varargs_macros ();
| 
|   // Check flexible array members.
|   struct incomplete_array *ia =
|     malloc (sizeof (struct incomplete_array) + (sizeof (double) * 10));
|   ia->datasize = 10;
|   for (int i = 0; i < ia->datasize; ++i)
|     ia->data[i] = i * 1.234;
| 
|   // Check named initializers.
|   struct named_init ni = {
|     .number = 34,
|     .name = L"Test wide string",
|     .average = 543.34343,
|   };
| 
|   ni.number = 58;
| 
|   int dynamic_array[ni.number];
|   dynamic_array[ni.number - 1] = 543;
| 
|   // work around unused variable warnings
|   return (!success || bignum == 0LL || ubignum == 0uLL || newvar[0] == 'x'
| 	  || dynamic_array[ni.number - 1] != 543);
| 
|   ;
|   return 0;
| }
configure:5777: gcc -std=gnu99 -c -g -O2  conftest.c >&5
configure:5777: $? = 0
configure:5797: result: -std=gnu99
configure:5898: checking for gcc -std=gnu99 option to accept ISO Standard C
configure:5912: result: -std=gnu99
configure:5974: checking for g++
configure:5990: found /usr/bin/g++
configure:6001: result: g++
configure:6028: checking for C++ compiler version
configure:6037: g++ --version >&5
g++ (Debian 4.9.2-10+deb8u1) 4.9.2
Copyright (C) 2014 Free Software Foundation, Inc.
This is free software; see the source for copying conditions.  There is NO
warranty; not even for MERCHANTABILITY or FITNESS FOR A PARTICULAR PURPOSE.

configure:6048: $? = 0
configure:6037: g++ -v >&5
Using built-in specs.
COLLECT_GCC=g++
COLLECT_LTO_WRAPPER=/usr/lib/gcc/x86_64-linux-gnu/4.9/lto-wrapper
Target: x86_64-linux-gnu
Configured with: ../src/configure -v --with-pkgversion='Debian 4.9.2-10+deb8u1' --with-bugurl=file:///usr/share/doc/gcc-4.9/README.Bugs --enable-languages=c,c++,java,go,d,fortran,objc,obj-c++ --prefix=/usr --program-suffix=-4.9 --enable-shared --enable-linker-build-id --libexecdir=/usr/lib --without-included-gettext --enable-threads=posix --with-gxx-include-dir=/usr/include/c++/4.9 --libdir=/usr/lib --enable-nls --with-sysroot=/ --enable-clocale=gnu --enable-libstdcxx-debug --enable-libstdcxx-time=yes --enable-gnu-unique-object --disable-vtable-verify --enable-plugin --with-system-zlib --disable-browser-plugin --enable-java-awt=gtk --enable-gtk-cairo --with-java-home=/usr/lib/jvm/java-1.5.0-gcj-4.9-amd64/jre --enable-java-home --with-jvm-root-dir=/usr/lib/jvm/java-1.5.0-gcj-4.9-amd64 --with-jvm-jar-dir=/usr/lib/jvm-exports/java-1.5.0-gcj-4.9-amd64 --with-arch-directory=amd64 --with-ecj-jar=/usr/share/java/eclipse-ecj.jar --enable-objc-gc --enable-multiarch --with-arch-32=i586 --with-abi=m64 --with-multilib-list=m32,m64,mx32 --enable-multilib --with-tune=generic --enable-checking=release --build=x86_64-linux-gnu --host=x86_64-linux-gnu --target=x86_64-linux-gnu
Thread model: posix
gcc version 4.9.2 (Debian 4.9.2-10+deb8u1) 
configure:6048: $? = 0
configure:6037: g++ -V >&5
g++: error: unrecognized command line option '-V'
g++: fatal error: no input files
compilation terminated.
configure:6048: $? = 4
configure:6037: g++ -qversion >&5
g++: error: unrecognized command line option '-qversion'
g++: fatal error: no input files
compilation terminated.
configure:6048: $? = 4
configure:6052: checking whether we are using the GNU C++ compiler
configure:6071: g++ -c   conftest.cpp >&5
configure:6071: $? = 0
configure:6080: result: yes
configure:6089: checking whether g++ accepts -g
configure:6109: g++ -c -g  conftest.cpp >&5
configure:6109: $? = 0
configure:6150: result: yes
configure:6175: checking dependency style of g++
configure:6286: result: gcc3
configure:6330: checking build system type
configure:6344: result: x86_64-unknown-linux-gnu
configure:6364: checking host system type
configure:6377: result: x86_64-unknown-linux-gnu
configure:6418: checking how to print strings
configure:6445: result: printf
configure:6466: checking for a sed that does not truncate output
configure:6530: result: /bin/sed
configure:6548: checking for fgrep
configure:6610: result: /bin/grep -F
configure:6645: checking for ld used by gcc -std=gnu99
configure:6712: result: /usr/bin/ld
configure:6719: checking if the linker (/usr/bin/ld) is GNU ld
configure:6734: result: yes
configure:6746: checking for BSD- or MS-compatible name lister (nm)
configure:6795: result: /usr/bin/nm -B
configure:6925: checking the name lister (/usr/bin/nm -B) interface
configure:6932: gcc -std=gnu99 -c -g -O2  conftest.c >&5
configure:6935: /usr/bin/nm -B "conftest.o"
configure:6938: output
0000000000000000 B some_variable
configure:6945: result: BSD nm
configure:6948: checking whether ln -s works
configure:6952: result: yes
configure:6960: checking the maximum length of command line arguments
configure:7091: result: 1572864
configure:7108: checking whether the shell understands some XSI constructs
configure:7118: result: yes
configure:7122: checking whether the shell understands "+="
configure:7128: result: yes
configure:7163: checking how to convert x86_64-unknown-linux-gnu file names to x86_64-unknown-linux-gnu format
configure:7203: result: func_convert_file_noop
configure:7210: checking how to convert x86_64-unknown-linux-gnu file names to toolchain format
configure:7230: result: func_convert_file_noop
configure:7237: checking for /usr/bin/ld option to reload object files
configure:7244: result: -r
configure:7318: checking for objdump
configure:7334: found /usr/bin/objdump
configure:7345: result: objdump
configure:7377: checking how to recognize dependent libraries
configure:7575: result: pass_all
configure:7660: checking for dlltool
configure:7690: result: no
configure:7720: checking how to associate runtime and link libraries
configure:7747: result: printf %s\n
configure:7807: checking for ar
configure:7823: found /usr/bin/ar
configure:7834: result: ar
configure:7871: checking for archiver @FILE support
configure:7888: gcc -std=gnu99 -c -g -O2  conftest.c >&5
configure:7888: $? = 0
configure:7891: ar cru libconftest.a @conftest.lst >&5
configure:7894: $? = 0
configure:7899: ar cru libconftest.a @conftest.lst >&5
ar: conftest.o: No such file or directory
configure:7902: $? = 1
configure:7914: result: @
configure:7972: checking for strip
configure:7988: found /usr/bin/strip
configure:7999: result: strip
configure:8071: checking for ranlib
configure:8087: found /usr/bin/ranlib
configure:8098: result: ranlib
configure:8200: checking command to parse /usr/bin/nm -B output from gcc -std=gnu99 object
configure:8320: gcc -std=gnu99 -c -g -O2  conftest.c >&5
configure:8323: $? = 0
configure:8327: /usr/bin/nm -B conftest.o \| sed -n -e 's/^.*[ ]\([ABCDGIRSTW][ABCDGIRSTW]*\)[ ][ ]*\([_A-Za-z][_A-Za-z0-9]*\)$/\1 \2 \2/p' | sed '/ __gnu_lto/d' \> conftest.nm
configure:8330: $? = 0
configure:8396: gcc -std=gnu99 -o conftest -g -O2   conftest.c conftstm.o >&5
configure:8399: $? = 0
configure:8437: result: ok
configure:8474: checking for sysroot
configure:8504: result: no
configure:8581: gcc -std=gnu99 -c -g -O2  conftest.c >&5
configure:8584: $? = 0
configure:8773: checking for mt
configure:8789: found /bin/mt
configure:8800: result: mt
configure:8823: checking if mt is a manifest tool
configure:8829: mt '-?'
configure:8837: result: no
configure:9476: checking for dlfcn.h
configure:9476: gcc -std=gnu99 -c -g -O2  conftest.c >&5
configure:9476: $? = 0
configure:9476: result: yes
configure:9693: checking for objdir
configure:9708: result: .libs
configure:9979: checking if gcc -std=gnu99 supports -fno-rtti -fno-exceptions
configure:9997: gcc -std=gnu99 -c -g -O2  -fno-rtti -fno-exceptions conftest.c >&5
cc1: warning: command line option '-fno-rtti' is valid for C++/ObjC++ but not for C
configure:10001: $? = 0
configure:10014: result: no
configure:10341: checking for gcc -std=gnu99 option to produce PIC
configure:10348: result: -fPIC -DPIC
configure:10356: checking if gcc -std=gnu99 PIC flag -fPIC -DPIC works
configure:10374: gcc -std=gnu99 -c -g -O2  -fPIC -DPIC -DPIC conftest.c >&5
configure:10378: $? = 0
configure:10391: result: yes
configure:10420: checking if gcc -std=gnu99 static flag -static works
configure:10448: result: yes
configure:10463: checking if gcc -std=gnu99 supports -c -o file.o
configure:10484: gcc -std=gnu99 -c -g -O2  -o out/conftest2.o conftest.c >&5
configure:10488: $? = 0
configure:10510: result: yes
configure:10518: checking if gcc -std=gnu99 supports -c -o file.o
configure:10565: result: yes
configure:10598: checking whether the gcc -std=gnu99 linker (/usr/bin/ld -m elf_x86_64) supports shared libraries
configure:11755: result: yes
configure:11792: checking whether -lc should be explicitly linked in
configure:11800: gcc -std=gnu99 -c -g -O2  conftest.c >&5
configure:11803: $? = 0
configure:11818: gcc -std=gnu99 -shared  -fPIC -DPIC conftest.o  -v -Wl,-soname -Wl,conftest -o conftest 2\>\&1 \| /bin/grep  -lc  \>/dev/null 2\>\&1
configure:11821: $? = 0
configure:11835: result: no
configure:11995: checking dynamic linker characteristics
configure:12495: gcc -std=gnu99 -o conftest -g -O2   -Wl,-rpath -Wl,/foo conftest.c  >&5
configure:12495: $? = 0
configure:12729: result: GNU/Linux ld.so
configure:12836: checking how to hardcode library paths into programs
configure:12861: result: immediate
configure:13401: checking whether stripping libraries is possible
configure:13406: result: yes
configure:13441: checking if libtool supports shared libraries
configure:13443: result: yes
configure:13446: checking whether to build shared libraries
configure:13467: result: yes
configure:13470: checking whether to build static libraries
configure:13474: result: yes
configure:13497: checking how to run the C++ preprocessor
configure:13524: g++ -E  conftest.cpp
configure:13524: $? = 0
configure:13538: g++ -E  conftest.cpp
conftest.cpp:23:28: fatal error: ac_nonexistent.h: No such file or directory
 #include <ac_nonexistent.h>
                            ^
compilation terminated.
configure:13538: $? = 1
configure: failed program was:
| /* confdefs.h */
| #define PACKAGE_NAME "switch"
| #define PACKAGE_TARNAME "switch"
| #define PACKAGE_VERSION "0.1"
| #define PACKAGE_STRING "switch 0.1"
| #define PACKAGE_BUGREPORT ""
| #define PACKAGE_URL ""
| #define PACKAGE "switch"
| #define VERSION "0.1"
| #define STDC_HEADERS 1
| #define HAVE_SYS_TYPES_H 1
| #define HAVE_SYS_STAT_H 1
| #define HAVE_STDLIB_H 1
| #define HAVE_STRING_H 1
| #define HAVE_MEMORY_H 1
| #define HAVE_STRINGS_H 1
| #define HAVE_INTTYPES_H 1
| #define HAVE_STDINT_H 1
| #define HAVE_UNISTD_H 1
| #define HAVE_DLFCN_H 1
| #define LT_OBJDIR ".libs/"
| /* end confdefs.h.  */
| #include <ac_nonexistent.h>
configure:13563: result: g++ -E
configure:13583: g++ -E  conftest.cpp
configure:13583: $? = 0
configure:13597: g++ -E  conftest.cpp
conftest.cpp:23:28: fatal error: ac_nonexistent.h: No such file or directory
 #include <ac_nonexistent.h>
                            ^
compilation terminated.
configure:13597: $? = 1
configure: failed program was:
| /* confdefs.h */
| #define PACKAGE_NAME "switch"
| #define PACKAGE_TARNAME "switch"
| #define PACKAGE_VERSION "0.1"
| #define PACKAGE_STRING "switch 0.1"
| #define PACKAGE_BUGREPORT ""
| #define PACKAGE_URL ""
| #define PACKAGE "switch"
| #define VERSION "0.1"
| #define STDC_HEADERS 1
| #define HAVE_SYS_TYPES_H 1
| #define HAVE_SYS_STAT_H 1
| #define HAVE_STDLIB_H 1
| #define HAVE_STRING_H 1
| #define HAVE_MEMORY_H 1
| #define HAVE_STRINGS_H 1
| #define HAVE_INTTYPES_H 1
| #define HAVE_STDINT_H 1
| #define HAVE_UNISTD_H 1
| #define HAVE_DLFCN_H 1
| #define LT_OBJDIR ".libs/"
| /* end confdefs.h.  */
| #include <ac_nonexistent.h>
configure:13766: checking for ld used by g++
configure:13833: result: /usr/bin/ld -m elf_x86_64
configure:13840: checking if the linker (/usr/bin/ld -m elf_x86_64) is GNU ld
configure:13855: result: yes
configure:13910: checking whether the g++ linker (/usr/bin/ld -m elf_x86_64) supports shared libraries
configure:14912: result: yes
configure:14948: g++ -c   conftest.cpp >&5
configure:14951: $? = 0
configure:15471: checking for g++ option to produce PIC
configure:15478: result: -fPIC -DPIC
configure:15486: checking if g++ PIC flag -fPIC -DPIC works
configure:15504: g++ -c   -fPIC -DPIC -DPIC conftest.cpp >&5
configure:15508: $? = 0
configure:15521: result: yes
configure:15544: checking if g++ static flag -static works
configure:15572: result: yes
configure:15584: checking if g++ supports -c -o file.o
configure:15605: g++ -c   -o out/conftest2.o conftest.cpp >&5
configure:15609: $? = 0
configure:15631: result: yes
configure:15636: checking if g++ supports -c -o file.o
configure:15683: result: yes
configure:15713: checking whether the g++ linker (/usr/bin/ld -m elf_x86_64) supports shared libraries
configure:15752: result: yes
configure:15893: checking dynamic linker characteristics
configure:16561: result: GNU/Linux ld.so
configure:16614: checking how to hardcode library paths into programs
configure:16639: result: immediate
configure:16705: checking for doxygen
configure:16735: result: no
configure:16771: checking whether g++ supports C++11 features by default
configure:16797: g++ -c   conftest.cpp >&5
conftest.cpp:27:21: error: expected identifier before 'sizeof'
       static_assert(sizeof(int) <= sizeof(T), "not big enough");
                     ^
conftest.cpp:27:21: error: expected ',' or '...' before 'sizeof'
conftest.cpp:27:63: error: ISO C++ forbids declaration of 'static_assert' with no type [-fpermissive]
       static_assert(sizeof(int) <= sizeof(T), "not big enough");
                                                               ^
conftest.cpp:30:29: error: '>>' should be '> >' within a nested template argument list
     typedef check<check<bool>> right_angle_brackets;
                             ^
conftest.cpp:33:13: error: expected constructor, destructor, or type conversion before '(' token
     decltype(a) b;
             ^
conftest.cpp:37:15: error: expected unqualified-id before '&&' token
     check_type&& cr = static_cast<check_type&&>(c);
               ^
conftest.cpp:39:10: error: 'd' does not name a type
     auto d = a;
          ^
configure:16797: $? = 1
configure: failed program was:
| /* confdefs.h */
| #define PACKAGE_NAME "switch"
| #define PACKAGE_TARNAME "switch"
| #define PACKAGE_VERSION "0.1"
| #define PACKAGE_STRING "switch 0.1"
| #define PACKAGE_BUGREPORT ""
| #define PACKAGE_URL ""
| #define PACKAGE "switch"
| #define VERSION "0.1"
| #define STDC_HEADERS 1
| #define HAVE_SYS_TYPES_H 1
| #define HAVE_SYS_STAT_H 1
| #define HAVE_STDLIB_H 1
| #define HAVE_STRING_H 1
| #define HAVE_MEMORY_H 1
| #define HAVE_STRINGS_H 1
| #define HAVE_INTTYPES_H 1
| #define HAVE_STDINT_H 1
| #define HAVE_UNISTD_H 1
| #define HAVE_DLFCN_H 1
| #define LT_OBJDIR ".libs/"
| /* end confdefs.h.  */
| 
|   template <typename T>
|     struct check
|     {
|       static_assert(sizeof(int) <= sizeof(T), "not big enough");
|     };
| 
|     typedef check<check<bool>> right_angle_brackets;
| 
|     int a;
|     decltype(a) b;
| 
|     typedef check<int> check_type;
|     check_type c;
|     check_type&& cr = static_cast<check_type&&>(c);
| 
|     auto d = a;
| 
configure:16804: result: no
configure:16815: checking whether g++ supports C++11 features with -std=c++11
configure:16843: g++ -c  -std=c++11  conftest.cpp >&5
configure:16843: $? = 0
configure:16852: result: yes
configure:17188: checking assert.h usability
configure:17188: g++ -c  -std=c++11  conftest.cpp >&5
configure:17188: $? = 0
configure:17188: result: yes
configure:17188: checking assert.h presence
configure:17188: g++ -E  conftest.cpp
configure:17188: $? = 0
configure:17188: result: yes
configure:17188: checking for assert.h
configure:17188: result: yes
configure:17188: checking stdio.h usability
configure:17188: g++ -c  -std=c++11  conftest.cpp >&5
configure:17188: $? = 0
configure:17188: result: yes
configure:17188: checking stdio.h presence
configure:17188: g++ -E  conftest.cpp
configure:17188: $? = 0
configure:17188: result: yes
configure:17188: checking for stdio.h
configure:17188: result: yes
configure:17188: checking for string.h
configure:17188: result: yes
configure:17188: checking for sys/stat.h
configure:17188: result: yes
configure:17188: checking for sys/types.h
configure:17188: result: yes
configure:17188: checking for unistd.h
configure:17188: result: yes
configure:17254: checking whether byte ordering is bigendian
configure:17269: g++ -c  -std=c++11  conftest.cpp >&5
conftest.cpp:31:9: error: expected unqualified-id before 'not' token
         not a universal capable compiler
         ^
configure:17269: $? = 1
configure: failed program was:
| /* confdefs.h */
| #define PACKAGE_NAME "switch"
| #define PACKAGE_TARNAME "switch"
| #define PACKAGE_VERSION "0.1"
| #define PACKAGE_STRING "switch 0.1"
| #define PACKAGE_BUGREPORT ""
| #define PACKAGE_URL ""
| #define PACKAGE "switch"
| #define VERSION "0.1"
| #define STDC_HEADERS 1
| #define HAVE_SYS_TYPES_H 1
| #define HAVE_SYS_STAT_H 1
| #define HAVE_STDLIB_H 1
| #define HAVE_STRING_H 1
| #define HAVE_MEMORY_H 1
| #define HAVE_STRINGS_H 1
| #define HAVE_INTTYPES_H 1
| #define HAVE_STDINT_H 1
| #define HAVE_UNISTD_H 1
| #define HAVE_DLFCN_H 1
| #define LT_OBJDIR ".libs/"
| #define HAVE_CXX11 1
| #define HAVE_ASSERT_H 1
| #define HAVE_STDIO_H 1
| #define HAVE_STRING_H 1
| #define HAVE_SYS_STAT_H 1
| #define HAVE_SYS_TYPES_H 1
| #define HAVE_UNISTD_H 1
| /* end confdefs.h.  */
| #ifndef __APPLE_CC__
| 	       not a universal capable compiler
| 	     #endif
| 	     typedef int dummy;
| 
configure:17314: g++ -c  -std=c++11  conftest.cpp >&5
configure:17314: $? = 0
configure:17332: g++ -c  -std=c++11  conftest.cpp >&5
conftest.cpp: In function 'int main()':
conftest.cpp:37:8: error: 'big' was not declared in this scope
    not big endian
        ^
configure:17332: $? = 1
configure: failed program was:
| /* confdefs.h */
| #define PACKAGE_NAME "switch"
| #define PACKAGE_TARNAME "switch"
| #define PACKAGE_VERSION "0.1"
| #define PACKAGE_STRING "switch 0.1"
| #define PACKAGE_BUGREPORT ""
| #define PACKAGE_URL ""
| #define PACKAGE "switch"
| #define VERSION "0.1"
| #define STDC_HEADERS 1
| #define HAVE_SYS_TYPES_H 1
| #define HAVE_SYS_STAT_H 1
| #define HAVE_STDLIB_H 1
| #define HAVE_STRING_H 1
| #define HAVE_MEMORY_H 1
| #define HAVE_STRINGS_H 1
| #define HAVE_INTTYPES_H 1
| #define HAVE_STDINT_H 1
| #define HAVE_UNISTD_H 1
| #define HAVE_DLFCN_H 1
| #define LT_OBJDIR ".libs/"
| #define HAVE_CXX11 1
| #define HAVE_ASSERT_H 1
| #define HAVE_STDIO_H 1
| #define HAVE_STRING_H 1
| #define HAVE_SYS_STAT_H 1
| #define HAVE_SYS_TYPES_H 1
| #define HAVE_UNISTD_H 1
| /* end confdefs.h.  */
| #include <sys/types.h>
| 		#include <sys/param.h>
| 
| int
| main ()
| {
| #if BYTE_ORDER != BIG_ENDIAN
| 		 not big endian
| 		#endif
| 
|   ;
|   return 0;
| }
configure:17460: result: no
configure:17485: checking size of void *
configure:17490: g++ -o conftest  -std=c++11   conftest.cpp  >&5
configure:17490: $? = 0
configure:17490: ./conftest
configure:17490: $? = 0
configure:17504: result: 8
configure:17515: result: Detected 64-bit Build Environment
configure:17526: checking for ptf
configure:17544: found /root/bf-sde-8.2.0/install/bin/ptf
configure:17556: result: /root/bf-sde-8.2.0/install/bin/ptf
configure:17577: checking for memset
configure:17577: g++ -o conftest  -std=c++11   conftest.cpp  >&5
configure:17577: $? = 0
configure:17577: result: yes
configure:17588: checking for select
configure:17588: g++ -o conftest  -std=c++11   conftest.cpp  >&5
configure:17588: $? = 0
configure:17588: result: yes
configure:17599: checking for socket
configure:17599: g++ -o conftest  -std=c++11   conftest.cpp  >&5
configure:17599: $? = 0
configure:17599: result: yes
configure:17608: checking for stdbool.h that conforms to C99
configure:17675: g++ -c  -std=c++11  conftest.cpp >&5
configure:17675: $? = 0
configure:17682: result: yes
configure:17684: checking for _Bool
configure:17684: g++ -c  -std=c++11  conftest.cpp >&5
conftest.cpp: In function 'int main()':
conftest.cpp:71:13: error: '_Bool' was not declared in this scope
 if (sizeof (_Bool))
             ^
configure:17684: $? = 1
configure: failed program was:
| /* confdefs.h */
| #define PACKAGE_NAME "switch"
| #define PACKAGE_TARNAME "switch"
| #define PACKAGE_VERSION "0.1"
| #define PACKAGE_STRING "switch 0.1"
| #define PACKAGE_BUGREPORT ""
| #define PACKAGE_URL ""
| #define PACKAGE "switch"
| #define VERSION "0.1"
| #define STDC_HEADERS 1
| #define HAVE_SYS_TYPES_H 1
| #define HAVE_SYS_STAT_H 1
| #define HAVE_STDLIB_H 1
| #define HAVE_STRING_H 1
| #define HAVE_MEMORY_H 1
| #define HAVE_STRINGS_H 1
| #define HAVE_INTTYPES_H 1
| #define HAVE_STDINT_H 1
| #define HAVE_UNISTD_H 1
| #define HAVE_DLFCN_H 1
| #define LT_OBJDIR ".libs/"
| #define HAVE_CXX11 1
| #define HAVE_ASSERT_H 1
| #define HAVE_STDIO_H 1
| #define HAVE_STRING_H 1
| #define HAVE_SYS_STAT_H 1
| #define HAVE_SYS_TYPES_H 1
| #define HAVE_UNISTD_H 1
| #define JU_LITTLE_ENDIAN 1
| #define SIZEOF_VOID_P 8
| #define HAVE_MEMSET 1
| #define HAVE_SELECT 1
| #define HAVE_SOCKET 1
| /* end confdefs.h.  */
| #include <stdio.h>
| #ifdef HAVE_SYS_TYPES_H
| # include <sys/types.h>
| #endif
| #ifdef HAVE_SYS_STAT_H
| # include <sys/stat.h>
| #endif
| #ifdef STDC_HEADERS
| # include <stdlib.h>
| # include <stddef.h>
| #else
| # ifdef HAVE_STDLIB_H
| #  include <stdlib.h>
| # endif
| #endif
| #ifdef HAVE_STRING_H
| # if !defined STDC_HEADERS && defined HAVE_MEMORY_H
| #  include <memory.h>
| # endif
| # include <string.h>
| #endif
| #ifdef HAVE_STRINGS_H
| # include <strings.h>
| #endif
| #ifdef HAVE_INTTYPES_H
| # include <inttypes.h>
| #endif
| #ifdef HAVE_STDINT_H
| # include <stdint.h>
| #endif
| #ifdef HAVE_UNISTD_H
| # include <unistd.h>
| #endif
| int
| main ()
| {
| if (sizeof (_Bool))
| 	 return 0;
|   ;
|   return 0;
| }
configure:17684: result: no
configure:17697: checking arpa/inet.h usability
configure:17697: g++ -c  -std=c++11  conftest.cpp >&5
configure:17697: $? = 0
configure:17697: result: yes
configure:17697: checking arpa/inet.h presence
configure:17697: g++ -E  conftest.cpp
configure:17697: $? = 0
configure:17697: result: yes
configure:17697: checking for arpa/inet.h
configure:17697: result: yes
configure:17709: checking fcntl.h usability
configure:17709: g++ -c  -std=c++11  conftest.cpp >&5
configure:17709: $? = 0
configure:17709: result: yes
configure:17709: checking fcntl.h presence
configure:17709: g++ -E  conftest.cpp
configure:17709: $? = 0
configure:17709: result: yes
configure:17709: checking for fcntl.h
configure:17709: result: yes
configure:17721: checking stddef.h usability
configure:17721: g++ -c  -std=c++11  conftest.cpp >&5
configure:17721: $? = 0
configure:17721: result: yes
configure:17721: checking stddef.h presence
configure:17721: g++ -E  conftest.cpp
configure:17721: $? = 0
configure:17721: result: yes
configure:17721: checking for stddef.h
configure:17721: result: yes
configure:17733: checking sys/ioctl.h usability
configure:17733: g++ -c  -std=c++11  conftest.cpp >&5
configure:17733: $? = 0
configure:17733: result: yes
configure:17733: checking sys/ioctl.h presence
configure:17733: g++ -E  conftest.cpp
configure:17733: $? = 0
configure:17733: result: yes
configure:17733: checking for sys/ioctl.h
configure:17733: result: yes
configure:17745: checking sys/socket.h usability
configure:17745: g++ -c  -std=c++11  conftest.cpp >&5
configure:17745: $? = 0
configure:17745: result: yes
configure:17745: checking sys/socket.h presence
configure:17745: g++ -E  conftest.cpp
configure:17745: $? = 0
configure:17745: result: yes
configure:17745: checking for sys/socket.h
configure:17745: result: yes
configure:17755: checking for ptrdiff_t
configure:17755: g++ -c  -std=c++11  conftest.cpp >&5
configure:17755: $? = 0
configure:17755: g++ -c  -std=c++11  conftest.cpp >&5
conftest.cpp: In function 'int main()':
conftest.cpp:76:23: error: expected primary-expression before ')' token
 if (sizeof ((ptrdiff_t)))
                       ^
configure:17755: $? = 1
configure: failed program was:
| /* confdefs.h */
| #define PACKAGE_NAME "switch"
| #define PACKAGE_TARNAME "switch"
| #define PACKAGE_VERSION "0.1"
| #define PACKAGE_STRING "switch 0.1"
| #define PACKAGE_BUGREPORT ""
| #define PACKAGE_URL ""
| #define PACKAGE "switch"
| #define VERSION "0.1"
| #define STDC_HEADERS 1
| #define HAVE_SYS_TYPES_H 1
| #define HAVE_SYS_STAT_H 1
| #define HAVE_STDLIB_H 1
| #define HAVE_STRING_H 1
| #define HAVE_MEMORY_H 1
| #define HAVE_STRINGS_H 1
| #define HAVE_INTTYPES_H 1
| #define HAVE_STDINT_H 1
| #define HAVE_UNISTD_H 1
| #define HAVE_DLFCN_H 1
| #define LT_OBJDIR ".libs/"
| #define HAVE_CXX11 1
| #define HAVE_ASSERT_H 1
| #define HAVE_STDIO_H 1
| #define HAVE_STRING_H 1
| #define HAVE_SYS_STAT_H 1
| #define HAVE_SYS_TYPES_H 1
| #define HAVE_UNISTD_H 1
| #define JU_LITTLE_ENDIAN 1
| #define SIZEOF_VOID_P 8
| #define HAVE_MEMSET 1
| #define HAVE_SELECT 1
| #define HAVE_SOCKET 1
| #define HAVE_ARPA_INET_H 1
| #define HAVE_FCNTL_H 1
| #define HAVE_STDDEF_H 1
| #define HAVE_SYS_IOCTL_H 1
| #define HAVE_SYS_SOCKET_H 1
| /* end confdefs.h.  */
| #include <stdio.h>
| #ifdef HAVE_SYS_TYPES_H
| # include <sys/types.h>
| #endif
| #ifdef HAVE_SYS_STAT_H
| # include <sys/stat.h>
| #endif
| #ifdef STDC_HEADERS
| # include <stdlib.h>
| # include <stddef.h>
| #else
| # ifdef HAVE_STDLIB_H
| #  include <stdlib.h>
| # endif
| #endif
| #ifdef HAVE_STRING_H
| # if !defined STDC_HEADERS && defined HAVE_MEMORY_H
| #  include <memory.h>
| # endif
| # include <string.h>
| #endif
| #ifdef HAVE_STRINGS_H
| # include <strings.h>
| #endif
| #ifdef HAVE_INTTYPES_H
| # include <inttypes.h>
| #endif
| #ifdef HAVE_STDINT_H
| # include <stdint.h>
| #endif
| #ifdef HAVE_UNISTD_H
| # include <unistd.h>
| #endif
| int
| main ()
| {
| if (sizeof ((ptrdiff_t)))
| 	    return 0;
|   ;
|   return 0;
| }
configure:17755: result: yes
configure:17765: checking for inline
configure:17781: g++ -c  -std=c++11  conftest.cpp >&5
configure:17781: $? = 0
configure:17789: result: inline
configure:17809: checking for stdlib.h
configure:17809: result: yes
configure:17819: checking for GNU libc compatible malloc
configure:17843: g++ -o conftest  -std=c++11   conftest.cpp  >&5
configure:17843: $? = 0
configure:17843: ./conftest
configure:17843: $? = 0
configure:17853: result: yes
configure:17874: checking for int16_t
configure:17874: g++ -c  -std=c++11  conftest.cpp >&5
configure:17874: $? = 0
configure:17874: g++ -c  -std=c++11  conftest.cpp >&5
conftest.cpp: In function 'int main()':
conftest.cpp:81:58: error: size of array 'test_array' is negative
    < (int16_t) (((((int16_t) 1 << N) << N) - 1) * 2 + 2))];
                                                          ^
configure:17874: $? = 1
configure: failed program was:
| /* confdefs.h */
| #define PACKAGE_NAME "switch"
| #define PACKAGE_TARNAME "switch"
| #define PACKAGE_VERSION "0.1"
| #define PACKAGE_STRING "switch 0.1"
| #define PACKAGE_BUGREPORT ""
| #define PACKAGE_URL ""
| #define PACKAGE "switch"
| #define VERSION "0.1"
| #define STDC_HEADERS 1
| #define HAVE_SYS_TYPES_H 1
| #define HAVE_SYS_STAT_H 1
| #define HAVE_STDLIB_H 1
| #define HAVE_STRING_H 1
| #define HAVE_MEMORY_H 1
| #define HAVE_STRINGS_H 1
| #define HAVE_INTTYPES_H 1
| #define HAVE_STDINT_H 1
| #define HAVE_UNISTD_H 1
| #define HAVE_DLFCN_H 1
| #define LT_OBJDIR ".libs/"
| #define HAVE_CXX11 1
| #define HAVE_ASSERT_H 1
| #define HAVE_STDIO_H 1
| #define HAVE_STRING_H 1
| #define HAVE_SYS_STAT_H 1
| #define HAVE_SYS_TYPES_H 1
| #define HAVE_UNISTD_H 1
| #define JU_LITTLE_ENDIAN 1
| #define SIZEOF_VOID_P 8
| #define HAVE_MEMSET 1
| #define HAVE_SELECT 1
| #define HAVE_SOCKET 1
| #define HAVE_ARPA_INET_H 1
| #define HAVE_FCNTL_H 1
| #define HAVE_STDDEF_H 1
| #define HAVE_SYS_IOCTL_H 1
| #define HAVE_SYS_SOCKET_H 1
| #define HAVE_PTRDIFF_T 1
| #define HAVE_STDLIB_H 1
| #define HAVE_MALLOC 1
| /* end confdefs.h.  */
| #include <stdio.h>
| #ifdef HAVE_SYS_TYPES_H
| # include <sys/types.h>
| #endif
| #ifdef HAVE_SYS_STAT_H
| # include <sys/stat.h>
| #endif
| #ifdef STDC_HEADERS
| # include <stdlib.h>
| # include <stddef.h>
| #else
| # ifdef HAVE_STDLIB_H
| #  include <stdlib.h>
| # endif
| #endif
| #ifdef HAVE_STRING_H
| # if !defined STDC_HEADERS && defined HAVE_MEMORY_H
| #  include <memory.h>
| # endif
| # include <string.h>
| #endif
| #ifdef HAVE_STRINGS_H
| # include <strings.h>
| #endif
| #ifdef HAVE_INTTYPES_H
| # include <inttypes.h>
| #endif
| #ifdef HAVE_STDINT_H
| # include <stdint.h>
| #endif
| #ifdef HAVE_UNISTD_H
| # include <unistd.h>
| #endif
| 	        enum { N = 16 / 2 - 1 };
| int
| main ()
| {
| static int test_array [1 - 2 * !((int16_t) (((((int16_t) 1 << N) << N) - 1) * 2 + 1)
| 		 < (int16_t) (((((int16_t) 1 << N) << N) - 1) * 2 + 2))];
| test_array [0] = 0;
| return test_array [0];
| 
|   ;
|   return 0;
| }
configure:17874: result: yes
configure:17885: checking for int32_t
configure:17885: g++ -c  -std=c++11  conftest.cpp >&5
configure:17885: $? = 0
configure:17885: g++ -c  -std=c++11  conftest.cpp >&5
conftest.cpp: In function 'int main()':
conftest.cpp:81:53: warning: integer overflow in expression [-Woverflow]
    < (int32_t) (((((int32_t) 1 << N) << N) - 1) * 2 + 2))];
                                                     ^
conftest.cpp:81:58: error: size of array 'test_array' is negative
    < (int32_t) (((((int32_t) 1 << N) << N) - 1) * 2 + 2))];
                                                          ^
configure:17885: $? = 1
configure: failed program was:
| /* confdefs.h */
| #define PACKAGE_NAME "switch"
| #define PACKAGE_TARNAME "switch"
| #define PACKAGE_VERSION "0.1"
| #define PACKAGE_STRING "switch 0.1"
| #define PACKAGE_BUGREPORT ""
| #define PACKAGE_URL ""
| #define PACKAGE "switch"
| #define VERSION "0.1"
| #define STDC_HEADERS 1
| #define HAVE_SYS_TYPES_H 1
| #define HAVE_SYS_STAT_H 1
| #define HAVE_STDLIB_H 1
| #define HAVE_STRING_H 1
| #define HAVE_MEMORY_H 1
| #define HAVE_STRINGS_H 1
| #define HAVE_INTTYPES_H 1
| #define HAVE_STDINT_H 1
| #define HAVE_UNISTD_H 1
| #define HAVE_DLFCN_H 1
| #define LT_OBJDIR ".libs/"
| #define HAVE_CXX11 1
| #define HAVE_ASSERT_H 1
| #define HAVE_STDIO_H 1
| #define HAVE_STRING_H 1
| #define HAVE_SYS_STAT_H 1
| #define HAVE_SYS_TYPES_H 1
| #define HAVE_UNISTD_H 1
| #define JU_LITTLE_ENDIAN 1
| #define SIZEOF_VOID_P 8
| #define HAVE_MEMSET 1
| #define HAVE_SELECT 1
| #define HAVE_SOCKET 1
| #define HAVE_ARPA_INET_H 1
| #define HAVE_FCNTL_H 1
| #define HAVE_STDDEF_H 1
| #define HAVE_SYS_IOCTL_H 1
| #define HAVE_SYS_SOCKET_H 1
| #define HAVE_PTRDIFF_T 1
| #define HAVE_STDLIB_H 1
| #define HAVE_MALLOC 1
| /* end confdefs.h.  */
| #include <stdio.h>
| #ifdef HAVE_SYS_TYPES_H
| # include <sys/types.h>
| #endif
| #ifdef HAVE_SYS_STAT_H
| # include <sys/stat.h>
| #endif
| #ifdef STDC_HEADERS
| # include <stdlib.h>
| # include <stddef.h>
| #else
| # ifdef HAVE_STDLIB_H
| #  include <stdlib.h>
| # endif
| #endif
| #ifdef HAVE_STRING_H
| # if !defined STDC_HEADERS && defined HAVE_MEMORY_H
| #  include <memory.h>
| # endif
| # include <string.h>
| #endif
| #ifdef HAVE_STRINGS_H
| # include <strings.h>
| #endif
| #ifdef HAVE_INTTYPES_H
| # include <inttypes.h>
| #endif
| #ifdef HAVE_STDINT_H
| # include <stdint.h>
| #endif
| #ifdef HAVE_UNISTD_H
| # include <unistd.h>
| #endif
| 	        enum { N = 32 / 2 - 1 };
| int
| main ()
| {
| static int test_array [1 - 2 * !((int32_t) (((((int32_t) 1 << N) << N) - 1) * 2 + 1)
| 		 < (int32_t) (((((int32_t) 1 << N) << N) - 1) * 2 + 2))];
| test_array [0] = 0;
| return test_array [0];
| 
|   ;
|   return 0;
| }
configure:17885: result: yes
configure:17896: checking for int64_t
configure:17896: g++ -c  -std=c++11  conftest.cpp >&5
configure:17896: $? = 0
configure:17896: g++ -c  -std=c++11  conftest.cpp >&5
conftest.cpp: In function 'int main()':
conftest.cpp:81:53: warning: integer overflow in expression [-Woverflow]
    < (int64_t) (((((int64_t) 1 << N) << N) - 1) * 2 + 2))];
                                                     ^
conftest.cpp:81:58: error: size of array 'test_array' is negative
    < (int64_t) (((((int64_t) 1 << N) << N) - 1) * 2 + 2))];
                                                          ^
configure:17896: $? = 1
configure: failed program was:
| /* confdefs.h */
| #define PACKAGE_NAME "switch"
| #define PACKAGE_TARNAME "switch"
| #define PACKAGE_VERSION "0.1"
| #define PACKAGE_STRING "switch 0.1"
| #define PACKAGE_BUGREPORT ""
| #define PACKAGE_URL ""
| #define PACKAGE "switch"
| #define VERSION "0.1"
| #define STDC_HEADERS 1
| #define HAVE_SYS_TYPES_H 1
| #define HAVE_SYS_STAT_H 1
| #define HAVE_STDLIB_H 1
| #define HAVE_STRING_H 1
| #define HAVE_MEMORY_H 1
| #define HAVE_STRINGS_H 1
| #define HAVE_INTTYPES_H 1
| #define HAVE_STDINT_H 1
| #define HAVE_UNISTD_H 1
| #define HAVE_DLFCN_H 1
| #define LT_OBJDIR ".libs/"
| #define HAVE_CXX11 1
| #define HAVE_ASSERT_H 1
| #define HAVE_STDIO_H 1
| #define HAVE_STRING_H 1
| #define HAVE_SYS_STAT_H 1
| #define HAVE_SYS_TYPES_H 1
| #define HAVE_UNISTD_H 1
| #define JU_LITTLE_ENDIAN 1
| #define SIZEOF_VOID_P 8
| #define HAVE_MEMSET 1
| #define HAVE_SELECT 1
| #define HAVE_SOCKET 1
| #define HAVE_ARPA_INET_H 1
| #define HAVE_FCNTL_H 1
| #define HAVE_STDDEF_H 1
| #define HAVE_SYS_IOCTL_H 1
| #define HAVE_SYS_SOCKET_H 1
| #define HAVE_PTRDIFF_T 1
| #define HAVE_STDLIB_H 1
| #define HAVE_MALLOC 1
| /* end confdefs.h.  */
| #include <stdio.h>
| #ifdef HAVE_SYS_TYPES_H
| # include <sys/types.h>
| #endif
| #ifdef HAVE_SYS_STAT_H
| # include <sys/stat.h>
| #endif
| #ifdef STDC_HEADERS
| # include <stdlib.h>
| # include <stddef.h>
| #else
| # ifdef HAVE_STDLIB_H
| #  include <stdlib.h>
| # endif
| #endif
| #ifdef HAVE_STRING_H
| # if !defined STDC_HEADERS && defined HAVE_MEMORY_H
| #  include <memory.h>
| # endif
| # include <string.h>
| #endif
| #ifdef HAVE_STRINGS_H
| # include <strings.h>
| #endif
| #ifdef HAVE_INTTYPES_H
| # include <inttypes.h>
| #endif
| #ifdef HAVE_STDINT_H
| # include <stdint.h>
| #endif
| #ifdef HAVE_UNISTD_H
| # include <unistd.h>
| #endif
| 	        enum { N = 64 / 2 - 1 };
| int
| main ()
| {
| static int test_array [1 - 2 * !((int64_t) (((((int64_t) 1 << N) << N) - 1) * 2 + 1)
| 		 < (int64_t) (((((int64_t) 1 << N) << N) - 1) * 2 + 2))];
| test_array [0] = 0;
| return test_array [0];
| 
|   ;
|   return 0;
| }
configure:17896: result: yes
configure:17907: checking for int8_t
configure:17907: g++ -c  -std=c++11  conftest.cpp >&5
configure:17907: $? = 0
configure:17907: g++ -c  -std=c++11  conftest.cpp >&5
conftest.cpp: In function 'int main()':
conftest.cpp:81:56: error: size of array 'test_array' is negative
    < (int8_t) (((((int8_t) 1 << N) << N) - 1) * 2 + 2))];
                                                        ^
configure:17907: $? = 1
configure: failed program was:
| /* confdefs.h */
| #define PACKAGE_NAME "switch"
| #define PACKAGE_TARNAME "switch"
| #define PACKAGE_VERSION "0.1"
| #define PACKAGE_STRING "switch 0.1"
| #define PACKAGE_BUGREPORT ""
| #define PACKAGE_URL ""
| #define PACKAGE "switch"
| #define VERSION "0.1"
| #define STDC_HEADERS 1
| #define HAVE_SYS_TYPES_H 1
| #define HAVE_SYS_STAT_H 1
| #define HAVE_STDLIB_H 1
| #define HAVE_STRING_H 1
| #define HAVE_MEMORY_H 1
| #define HAVE_STRINGS_H 1
| #define HAVE_INTTYPES_H 1
| #define HAVE_STDINT_H 1
| #define HAVE_UNISTD_H 1
| #define HAVE_DLFCN_H 1
| #define LT_OBJDIR ".libs/"
| #define HAVE_CXX11 1
| #define HAVE_ASSERT_H 1
| #define HAVE_STDIO_H 1
| #define HAVE_STRING_H 1
| #define HAVE_SYS_STAT_H 1
| #define HAVE_SYS_TYPES_H 1
| #define HAVE_UNISTD_H 1
| #define JU_LITTLE_ENDIAN 1
| #define SIZEOF_VOID_P 8
| #define HAVE_MEMSET 1
| #define HAVE_SELECT 1
| #define HAVE_SOCKET 1
| #define HAVE_ARPA_INET_H 1
| #define HAVE_FCNTL_H 1
| #define HAVE_STDDEF_H 1
| #define HAVE_SYS_IOCTL_H 1
| #define HAVE_SYS_SOCKET_H 1
| #define HAVE_PTRDIFF_T 1
| #define HAVE_STDLIB_H 1
| #define HAVE_MALLOC 1
| /* end confdefs.h.  */
| #include <stdio.h>
| #ifdef HAVE_SYS_TYPES_H
| # include <sys/types.h>
| #endif
| #ifdef HAVE_SYS_STAT_H
| # include <sys/stat.h>
| #endif
| #ifdef STDC_HEADERS
| # include <stdlib.h>
| # include <stddef.h>
| #else
| # ifdef HAVE_STDLIB_H
| #  include <stdlib.h>
| # endif
| #endif
| #ifdef HAVE_STRING_H
| # if !defined STDC_HEADERS && defined HAVE_MEMORY_H
| #  include <memory.h>
| # endif
| # include <string.h>
| #endif
| #ifdef HAVE_STRINGS_H
| # include <strings.h>
| #endif
| #ifdef HAVE_INTTYPES_H
| # include <inttypes.h>
| #endif
| #ifdef HAVE_STDINT_H
| # include <stdint.h>
| #endif
| #ifdef HAVE_UNISTD_H
| # include <unistd.h>
| #endif
| 	        enum { N = 8 / 2 - 1 };
| int
| main ()
| {
| static int test_array [1 - 2 * !((int8_t) (((((int8_t) 1 << N) << N) - 1) * 2 + 1)
| 		 < (int8_t) (((((int8_t) 1 << N) << N) - 1) * 2 + 2))];
| test_array [0] = 0;
| return test_array [0];
| 
|   ;
|   return 0;
| }
configure:17907: result: yes
configure:17918: checking for size_t
configure:17918: g++ -c  -std=c++11  conftest.cpp >&5
configure:17918: $? = 0
configure:17918: g++ -c  -std=c++11  conftest.cpp >&5
conftest.cpp: In function 'int main()':
conftest.cpp:79:20: error: expected primary-expression before ')' token
 if (sizeof ((size_t)))
                    ^
configure:17918: $? = 1
configure: failed program was:
| /* confdefs.h */
| #define PACKAGE_NAME "switch"
| #define PACKAGE_TARNAME "switch"
| #define PACKAGE_VERSION "0.1"
| #define PACKAGE_STRING "switch 0.1"
| #define PACKAGE_BUGREPORT ""
| #define PACKAGE_URL ""
| #define PACKAGE "switch"
| #define VERSION "0.1"
| #define STDC_HEADERS 1
| #define HAVE_SYS_TYPES_H 1
| #define HAVE_SYS_STAT_H 1
| #define HAVE_STDLIB_H 1
| #define HAVE_STRING_H 1
| #define HAVE_MEMORY_H 1
| #define HAVE_STRINGS_H 1
| #define HAVE_INTTYPES_H 1
| #define HAVE_STDINT_H 1
| #define HAVE_UNISTD_H 1
| #define HAVE_DLFCN_H 1
| #define LT_OBJDIR ".libs/"
| #define HAVE_CXX11 1
| #define HAVE_ASSERT_H 1
| #define HAVE_STDIO_H 1
| #define HAVE_STRING_H 1
| #define HAVE_SYS_STAT_H 1
| #define HAVE_SYS_TYPES_H 1
| #define HAVE_UNISTD_H 1
| #define JU_LITTLE_ENDIAN 1
| #define SIZEOF_VOID_P 8
| #define HAVE_MEMSET 1
| #define HAVE_SELECT 1
| #define HAVE_SOCKET 1
| #define HAVE_ARPA_INET_H 1
| #define HAVE_FCNTL_H 1
| #define HAVE_STDDEF_H 1
| #define HAVE_SYS_IOCTL_H 1
| #define HAVE_SYS_SOCKET_H 1
| #define HAVE_PTRDIFF_T 1
| #define HAVE_STDLIB_H 1
| #define HAVE_MALLOC 1
| /* end confdefs.h.  */
| #include <stdio.h>
| #ifdef HAVE_SYS_TYPES_H
| # include <sys/types.h>
| #endif
| #ifdef HAVE_SYS_STAT_H
| # include <sys/stat.h>
| #endif
| #ifdef STDC_HEADERS
| # include <stdlib.h>
| # include <stddef.h>
| #else
| # ifdef HAVE_STDLIB_H
| #  include <stdlib.h>
| # endif
| #endif
| #ifdef HAVE_STRING_H
| # if !defined STDC_HEADERS && defined HAVE_MEMORY_H
| #  include <memory.h>
| # endif
| # include <string.h>
| #endif
| #ifdef HAVE_STRINGS_H
| # include <strings.h>
| #endif
| #ifdef HAVE_INTTYPES_H
| # include <inttypes.h>
| #endif
| #ifdef HAVE_STDINT_H
| # include <stdint.h>
| #endif
| #ifdef HAVE_UNISTD_H
| # include <unistd.h>
| #endif
| int
| main ()
| {
| if (sizeof ((size_t)))
| 	    return 0;
|   ;
|   return 0;
| }
configure:17918: result: yes
configure:17929: checking for uint16_t
configure:17929: g++ -c  -std=c++11  conftest.cpp >&5
configure:17929: $? = 0
configure:17929: result: yes
configure:17941: checking for uint32_t
configure:17941: g++ -c  -std=c++11  conftest.cpp >&5
configure:17941: $? = 0
configure:17941: result: yes
configure:17955: checking for uint64_t
configure:17955: g++ -c  -std=c++11  conftest.cpp >&5
configure:17955: $? = 0
configure:17955: result: yes
configure:17969: checking for uint8_t
configure:17969: g++ -c  -std=c++11  conftest.cpp >&5
configure:17969: $? = 0
configure:17969: result: yes
configure:18072: : BM_P4FLAGS="$BM_P4FLAGS"
configure:18075: $? = 0
configure:18198: checking that generated files are newer than configure
configure:18204: result: done
configure:18280: creating ./config.status

## ---------------------- ##
## Running config.status. ##
## ---------------------- ##

This file was extended by switch config.status 0.1, which was
generated by GNU Autoconf 2.69.  Invocation command line was

  CONFIG_FILES    = 
  CONFIG_HEADERS  = 
  CONFIG_LINKS    = 
  CONFIG_COMMANDS = 
  $ ./config.status 

on localhost

config.status:1239: creating doc/Doxyfile
config.status:1239: creating doc/DoxygenLayout.xml
config.status:1239: creating doc/Makefile
config.status:1239: creating Makefile
config.status:1239: creating switchapi/Makefile
config.status:1239: creating switchsai/Makefile
config.status:1239: creating targets/Makefile
config.status:1239: creating targets/tofino/multi_device_switch.conf
config.status:1239: creating targets/tofino/switch.conf
config.status:1239: creating targets/tofino/switch-sai-ptf.conf
config.status:1239: creating targets/tofino/switch-pd.conf
config.status:1239: creating targets/tofino/switch-sai.conf
config.status:1239: creating tofino/Makefile
config.status:1239: creating config.h
config.status:1468: executing depfiles commands
config.status:1468: executing libtool commands
configure:20854: === configuring in p4-build (/root/bf-sde-8.2.0/switch-8.2.0/p4-build)
configure:20917: running /bin/bash ./configure --disable-option-checking '--prefix=/root/bf-sde-8.2.0/install'  '--with-tofino' --cache-file=/dev/null --srcdir=.

## ---------------- ##
## Cache variables. ##
## ---------------- ##

ac_cv_build=x86_64-unknown-linux-gnu
ac_cv_c_bigendian=no
ac_cv_c_compiler_gnu=yes
ac_cv_c_inline=inline
ac_cv_c_int16_t=yes
ac_cv_c_int32_t=yes
ac_cv_c_int64_t=yes
ac_cv_c_int8_t=yes
ac_cv_c_uint16_t=yes
ac_cv_c_uint32_t=yes
ac_cv_c_uint64_t=yes
ac_cv_c_uint8_t=yes
ac_cv_cxx_compiler_gnu=yes
ac_cv_env_CCC_set=
ac_cv_env_CCC_value=
ac_cv_env_CC_set=
ac_cv_env_CC_value=
ac_cv_env_CFLAGS_set=
ac_cv_env_CFLAGS_value=
ac_cv_env_CPPFLAGS_set=
ac_cv_env_CPPFLAGS_value=
ac_cv_env_CPP_set=
ac_cv_env_CPP_value=
ac_cv_env_CXXCPP_set=
ac_cv_env_CXXCPP_value=
ac_cv_env_CXXFLAGS_set=
ac_cv_env_CXXFLAGS_value=
ac_cv_env_CXX_set=
ac_cv_env_CXX_value=
ac_cv_env_LDFLAGS_set=
ac_cv_env_LDFLAGS_value=
ac_cv_env_LIBS_set=
ac_cv_env_LIBS_value=
ac_cv_env_P4PPFLAGS_set=
ac_cv_env_P4PPFLAGS_value=
ac_cv_env_PYTHON_set=
ac_cv_env_PYTHON_value=
ac_cv_env_build_alias_set=
ac_cv_env_build_alias_value=
ac_cv_env_host_alias_set=
ac_cv_env_host_alias_value=
ac_cv_env_target_alias_set=
ac_cv_env_target_alias_value=
ac_cv_func_malloc_0_nonnull=yes
ac_cv_func_memset=yes
ac_cv_func_select=yes
ac_cv_func_socket=yes
ac_cv_header_arpa_inet_h=yes
ac_cv_header_assert_h=yes
ac_cv_header_dlfcn_h=yes
ac_cv_header_fcntl_h=yes
ac_cv_header_inttypes_h=yes
ac_cv_header_memory_h=yes
ac_cv_header_stdbool_h=yes
ac_cv_header_stdc=yes
ac_cv_header_stddef_h=yes
ac_cv_header_stdint_h=yes
ac_cv_header_stdio_h=yes
ac_cv_header_stdlib_h=yes
ac_cv_header_string_h=yes
ac_cv_header_strings_h=yes
ac_cv_header_sys_ioctl_h=yes
ac_cv_header_sys_socket_h=yes
ac_cv_header_sys_stat_h=yes
ac_cv_header_sys_types_h=yes
ac_cv_header_unistd_h=yes
ac_cv_host=x86_64-unknown-linux-gnu
ac_cv_objext=o
ac_cv_path_EGREP='/bin/grep -E'
ac_cv_path_FGREP='/bin/grep -F'
ac_cv_path_GREP=/bin/grep
ac_cv_path_P4C=/root/bf-sde-8.2.0/install/bin/p4c-tofino
ac_cv_path_PTF=/root/bf-sde-8.2.0/install/bin/ptf
ac_cv_path_PYTHON=/usr/bin/python
ac_cv_path_SED=/bin/sed
ac_cv_path_install='/usr/bin/install -c'
ac_cv_path_mkdir=/bin/mkdir
ac_cv_prog_AWK=mawk
ac_cv_prog_CPP='gcc -E'
ac_cv_prog_CXXCPP='g++ -E'
ac_cv_prog_ac_ct_AR=ar
ac_cv_prog_ac_ct_CC=gcc
ac_cv_prog_ac_ct_CXX=g++
ac_cv_prog_ac_ct_MANIFEST_TOOL=mt
ac_cv_prog_ac_ct_OBJDUMP=objdump
ac_cv_prog_ac_ct_RANLIB=ranlib
ac_cv_prog_ac_ct_STRIP=strip
ac_cv_prog_cc_c89=
ac_cv_prog_cc_c99=-std=gnu99
ac_cv_prog_cc_g=yes
ac_cv_prog_cc_stdc=-std=gnu99
ac_cv_prog_cxx_g=yes
ac_cv_prog_make_make_set=yes
ac_cv_sizeof_void_p=8
ac_cv_type__Bool=no
ac_cv_type_ptrdiff_t=yes
ac_cv_type_size_t=yes
am_cv_CC_dependencies_compiler_type=gcc3
am_cv_CXX_dependencies_compiler_type=gcc3
am_cv_make_support_nested_variables=yes
am_cv_pathless_PYTHON=python
am_cv_prog_cc_c_o=yes
am_cv_python_platform=linux2
am_cv_python_pyexecdir='${exec_prefix}/lib/python2.7/site-packages'
am_cv_python_pythondir='${prefix}/lib/python2.7/site-packages'
am_cv_python_version=2.7
ax_cv_cxx_compile_cxx11=no
ax_cv_cxx_compile_cxx11__std_cpp11=yes
lt_cv_ar_at_file=@
lt_cv_archive_cmds_need_lc=no
lt_cv_deplibs_check_method=pass_all
lt_cv_file_magic_cmd='$MAGIC_CMD'
lt_cv_file_magic_test_file=
lt_cv_ld_reload_flag=-r
lt_cv_nm_interface='BSD nm'
lt_cv_objdir=.libs
lt_cv_path_LD=/usr/bin/ld
lt_cv_path_LDCXX='/usr/bin/ld -m elf_x86_64'
lt_cv_path_NM='/usr/bin/nm -B'
lt_cv_path_mainfest_tool=no
lt_cv_prog_compiler_c_o=yes
lt_cv_prog_compiler_c_o_CXX=yes
lt_cv_prog_compiler_pic='-fPIC -DPIC'
lt_cv_prog_compiler_pic_CXX='-fPIC -DPIC'
lt_cv_prog_compiler_pic_works=yes
lt_cv_prog_compiler_pic_works_CXX=yes
lt_cv_prog_compiler_rtti_exceptions=no
lt_cv_prog_compiler_static_works=yes
lt_cv_prog_compiler_static_works_CXX=yes
lt_cv_prog_gnu_ld=yes
lt_cv_prog_gnu_ldcxx=yes
lt_cv_sharedlib_from_linklib_cmd='printf %s\n'
lt_cv_shlibpath_overrides_runpath=no
lt_cv_sys_global_symbol_pipe='sed -n -e '\''s/^.*[	 ]\([ABCDGIRSTW][ABCDGIRSTW]*\)[	 ][	 ]*\([_A-Za-z][_A-Za-z0-9]*\)$/\1 \2 \2/p'\'' | sed '\''/ __gnu_lto/d'\'''
lt_cv_sys_global_symbol_to_c_name_address='sed -n -e '\''s/^: \([^ ]*\)[ ]*$/  {\"\1\", (void *) 0},/p'\'' -e '\''s/^[ABCDGIRSTW]* \([^ ]*\) \([^ ]*\)$/  {"\2", (void *) \&\2},/p'\'''
lt_cv_sys_global_symbol_to_c_name_address_lib_prefix='sed -n -e '\''s/^: \([^ ]*\)[ ]*$/  {\"\1\", (void *) 0},/p'\'' -e '\''s/^[ABCDGIRSTW]* \([^ ]*\) \(lib[^ ]*\)$/  {"\2", (void *) \&\2},/p'\'' -e '\''s/^[ABCDGIRSTW]* \([^ ]*\) \([^ ]*\)$/  {"lib\2", (void *) \&\2},/p'\'''
lt_cv_sys_global_symbol_to_cdecl='sed -n -e '\''s/^T .* \(.*\)$/extern int \1();/p'\'' -e '\''s/^[ABCDGIRSTW]* .* \(.*\)$/extern char \1;/p'\'''
lt_cv_sys_max_cmd_len=1572864
lt_cv_to_host_file_cmd=func_convert_file_noop
lt_cv_to_tool_file_cmd=func_convert_file_noop

## ----------------- ##
## Output variables. ##
## ----------------- ##

ACLOCAL='${SHELL} /root/bf-sde-8.2.0/switch-8.2.0/missing aclocal-1.14'
AMDEPBACKSLASH='\'
AMDEP_FALSE='#'
AMDEP_TRUE=''
AMTAR='$${TAR-tar}'
AM_BACKSLASH='\'
AM_CFLAGS=' -DJU_64BIT '
AM_CPPFLAGS='-I$(includedir) '
AM_CXXFLAGS=' '
AM_DEFAULT_V='$(AM_DEFAULT_VERBOSITY)'
AM_DEFAULT_VERBOSITY='0'
AM_LDFLAGS=' -L/root/bf-sde-8.2.0/install/lib'
AM_V='$(V)'
AR='ar'
AUTOCONF='${SHELL} /root/bf-sde-8.2.0/switch-8.2.0/missing autoconf'
AUTOHEADER='${SHELL} /root/bf-sde-8.2.0/switch-8.2.0/missing autoheader'
AUTOMAKE='${SHELL} /root/bf-sde-8.2.0/switch-8.2.0/missing automake-1.14'
AWK='mawk'
BIN_DIR='/root/bf-sde-8.2.0/install/bin'
BMV2TOFINO_CPPFLAGS=''
BMV2_CPPFLAGS=''
BMV2_TOFINO_BINARY_PATH=''
BM_SIMPLE_SWITCH=''
CC='gcc -std=gnu99'
CCDEPMODE='depmode=gcc3'
CFLAGS='-g -O2'
COVERAGE_FALSE=''
COVERAGE_TRUE='#'
CPP='gcc -E'
CPPFLAGS=''
CXX='g++'
CXXCPP='g++ -E'
CXXDEPMODE='depmode=gcc3'
CXXFLAGS=' -std=c++11'
CYGPATH_W='echo'
DEFS='-DHAVE_CONFIG_H'
DEPDIR='.deps'
DLLTOOL='false'
DOXYGEN=''
DSYMUTIL=''
DUMPBIN=''
ECHO_C=''
ECHO_N='-n'
ECHO_T=''
EGREP='/bin/grep -E'
EXEEXT=''
FGREP='/bin/grep -F'
GREP='/bin/grep'
HAVE_CXX11='1'
INSTALL_DATA='${INSTALL} -m 644'
INSTALL_PROGRAM='${INSTALL}'
INSTALL_SCRIPT='${INSTALL}'
INSTALL_STRIP_PROGRAM='$(install_sh) -c -s'
IS_ASAN_ENABLED_FALSE=''
IS_ASAN_ENABLED_TRUE='#'
IS_THRIFT_ENABLED_FALSE=''
IS_THRIFT_ENABLED_TRUE='#'
LD='/usr/bin/ld -m elf_x86_64'
LDFLAGS=''
LIBOBJS=''
LIBS=''
LIBTOOL='$(SHELL) $(top_builddir)/libtool'
LIB_DIR='/root/bf-sde-8.2.0/install/lib'
LIPO=''
LN_S='ln -s'
LTLIBOBJS=''
MAKEINFO='${SHELL} /root/bf-sde-8.2.0/switch-8.2.0/missing makeinfo'
MANIFEST_TOOL=':'
MKDIR_P='/bin/mkdir -p'
MY_PYTHONPATH='/root/bf-sde-8.2.0/install/lib/python2.7/site-packages'
NETLINK_LIBS=''
NM='/usr/bin/nm -B'
NMEDIT=''
OBJDUMP='objdump'
OBJEXT='o'
OTOOL64=''
OTOOL=''
P4C='/root/bf-sde-8.2.0/install/bin/p4c-tofino'
P4C_VERSION='5.8.0 (7069cde)'
P4C_VERSION_MAJOR='5'
P4PPFLAGS=''
PACKAGE='switch'
PACKAGE_BUGREPORT=''
PACKAGE_NAME='switch'
PACKAGE_STRING='switch 0.1'
PACKAGE_TARNAME='switch'
PACKAGE_URL=''
PACKAGE_VERSION='0.1'
PATH_SEPARATOR=':'
PTF='/root/bf-sde-8.2.0/install/bin/ptf'
PYTHON='/usr/bin/python'
PYTHON_EXEC_PREFIX='${exec_prefix}'
PYTHON_PLATFORM='linux2'
PYTHON_PREFIX='${prefix}'
PYTHON_VERSION='2.7'
RANLIB='ranlib'
SED='/bin/sed'
SET_MAKE=''
SHELL='/bin/bash'
STRIP='strip'
SWITCH_CFLAGS='-g -Wall -Wextra -Wno-unused-parameter -Werror -Wno-error=unused -Wno-error=unused-variable -Wno-error=unused-label -Wno-error=unused-but-set-variable'
THRIFT=''
THRIFT_LIB=''
TOFINO_CPPFLAGS='-D__TARGET_TOFINO__'
VERSION='0.1'
WITH_BMV2TOFINO_FALSE=''
WITH_BMV2TOFINO_TRUE='#'
WITH_BMV2_FALSE=''
WITH_BMV2_TRUE='#'
WITH_P4C_ALPHA_FALSE=''
WITH_P4C_ALPHA_TRUE='#'
WITH_P4C_DEFAULT_FALSE='#'
WITH_P4C_DEFAULT_TRUE=''
WITH_P4C_LEGACY_FALSE='#'
WITH_P4C_LEGACY_TRUE=''
WITH_SWITCHAPI_FALSE=''
WITH_SWITCHAPI_TRUE='#'
WITH_SWITCHSAI_FALSE=''
WITH_SWITCHSAI_TRUE='#'
WITH_TOFINO_FALSE='#'
WITH_TOFINO_TRUE=''
ac_ct_AR='ar'
ac_ct_CC='gcc'
ac_ct_CXX='g++'
ac_ct_DUMPBIN=''
am__EXEEXT_FALSE=''
am__EXEEXT_TRUE='#'
am__fastdepCC_FALSE='#'
am__fastdepCC_TRUE=''
am__fastdepCXX_FALSE='#'
am__fastdepCXX_TRUE=''
am__include='include'
am__isrc=''
am__leading_dot='.'
am__nodep='_no'
am__quote=''
am__tar='$${TAR-tar} chof - "$$tardir"'
am__untar='$${TAR-tar} xf -'
bindir='${exec_prefix}/bin'
build='x86_64-unknown-linux-gnu'
build_alias=''
build_cpu='x86_64'
build_os='linux-gnu'
build_vendor='unknown'
conf_tgts='tofino'
datadir='${datarootdir}'
datarootdir='${prefix}/share'
docdir='${datarootdir}/doc/${PACKAGE_TARNAME}'
dvidir='${docdir}'
exec_prefix='${prefix}'
have_doxygen_FALSE=''
have_doxygen_TRUE='#'
host='x86_64-unknown-linux-gnu'
host_alias=''
host_cpu='x86_64'
host_os='linux-gnu'
host_vendor='unknown'
htmldir='${docdir}'
includedir='${prefix}/include'
infodir='${datarootdir}/info'
install_sh='${SHELL} /root/bf-sde-8.2.0/switch-8.2.0/install-sh'
libdir='${exec_prefix}/lib'
libexecdir='${exec_prefix}/libexec'
localedir='${datarootdir}/locale'
localstatedir='${prefix}/var'
mandir='${datarootdir}/man'
mkdir_p='$(MKDIR_P)'
oldincludedir='/usr/include'
pdfdir='${docdir}'
pkgpyexecdir='${pyexecdir}/'
pkgpythondir='${pythondir}/'
prefix='/root/bf-sde-8.2.0/install'
program_transform_name='s,x,x,'
psdir='${docdir}'
pyexecdir='${exec_prefix}/lib/python2.7/site-packages'
pythondir='${prefix}/lib/python2.7/site-packages'
sbindir='${exec_prefix}/sbin'
sharedstatedir='${prefix}/com'
subdirs=' p4-build'
sysconfdir='${prefix}/etc'
target_alias=''

## ----------- ##
## confdefs.h. ##
## ----------- ##

/* confdefs.h */
#define PACKAGE_NAME "switch"
#define PACKAGE_TARNAME "switch"
#define PACKAGE_VERSION "0.1"
#define PACKAGE_STRING "switch 0.1"
#define PACKAGE_BUGREPORT ""
#define PACKAGE_URL ""
#define PACKAGE "switch"
#define VERSION "0.1"
#define STDC_HEADERS 1
#define HAVE_SYS_TYPES_H 1
#define HAVE_SYS_STAT_H 1
#define HAVE_STDLIB_H 1
#define HAVE_STRING_H 1
#define HAVE_MEMORY_H 1
#define HAVE_STRINGS_H 1
#define HAVE_INTTYPES_H 1
#define HAVE_STDINT_H 1
#define HAVE_UNISTD_H 1
#define HAVE_DLFCN_H 1
#define LT_OBJDIR ".libs/"
#define HAVE_CXX11 1
#define HAVE_ASSERT_H 1
#define HAVE_STDIO_H 1
#define HAVE_STRING_H 1
#define HAVE_SYS_STAT_H 1
#define HAVE_SYS_TYPES_H 1
#define HAVE_UNISTD_H 1
#define JU_LITTLE_ENDIAN 1
#define SIZEOF_VOID_P 8
#define HAVE_MEMSET 1
#define HAVE_SELECT 1
#define HAVE_SOCKET 1
#define HAVE_ARPA_INET_H 1
#define HAVE_FCNTL_H 1
#define HAVE_STDDEF_H 1
#define HAVE_SYS_IOCTL_H 1
#define HAVE_SYS_SOCKET_H 1
#define HAVE_PTRDIFF_T 1
#define HAVE_STDLIB_H 1
#define HAVE_MALLOC 1

configure: exit 0
