:12-06 12:53:33.989208:    event-log build
:12-06 12:53:33.989336:    Setting logging fn
:12-06 12:53:33.989367:    Registering handler for tx
:12-06 12:53:34.336750:    :-:-:<0,0,->:LearningFilter::clear : Excessive clearing of filter 1 !!! Nothing to clear
:12-06 12:53:34.336893:    :-:-:<0,0,->:LearningFilter::clear : Excessive clearing of filter 1 !!! Nothing to clear
:12-06 12:53:34.341872:    :-:-:<0,1,->:LearningFilter::clear : Excessive clearing of filter 1 !!! Nothing to clear
:12-06 12:53:34.341967:    :-:-:<0,1,->:LearningFilter::clear : Excessive clearing of filter 1 !!! Nothing to clear
:12-06 12:53:34.346922:    :-:-:<0,2,->:LearningFilter::clear : Excessive clearing of filter 1 !!! Nothing to clear
:12-06 12:53:34.347020:    :-:-:<0,2,->:LearningFilter::clear : Excessive clearing of filter 1 !!! Nothing to clear
:12-06 12:53:34.352242:    :-:-:<0,3,->:LearningFilter::clear : Excessive clearing of filter 1 !!! Nothing to clear
:12-06 12:53:34.352346:    :-:-:<0,3,->:LearningFilter::clear : Excessive clearing of filter 1 !!! Nothing to clear
:12-06 12:54:22.045935:    :-:-:<0,0,0>:Begin packet processing
:12-06 12:54:22.046062:    :0x1:-:<0,0,0>:========== Ingress Pkt from port 0 (104 bytes)  ==========
:12-06 12:54:22.046077:    :0x1:-:<0,0,0>:Packet :
:12-06 12:54:22.046092:        :0x1:-:<0,0,0>:00 11 11 11 11 11 00 55 55 55 55 55 08 00 45 00 
:12-06 12:54:22.046105:        :0x1:-:<0,0,0>:00 56 00 65 00 00 40 06 af 93 c0 a8 00 01 0a 00 
:12-06 12:54:22.046118:        :0x1:-:<0,0,0>:00 01 04 d2 00 50 00 00 00 00 00 00 00 00 50 02 
:12-06 12:54:22.046134:        :0x1:-:<0,0,0>:20 00 c3 d5 00 00 00 01 02 03 04 05 06 07 08 09 
:12-06 12:54:22.046169:    :0x1:-:<0,0,->:========== Packet to input parser: from port 0 (120 bytes)  ==========
:12-06 12:54:22.046180:    :0x1:-:<0,0,->:Packet :
:12-06 12:54:22.046193:        :0x1:-:<0,0,->:00 00 00 00 00 00 00 01 00 00 00 00 00 00 00 00 
:12-06 12:54:22.046206:        :0x1:-:<0,0,->:00 11 11 11 11 11 00 55 55 55 55 55 08 00 45 00 
:12-06 12:54:22.046218:        :0x1:-:<0,0,->:00 56 00 65 00 00 40 06 af 93 c0 a8 00 01 0a 00 
:12-06 12:54:22.046231:        :0x1:-:<0,0,->:00 01 04 d2 00 50 00 00 00 00 00 00 00 00 50 02 
:12-06 12:54:22.046320:        :0x1:-:<0,0,0>:Ingress Parser State <Shim start state>
:12-06 12:54:22.046443:        :0x1:-:<0,0,0>:Ingress Parser State <POV initialization>_<Ingress intrinsic metadata>
:12-06 12:54:22.046505:        :0x1:-:<0,0,0>:Ingress Parser State <Phase 0>
:12-06 12:54:22.046628:        :0x1:-:<0,0,0>:Ingress Parser State start_parse_ethernet
:12-06 12:54:22.047119:        :0x1:-:<0,0,->:Ingress Headers:
:12-06 12:54:22.047170:        :0x1:-:<0,0,->:Header ethernet is valid
:12-06 12:54:22.047276:    :0x1:-:<0,0,->:------------ Stage 0 ------------
:12-06 12:54:22.049610:    :0x1:-:<0,0,0>:Ingress : Gateway table condition (True) matched.
:12-06 12:54:22.049647:    :0x1:-:<0,0,0>:Ingress : Gateway attached to modify_cntr4_t
:12-06 12:54:22.049658:    :0x1:-:<0,0,0>:Ingress : Associated table modify_cntr4_t is executed
:12-06 12:54:22.049668:    :0x1:-:<0,0,0>:Ingress : Gateway did provide payload.
:12-06 12:54:22.049698:        :0x1:-:<0,0,0>:Execute Action: modify_cntr4
:12-06 12:54:22.049789:        :0x1:-:<0,0,0>:Action Results:
:12-06 12:54:22.049801:        :0x1:-:<0,0,0>:	----- ModifyFieldPrimitive -----
:12-06 12:54:22.049811:        :0x1:-:<0,0,0>:	Destination:
:12-06 12:54:22.049821:        :0x1:-:<0,0,0>:	measurement_meta.cntr4[31:0] = 0x103E8
:12-06 12:54:22.049831:        :0x1:-:<0,0,0>:	mask=0xFFFFFFFF
:12-06 12:54:22.049840:        :0x1:-:<0,0,0>:	Source 1:
:12-06 12:54:22.049850:        :0x1:-:<0,0,0>:	Val=0x103E8
:12-06 12:54:22.049861:        :0x1:-:<0,0,0>:Next Table = modify_cntr3_t
:12-06 12:54:22.099032:    :0x1:-:<0,0,->:------------ Stage 1 ------------
:12-06 12:54:22.101329:    :0x1:-:<0,0,1>:Ingress : Gateway table condition (True) matched.
:12-06 12:54:22.101389:    :0x1:-:<0,0,1>:Ingress : Gateway attached to modify_cntr3_t
:12-06 12:54:22.101409:    :0x1:-:<0,0,1>:Ingress : Associated table modify_cntr3_t is executed
:12-06 12:54:22.101442:    :0x1:-:<0,0,1>:Ingress : Gateway did provide payload.
:12-06 12:54:22.101489:        :0x1:-:<0,0,1>:Execute Action: modify_cntr3
:12-06 12:54:22.101611:        :0x1:-:<0,0,1>:Action Results:
:12-06 12:54:22.101632:        :0x1:-:<0,0,1>:	----- ModifyFieldPrimitive -----
:12-06 12:54:22.101652:        :0x1:-:<0,0,1>:	Destination:
:12-06 12:54:22.101673:        :0x1:-:<0,0,1>:	measurement_meta.cntr3[15:0] = 0x3E8
:12-06 12:54:22.101696:        :0x1:-:<0,0,1>:	mask=0xFFFF
:12-06 12:54:22.101717:        :0x1:-:<0,0,1>:	Source 1:
:12-06 12:54:22.101738:        :0x1:-:<0,0,1>:	measurement_meta.cntr4[31:0] = 0x0
:12-06 12:54:22.101761:        :0x1:-:<0,0,1>:Next Table = update_cntr3_t
:12-06 12:54:22.104150:    :0x1:-:<0,0,->:------------ Stage 2 ------------
:12-06 12:54:22.105985:    :0x1:-:<0,0,2>:Ingress : Gateway table condition (True) matched.
:12-06 12:54:22.106039:    :0x1:-:<0,0,2>:Ingress : Gateway attached to update_cntr3_t
:12-06 12:54:22.106059:    :0x1:-:<0,0,2>:Ingress : Associated table update_cntr3_t is executed
:12-06 12:54:22.106080:    :0x1:-:<0,0,2>:Ingress : Gateway did provide payload.
:12-06 12:54:22.106096:        :0x1:-:<0,0,2>:Executed StatefulALU 3 with instruction 0
:12-06 12:54:22.106150:        :0x1:-:<0,0,2>:Execute Action: update_cntr3_action
:12-06 12:54:22.106231:        :0x1:-:<0,0,2>:Action Results:
:12-06 12:54:22.106248:        :0x1:-:<0,0,2>:	----- ExecuteStatefulAluPrimitive -----
:12-06 12:54:22.106270:        :0x1:-:<0,0,2>:	----- BlackBox: update_cntr3 -----
:12-06 12:54:22.106291:        :0x1:-:<0,0,2>:	----- register: cntr3 -----
:12-06 12:54:22.106857:        :0x1:-:<0,0,2>:	--- SALU Condition ---
:12-06 12:54:22.106884:        :0x1:-:<0,0,2>:	  Not supplied by program.
:12-06 12:54:22.106906:        :0x1:-:<0,0,2>:	    SALU ConditionLo: FALSE
:12-06 12:54:22.106927:        :0x1:-:<0,0,2>:	    SALU ConditionHi: FALSE
:12-06 12:54:22.106948:        :0x1:-:<0,0,2>:	--- SALU Update ---
:12-06 12:54:22.106971:        :0x1:-:<0,0,2>:	  --- SALU Update Lo 1 ---
:12-06 12:54:22.106991:        :0x1:-:<0,0,2>:	    Update Lo 1 predicate not supplied by program
:12-06 12:54:22.107011:        :0x1:-:<0,0,2>:	    Update Lo 1 PredicateResult: TRUE
:12-06 12:54:22.107033:        :0x1:-:<0,0,2>:	    Update Lo 1 expression result: 0x000003e8
:12-06 12:54:22.107051:        :0x1:-:<0,0,2>:	    Update Lo 1 expression result computed using fields:
:12-06 12:54:22.107070:        :0x1:-:<0,0,2>:	        measurement_meta.cntr3: 0x000003e8
:12-06 12:54:22.107090:        :0x1:-:<0,0,2>:	--- SALU Output ---
:12-06 12:54:22.107109:        :0x1:-:<0,0,2>:	    Output destination supplied by program
:12-06 12:54:22.107134:        :0x1:-:<0,0,2>:	---  SALU Register ---
:12-06 12:54:22.107156:        :0x1:-:<0,0,2>:	   Register Index: 0
:12-06 12:54:22.107179:        :0x1:-:<0,0,2>:	     Before stateful alu execution: 0x00000000
:12-06 12:54:22.107201:        :0x1:-:<0,0,2>:	     After stateful alu execution: 0x000003e8
:12-06 12:54:22.107229:        :0x1:-:<0,0,2>:Next Table = --END_OF_PIPELINE--
:12-06 12:54:22.109628:    :0x1:-:<0,0,->:------------ Stage 3 ------------
:12-06 12:54:22.114058:    :0x1:-:<0,0,->:------------ Stage 4 ------------
:12-06 12:54:22.118473:    :0x1:-:<0,0,->:------------ Stage 5 ------------
:12-06 12:54:22.122890:    :0x1:-:<0,0,->:------------ Stage 6 ------------
:12-06 12:54:22.127324:    :0x1:-:<0,0,->:------------ Stage 7 ------------
:12-06 12:54:22.131760:    :0x1:-:<0,0,->:------------ Stage 8 ------------
:12-06 12:54:22.136175:    :0x1:-:<0,0,->:------------ Stage 9 ------------
:12-06 12:54:22.140584:    :0x1:-:<0,0,->:------------ Stage 10 ------------
:12-06 12:54:22.144995:    :0x1:-:<0,0,->:------------ Stage 11 ------------
:12-06 12:54:22.152388:        :0x1:-:<0,0,->:Ingress Deparser Headers:
:12-06 12:54:22.152468:        :0x1:-:<0,0,->:Header ethernet is valid
:12-06 12:54:22.157670:    :-:-:<0,0,->:---- Mirroring session 0 : ingress  ----
:12-06 12:54:22.157701:        :-:-:<0,0,->:Mirroring session 0 is not enabled
:12-06 12:54:22.158090:    :-:-:<0,0,0>:Waiting for packets to process
