This file contains any messages produced by compilers while
running configure, to aid debugging if configure makes a mistake.

It was created by p4-build configure 0.1, which was
generated by GNU Autoconf 2.69.  Invocation command line was

  $ /root/bf-sde-8.2.0/pkgsrc/p4-build/configure --prefix=/root/bf-sde-8.2.0/install --with-tofino P4_NAME=ahashflow P4_PATH=/root/workspace/HashFlow/src/AHashFlow/AHashFlow.p4 --enable-thrift

## --------- ##
## Platform. ##
## --------- ##

hostname = localhost
uname -m = x86_64
uname -r = 3.16.39-OpenNetworkLinux
uname -s = Linux
uname -v = #1 SMP Wed Aug 2 06:19:08 UTC 2017

/usr/bin/uname -p = unknown
/bin/uname -X     = unknown

/bin/arch              = unknown
/usr/bin/arch -k       = unknown
/usr/convex/getsysinfo = unknown
/usr/bin/hostinfo      = unknown
/bin/machine           = unknown
/usr/bin/oslevel       = unknown
/bin/universe          = unknown

PATH: /root/bf-sde-8.2.0/install/bin
PATH: /usr/local/sbin
PATH: /usr/local/bin
PATH: /usr/sbin
PATH: /usr/bin
PATH: /sbin
PATH: /bin
PATH: /lib/platform-config/current/onl/bin
PATH: /lib/platform-config/current/onl/sbin
PATH: /lib/platform-config/current/onl/lib/bin
PATH: /lib/platform-config/current/onl/lib/sbin


## ----------- ##
## Core tests. ##
## ----------- ##

configure:2615: checking for a BSD-compatible install
configure:2683: result: /usr/bin/install -c
configure:2694: checking whether build environment is sane
configure:2749: result: yes
configure:2900: checking for a thread-safe mkdir -p
configure:2939: result: /bin/mkdir -p
configure:2946: checking for gawk
configure:2976: result: no
configure:2946: checking for mawk
configure:2962: found /usr/bin/mawk
configure:2973: result: mawk
configure:2984: checking whether make sets $(MAKE)
configure:3006: result: yes
configure:3035: checking whether make supports nested variables
configure:3052: result: yes
configure:3069: error: source directory already configured; run "make distclean" there first

## ---------------- ##
## Cache variables. ##
## ---------------- ##

ac_cv_env_BM_P4FLAGS_set=
ac_cv_env_BM_P4FLAGS_value=
ac_cv_env_CCC_set=
ac_cv_env_CCC_value=
ac_cv_env_CC_set=
ac_cv_env_CC_value=
ac_cv_env_CFLAGS_set=
ac_cv_env_CFLAGS_value=
ac_cv_env_CPPFLAGS_set=
ac_cv_env_CPPFLAGS_value=
ac_cv_env_CPP_set=
ac_cv_env_CPP_value=
ac_cv_env_CXXCPP_set=
ac_cv_env_CXXCPP_value=
ac_cv_env_CXXFLAGS_set=
ac_cv_env_CXXFLAGS_value=
ac_cv_env_CXX_set=
ac_cv_env_CXX_value=
ac_cv_env_LDFLAGS_set=
ac_cv_env_LDFLAGS_value=
ac_cv_env_LIBS_set=
ac_cv_env_LIBS_value=
ac_cv_env_P4C_BM_FLAGS_set=
ac_cv_env_P4C_BM_FLAGS_value=
ac_cv_env_P4C_set=
ac_cv_env_P4C_value=
ac_cv_env_P4FLAGS_set=
ac_cv_env_P4FLAGS_value=
ac_cv_env_P4JOBS_set=
ac_cv_env_P4JOBS_value=
ac_cv_env_P4PPFLAGS_set=
ac_cv_env_P4PPFLAGS_value=
ac_cv_env_P4_ARCHITECTURE_set=
ac_cv_env_P4_ARCHITECTURE_value=
ac_cv_env_P4_BUILD_ASSUME_PDFIXED_set=
ac_cv_env_P4_BUILD_ASSUME_PDFIXED_value=
ac_cv_env_P4_NAME_set=set
ac_cv_env_P4_NAME_value=ahashflow
ac_cv_env_P4_PATH_set=set
ac_cv_env_P4_PATH_value=/root/workspace/HashFlow/src/AHashFlow/AHashFlow.p4
ac_cv_env_P4_PREFIX_set=
ac_cv_env_P4_PREFIX_value=
ac_cv_env_P4_VERSION_set=
ac_cv_env_P4_VERSION_value=
ac_cv_env_PDFLAGS_set=
ac_cv_env_PDFLAGS_value=
ac_cv_env_PYTHON_set=
ac_cv_env_PYTHON_value=
ac_cv_env_build_alias_set=
ac_cv_env_build_alias_value=
ac_cv_env_host_alias_set=
ac_cv_env_host_alias_value=
ac_cv_env_target_alias_set=
ac_cv_env_target_alias_value=
ac_cv_path_install='/usr/bin/install -c'
ac_cv_path_mkdir=/bin/mkdir
ac_cv_prog_AWK=mawk
ac_cv_prog_make_make_set=yes
am_cv_make_support_nested_variables=yes

## ----------------- ##
## Output variables. ##
## ----------------- ##

ACLOCAL=''
AMDEPBACKSLASH=''
AMDEP_FALSE=''
AMDEP_TRUE=''
AMTAR=''
AM_BACKSLASH='\'
AM_DEFAULT_V='$(AM_DEFAULT_VERBOSITY)'
AM_DEFAULT_VERBOSITY='1'
AM_LDFLAGS=''
AM_V='$(V)'
AR=''
AUTOCONF=''
AUTOHEADER=''
AUTOMAKE=''
AWK='mawk'
BMV2TOFINO_HEADER_INCLUDE=''
BMV2_OFTEST_ENV_FALSE=''
BMV2_OFTEST_ENV_TRUE=''
BMV2_PDTEST_ENV_FALSE=''
BMV2_PDTEST_ENV_TRUE=''
BM_P4FLAGS=''
BM_THRIFT_INCLUDE=''
CC=''
CCDEPMODE=''
CFLAGS=''
COND_PLUGIN_OPENFLOW_FALSE=''
COND_PLUGIN_OPENFLOW_TRUE=''
CPP=''
CPPFLAGS=''
CXX=''
CXXCPP=''
CXXDEPMODE=''
CXXFLAGS='-g'
CYGPATH_W=''
DEFS=''
DEPDIR=''
DLLTOOL=''
DSYMUTIL=''
DUMPBIN=''
ECHO_C=''
ECHO_N='-n'
ECHO_T=''
EGREP=''
EXEEXT=''
FGREP=''
FULL_INC_DIR=''
GREP=''
HAVE_CXX11=''
INSTALL_DATA='${INSTALL} -m 644'
INSTALL_PROGRAM='${INSTALL}'
INSTALL_SCRIPT='${INSTALL}'
INSTALL_STRIP_PROGRAM='$(install_sh) -c -s'
IS_ASAN_ENABLED_FALSE=''
IS_ASAN_ENABLED_TRUE=''
IS_BF_RUNTIME_ENABLED_FALSE=''
IS_BF_RUNTIME_ENABLED_TRUE=''
IS_PD_ENABLED_FALSE=''
IS_PD_ENABLED_TRUE=''
IS_THRIFT_ENABLED_FALSE=''
IS_THRIFT_ENABLED_TRUE=''
LD=''
LDFLAGS=''
LIBOBJS=''
LIBS=''
LIBTOOL=''
LIPO=''
LN_S=''
LTLIBOBJS=''
MAKEINFO=''
MANIFEST_TOOL=''
MKDIR_P='/bin/mkdir -p'
MY_PYTHONPATH=''
NM=''
NMEDIT=''
OBJDUMP=''
OBJEXT=''
OTOOL64=''
OTOOL=''
P4C=''
P4C_BM=''
P4C_BM_FLAGS=''
P4C_VERSION=''
P4C_VERSION_MAJOR=''
P4FLAGS=''
P4JOBS=''
P4PPFLAGS=''
P4_ARCHITECTURE=''
P4_BUILD_ASSUME_PDFIXED=''
P4_NAME='ahashflow'
P4_PATH='/root/workspace/HashFlow/src/AHashFlow/AHashFlow.p4'
P4_PREFIX=''
P4_VERSION=''
PACKAGE=''
PACKAGE_BUGREPORT='antonin@barefootnetworks.com'
PACKAGE_NAME='p4-build'
PACKAGE_STRING='p4-build 0.1'
PACKAGE_TARNAME='p4-build'
PACKAGE_URL=''
PACKAGE_VERSION='0.1'
PATH_SEPARATOR=':'
PDCLI=''
PDFLAGS=''
PDGEN=''
PI_GEN_DEFS=''
PI_GEN_DEFS_EXISTS_FALSE=''
PI_GEN_DEFS_EXISTS_TRUE=''
PI_GEN_NATIVE_JSON=''
PI_GEN_NATIVE_JSON_EXISTS_FALSE=''
PI_GEN_NATIVE_JSON_EXISTS_TRUE=''
PI_GEN_PD=''
PYTHON=''
PYTHON_EXEC_PREFIX=''
PYTHON_PLATFORM=''
PYTHON_PREFIX=''
PYTHON_VERSION=''
RANLIB=''
SED=''
SET_MAKE=''
SHELL='/bin/bash'
STRIP=''
THRIFT=''
THRIFT_LIB=''
TOFINO_LINK_PROFILER_FALSE=''
TOFINO_LINK_PROFILER_TRUE=''
VERSION=''
WITH_BMV2TOFINO_FALSE=''
WITH_BMV2TOFINO_TRUE=''
WITH_BMV2_FALSE=''
WITH_BMV2_TRUE=''
WITH_P4C_ALPHA_FALSE=''
WITH_P4C_ALPHA_TRUE=''
WITH_P4C_DEFAULT_FALSE=''
WITH_P4C_DEFAULT_TRUE=''
WITH_P4C_LEGACY_FALSE=''
WITH_P4C_LEGACY_TRUE=''
WITH_PI_FALSE=''
WITH_PI_TRUE=''
WITH_TOFINO_FALSE=''
WITH_TOFINO_TRUE=''
ac_ct_AR=''
ac_ct_CC=''
ac_ct_CXX=''
ac_ct_DUMPBIN=''
am__EXEEXT_FALSE=''
am__EXEEXT_TRUE=''
am__fastdepCC_FALSE=''
am__fastdepCC_TRUE=''
am__fastdepCXX_FALSE=''
am__fastdepCXX_TRUE=''
am__include=''
am__isrc=' -I$(srcdir)'
am__leading_dot='.'
am__nodep=''
am__quote=''
am__tar=''
am__untar=''
bindir='${exec_prefix}/bin'
build=''
build_alias=''
build_cpu=''
build_os=''
build_vendor=''
datadir='${datarootdir}'
datarootdir='${prefix}/share'
docdir='${datarootdir}/doc/${PACKAGE_TARNAME}'
dvidir='${docdir}'
exec_prefix='NONE'
host=''
host_alias=''
host_cpu=''
host_os=''
host_vendor=''
htmldir='${docdir}'
includedir='${prefix}/include'
infodir='${datarootdir}/info'
install_sh='${SHELL} /root/bf-sde-8.2.0/pkgsrc/p4-build/install-sh'
libdir='${exec_prefix}/lib'
libexecdir='${exec_prefix}/libexec'
localedir='${datarootdir}/locale'
localstatedir='${prefix}/var'
mandir='${datarootdir}/man'
mkdir_p=''
oldincludedir='/usr/include'
pdfdir='${docdir}'
pkgpyexecdir=''
pkgpythondir=''
prefix='/root/bf-sde-8.2.0/install'
program_transform_name='s,x,x,'
psdir='${docdir}'
pyexecdir=''
pythondir=''
sbindir='${exec_prefix}/sbin'
sharedstatedir='${prefix}/com'
sysconfdir='${prefix}/etc'
target_alias=''

## ----------- ##
## confdefs.h. ##
## ----------- ##

/* confdefs.h */
#define PACKAGE_NAME "p4-build"
#define PACKAGE_TARNAME "p4-build"
#define PACKAGE_VERSION "0.1"
#define PACKAGE_STRING "p4-build 0.1"
#define PACKAGE_BUGREPORT "antonin@barefootnetworks.com"
#define PACKAGE_URL ""

configure: exit 1
