2019-12-09 06:21:32.118471 INFO  BF_MC Write LAG node at addr 0x50a6 with id 255 and next node 0x50a7 0x0000_00000000ff050a7c
2019-12-09 06:21:32.118518 INFO  BF_MC Write LAG node at addr 0x50a7 with id 255 and next node 0x50a8 0x00ff_050a8c00ff050a7c
2019-12-09 06:21:32.118529 INFO  BF_MC Write LAG node at addr 0x50a8 with id 255 and next node 0x50a9 0x0000_00000000ff050a9c
2019-12-09 06:21:32.118536 INFO  BF_MC Write LAG node at addr 0x50a9 with id 255 and next node 0x50aa 0x00ff_050aac00ff050a9c
2019-12-09 06:21:32.118543 INFO  BF_MC Write LAG node at addr 0x50aa with id 255 and next node 0x50ab 0x0000_00000000ff050abc
2019-12-09 06:21:32.118551 INFO  BF_MC Write LAG node at addr 0x50ab with id 255 and next node 0x50ac 0x00ff_050acc00ff050abc
2019-12-09 06:21:32.118558 INFO  BF_MC Write LAG node at addr 0x50ac with id 255 and next node 0x50ad 0x0000_00000000ff050adc
2019-12-09 06:21:32.118565 INFO  BF_MC Write LAG node at addr 0x50ad with id 255 and next node 0x50ae 0x00ff_050aec00ff050adc
2019-12-09 06:21:32.118572 INFO  BF_MC Write LAG node at addr 0x50ae with id 255 and next node 0x50af 0x0000_00000000ff050afc
2019-12-09 06:21:32.118580 INFO  BF_MC Write LAG node at addr 0x50af with id 255 and next node 0x50b0 0x00ff_050b0c00ff050afc
2019-12-09 06:21:32.118587 INFO  BF_MC Write LAG node at addr 0x50b0 with id 255 and next node 0x50b1 0x0000_00000000ff050b1c
2019-12-09 06:21:32.118594 INFO  BF_MC Write LAG node at addr 0x50b1 with id 255 and next node 0x50b2 0x00ff_050b2c00ff050b1c
2019-12-09 06:21:32.118601 INFO  BF_MC Write LAG node at addr 0x50b2 with id 255 and next node 0x50b3 0x0000_00000000ff050b3c
2019-12-09 06:21:32.118609 INFO  BF_MC Write LAG node at addr 0x50b3 with id 255 and next node 0x50b4 0x00ff_050b4c00ff050b3c
2019-12-09 06:21:32.118616 INFO  BF_MC Write LAG node at addr 0x50b4 with id 255 and next node 0x50b5 0x0000_00000000ff050b5c
2019-12-09 06:21:32.118623 INFO  BF_MC Write LAG node at addr 0x50b5 with id 255 and next node 0x50b6 0x00ff_050b6c00ff050b5c
2019-12-09 06:21:32.118630 INFO  BF_MC Write LAG node at addr 0x50b6 with id 255 and next node 0x50b7 0x0000_00000000ff050b7c
2019-12-09 06:21:32.118637 INFO  BF_MC Write LAG node at addr 0x50b7 with id 255 and next node 0x50b8 0x00ff_050b8c00ff050b7c
2019-12-09 06:21:32.118644 INFO  BF_MC Write LAG node at addr 0x50b8 with id 255 and next node 0x50b9 0x0000_00000000ff050b9c
2019-12-09 06:21:32.118651 INFO  BF_MC Write LAG node at addr 0x50b9 with id 255 and next node 0x50ba 0x00ff_050bac00ff050b9c
2019-12-09 06:21:32.118658 INFO  BF_MC Write LAG node at addr 0x50ba with id 255 and next node 0x50bb 0x0000_00000000ff050bbc
2019-12-09 06:21:32.118666 INFO  BF_MC Write LAG node at addr 0x50bb with id 255 and next node 0x50bc 0x00ff_050bcc00ff050bbc
2019-12-09 06:21:32.118673 INFO  BF_MC Write LAG node at addr 0x50bc with id 255 and next node 0x50bd 0x0000_00000000ff050bdc
2019-12-09 06:21:32.118680 INFO  BF_MC Write LAG node at addr 0x50bd with id 255 and next node 0x50be 0x00ff_050bec00ff050bdc
2019-12-09 06:21:32.118687 INFO  BF_MC Write LAG node at addr 0x50be with id 255 and next node 0x50bf 0x0000_00000000ff050bfc
2019-12-09 06:21:32.118694 INFO  BF_MC Write LAG node at addr 0x50bf with id 255 and next node 0x50c0 0x00ff_050c0c00ff050bfc
2019-12-09 06:21:32.118701 INFO  BF_MC Write LAG node at addr 0x50c0 with id 255 and next node 0x50c1 0x0000_00000000ff050c1c
2019-12-09 06:21:32.118709 INFO  BF_MC Write LAG node at addr 0x50c1 with id 255 and next node 0x50c2 0x00ff_050c2c00ff050c1c
2019-12-09 06:21:32.118718 INFO  BF_MC Write LAG node at addr 0x50c2 with id 255 and next node 0x50c3 0x0000_00000000ff050c3c
2019-12-09 06:21:32.118729 INFO  BF_MC Write LAG node at addr 0x50c3 with id 255 and next node 0x50c4 0x00ff_050c4c00ff050c3c
2019-12-09 06:21:32.118740 INFO  BF_MC Write LAG node at addr 0x50c4 with id 255 and next node 0x50c5 0x0000_00000000ff050c5c
2019-12-09 06:21:32.121804 INFO  BF_MC Write LAG node at addr 0x50c5 with id 255 and next node 0x50c6 0x00ff_050c6c00ff050c5c
2019-12-09 06:21:32.121843 INFO  BF_MC Write LAG node at addr 0x50c6 with id 255 and next node 0x50c7 0x0000_00000000ff050c7c
2019-12-09 06:21:32.121872 INFO  BF_MC Write LAG node at addr 0x50c7 with id 255 and next node 0x50c8 0x00ff_050c8c00ff050c7c
2019-12-09 06:21:32.121887 INFO  BF_MC Write LAG node at addr 0x50c8 with id 255 and next node 0x50c9 0x0000_00000000ff050c9c
2019-12-09 06:21:32.121901 INFO  BF_MC Write LAG node at addr 0x50c9 with id 255 and next node 0x50ca 0x00ff_050cac00ff050c9c
2019-12-09 06:21:32.121915 INFO  BF_MC Write LAG node at addr 0x50ca with id 255 and next node 0x50cb 0x0000_00000000ff050cbc
2019-12-09 06:21:32.121935 INFO  BF_MC Write LAG node at addr 0x50cb with id 255 and next node 0x50cc 0x00ff_050ccc00ff050cbc
2019-12-09 06:21:32.121950 INFO  BF_MC Write LAG node at addr 0x50cc with id 255 and next node 0x50cd 0x0000_00000000ff050cdc
2019-12-09 06:21:32.121964 INFO  BF_MC Write LAG node at addr 0x50cd with id 255 and next node 0x50ce 0x00ff_050cec00ff050cdc
2019-12-09 06:21:32.121978 INFO  BF_MC Write LAG node at addr 0x50ce with id 255 and next node 0x50cf 0x0000_00000000ff050cfc
2019-12-09 06:21:32.121992 INFO  BF_MC Write LAG node at addr 0x50cf with id 255 and next node 0x50d0 0x00ff_050d0c00ff050cfc
2019-12-09 06:21:32.122008 INFO  BF_MC Write LAG node at addr 0x50d0 with id 255 and next node 0x50d1 0x0000_00000000ff050d1c
2019-12-09 06:21:32.122022 INFO  BF_MC Write LAG node at addr 0x50d1 with id 255 and next node 0x50d2 0x00ff_050d2c00ff050d1c
2019-12-09 06:21:32.122036 INFO  BF_MC Write LAG node at addr 0x50d2 with id 255 and next node 0x50d3 0x0000_00000000ff050d3c
2019-12-09 06:21:32.122050 INFO  BF_MC Write LAG node at addr 0x50d3 with id 255 and next node 0x50d4 0x00ff_050d4c00ff050d3c
2019-12-09 06:21:32.122065 INFO  BF_MC Write LAG node at addr 0x50d4 with id 255 and next node 0x50d5 0x0000_00000000ff050d5c
2019-12-09 06:21:32.122079 INFO  BF_MC Write LAG node at addr 0x50d5 with id 255 and next node 0x50d6 0x00ff_050d6c00ff050d5c
2019-12-09 06:21:32.122106 INFO  BF_MC Write LAG node at addr 0x50d6 with id 255 and next node 0x50d7 0x0000_00000000ff050d7c
2019-12-09 06:21:32.122114 INFO  BF_MC Write LAG node at addr 0x50d7 with id 255 and next node 0x50d8 0x00ff_050d8c00ff050d7c
2019-12-09 06:21:32.122121 INFO  BF_MC Write LAG node at addr 0x50d8 with id 255 and next node 0x50d9 0x0000_00000000ff050d9c
2019-12-09 06:21:32.122128 INFO  BF_MC Write LAG node at addr 0x50d9 with id 255 and next node 0x50da 0x00ff_050dac00ff050d9c
2019-12-09 06:21:32.122135 INFO  BF_MC Write LAG node at addr 0x50da with id 255 and next node 0x50db 0x0000_00000000ff050dbc
2019-12-09 06:21:32.122142 INFO  BF_MC Write LAG node at addr 0x50db with id 255 and next node 0x50dc 0x00ff_050dcc00ff050dbc
2019-12-09 06:21:32.122149 INFO  BF_MC Write LAG node at addr 0x50dc with id 255 and next node 0x50dd 0x0000_00000000ff050ddc
2019-12-09 06:21:32.122156 INFO  BF_MC Write LAG node at addr 0x50dd with id 255 and next node 0x50de 0x00ff_050dec00ff050ddc
2019-12-09 06:21:32.122164 INFO  BF_MC Write LAG node at addr 0x50de with id 255 and next node 0x50df 0x0000_00000000ff050dfc
2019-12-09 06:21:32.122171 INFO  BF_MC Write LAG node at addr 0x50df with id 255 and next node 0x50e0 0x00ff_050e0c00ff050dfc
2019-12-09 06:21:32.122178 INFO  BF_MC Write LAG node at addr 0x50e0 with id 255 and next node 0x50e1 0x0000_00000000ff050e1c
2019-12-09 06:21:32.122185 INFO  BF_MC Write LAG node at addr 0x50e1 with id 255 and next node 0x50e2 0x00ff_050e2c00ff050e1c
2019-12-09 06:21:32.122192 INFO  BF_MC Write LAG node at addr 0x50e2 with id 255 and next node 0x50e3 0x0000_00000000ff050e3c
2019-12-09 06:21:32.122199 INFO  BF_MC Write LAG node at addr 0x50e3 with id 255 and next node 0x50e4 0x00ff_050e4c00ff050e3c
2019-12-09 06:21:32.122206 INFO  BF_MC Write LAG node at addr 0x50e4 with id 255 and next node 0x50e5 0x0000_00000000ff050e5c
2019-12-09 06:21:32.122214 INFO  BF_MC Write LAG node at addr 0x50e5 with id 255 and next node 0x50e6 0x00ff_050e6c00ff050e5c
2019-12-09 06:21:32.122221 INFO  BF_MC Write LAG node at addr 0x50e6 with id 255 and next node 0x50e7 0x0000_00000000ff050e7c
2019-12-09 06:21:32.122228 INFO  BF_MC Write LAG node at addr 0x50e7 with id 255 and next node 0x50e8 0x00ff_050e8c00ff050e7c
2019-12-09 06:21:32.122240 INFO  BF_MC Write LAG node at addr 0x50e8 with id 255 and next node 0x50e9 0x0000_00000000ff050e9c
2019-12-09 06:21:32.122247 INFO  BF_MC Write LAG node at addr 0x50e9 with id 255 and next node 0x50ea 0x00ff_050eac00ff050e9c
2019-12-09 06:21:32.122255 INFO  BF_MC Write LAG node at addr 0x50ea with id 255 and next node 0x50eb 0x0000_00000000ff050ebc
2019-12-09 06:21:32.122262 INFO  BF_MC Write LAG node at addr 0x50eb with id 255 and next node 0x50ec 0x00ff_050ecc00ff050ebc
2019-12-09 06:21:32.122269 INFO  BF_MC Write LAG node at addr 0x50ec with id 255 and next node 0x50ed 0x0000_00000000ff050edc
2019-12-09 06:21:32.122276 INFO  BF_MC Write LAG node at addr 0x50ed with id 255 and next node 0x50ee 0x00ff_050eec00ff050edc
2019-12-09 06:21:32.122284 INFO  BF_MC Write LAG node at addr 0x50ee with id 255 and next node 0x50ef 0x0000_00000000ff050efc
2019-12-09 06:21:32.122291 INFO  BF_MC Write LAG node at addr 0x50ef with id 255 and next node 0x50f0 0x00ff_050f0c00ff050efc
2019-12-09 06:21:32.122305 INFO  BF_MC Write LAG node at addr 0x50f0 with id 255 and next node 0x50f1 0x0000_00000000ff050f1c
2019-12-09 06:21:32.122314 INFO  BF_MC Write LAG node at addr 0x50f1 with id 255 and next node 0x50f2 0x00ff_050f2c00ff050f1c
2019-12-09 06:21:32.122321 INFO  BF_MC Write LAG node at addr 0x50f2 with id 255 and next node 0x50f3 0x0000_00000000ff050f3c
2019-12-09 06:21:32.122329 INFO  BF_MC Write LAG node at addr 0x50f3 with id 255 and next node 0x50f4 0x00ff_050f4c00ff050f3c
2019-12-09 06:21:32.122336 INFO  BF_MC Write LAG node at addr 0x50f4 with id 255 and next node 0x50f5 0x0000_00000000ff050f5c
2019-12-09 06:21:32.122343 INFO  BF_MC Write LAG node at addr 0x50f5 with id 255 and next node 0x50f6 0x00ff_050f6c00ff050f5c
2019-12-09 06:21:32.122350 INFO  BF_MC Write LAG node at addr 0x50f6 with id 255 and next node 0x50f7 0x0000_00000000ff050f7c
2019-12-09 06:21:32.122358 INFO  BF_MC Write LAG node at addr 0x50f7 with id 255 and next node 0x50f8 0x00ff_050f8c00ff050f7c
2019-12-09 06:21:32.122365 INFO  BF_MC Write LAG node at addr 0x50f8 with id 255 and next node 0x50f9 0x0000_00000000ff050f9c
2019-12-09 06:21:32.122372 INFO  BF_MC Write LAG node at addr 0x50f9 with id 255 and next node 0x50fa 0x00ff_050fac00ff050f9c
2019-12-09 06:21:32.122379 INFO  BF_MC Write LAG node at addr 0x50fa with id 255 and next node 0x50fb 0x0000_00000000ff050fbc
2019-12-09 06:21:32.122386 INFO  BF_MC Write LAG node at addr 0x50fb with id 255 and next node 0x50fc 0x00ff_050fcc00ff050fbc
2019-12-09 06:21:32.122393 INFO  BF_MC Write LAG node at addr 0x50fc with id 255 and next node 0x50fd 0x0000_00000000ff050fdc
2019-12-09 06:21:32.122400 INFO  BF_MC Write LAG node at addr 0x50fd with id 255 and next node 0x50fe 0x00ff_050fec00ff050fdc
2019-12-09 06:21:32.122408 INFO  BF_MC Write LAG node at addr 0x50fe with id 255 and next node 0x50ff 0x0000_00000000ff050ffc
2019-12-09 06:21:32.122415 INFO  BF_MC Write LAG node at addr 0x50ff with id 255 and next node 0x5100 0x00ff_05100c00ff050ffc
2019-12-09 06:21:32.122422 INFO  BF_MC Write LAG node at addr 0x5100 with id 255 and next node 0x5101 0x0000_00000000ff05101c
2019-12-09 06:21:32.122429 INFO  BF_MC Write LAG node at addr 0x5101 with id 255 and next node 0x5102 0x00ff_05102c00ff05101c
2019-12-09 06:21:32.122436 INFO  BF_MC Write LAG node at addr 0x5102 with id 255 and next node 0x5103 0x0000_00000000ff05103c
2019-12-09 06:21:32.122444 INFO  BF_MC Write LAG node at addr 0x5103 with id 255 and next node 0 0x00ff_00000c00ff05103c
2019-12-09 06:21:32.122459 INFO  BF_MC Allocated RDM addresses 0x11c0 - 0x11df
2019-12-09 06:21:32.122468 INFO  BF_MC Write L1End node at addr 0x11c0, rid 0, l2 0x5101
2019-12-09 06:21:32.122475 INFO  BF_MC Write L1End node at addr 0x11c1, rid 0, l2 0x5100
2019-12-09 06:21:32.122481 INFO  BF_MC Write L1End node at addr 0x11c2, rid 0, l2 0x50ff
2019-12-09 06:21:32.122488 INFO  BF_MC Write L1End node at addr 0x11c3, rid 0, l2 0x50fe
2019-12-09 06:21:32.122495 INFO  BF_MC Write L1End node at addr 0x11c4, rid 0, l2 0x50fd
2019-12-09 06:21:32.122506 INFO  BF_MC Write L1End node at addr 0x11c5, rid 0, l2 0x50fc
2019-12-09 06:21:32.122513 INFO  BF_MC Write L1End node at addr 0x11c6, rid 0, l2 0x50fb
2019-12-09 06:21:32.122520 INFO  BF_MC Write L1End node at addr 0x11c7, rid 0, l2 0x50fa
2019-12-09 06:21:32.122526 INFO  BF_MC Write L1End node at addr 0x11c8, rid 0, l2 0x50f8
2019-12-09 06:21:32.122533 INFO  BF_MC Write L1End node at addr 0x11c9, rid 0, l2 0x50f6
2019-12-09 06:21:32.122539 INFO  BF_MC Write L1End node at addr 0x11ca, rid 0, l2 0x50f4
2019-12-09 06:21:32.122546 INFO  BF_MC Write L1End node at addr 0x11cb, rid 0, l2 0x50f2
2019-12-09 06:21:32.122553 INFO  BF_MC Write L1End node at addr 0x11cc, rid 0, l2 0x50f0
2019-12-09 06:21:32.122559 INFO  BF_MC Write L1End node at addr 0x11cd, rid 0, l2 0x50ee
2019-12-09 06:21:32.122566 INFO  BF_MC Write L1End node at addr 0x11ce, rid 0, l2 0x50ec
2019-12-09 06:21:32.122573 INFO  BF_MC Write L1End node at addr 0x11cf, rid 0, l2 0x50ea
2019-12-09 06:21:32.122579 INFO  BF_MC Write L1End node at addr 0x11d0, rid 0, l2 0x50e8
2019-12-09 06:21:32.122586 INFO  BF_MC Write L1End node at addr 0x11d1, rid 0, l2 0x50e6
2019-12-09 06:21:32.122593 INFO  BF_MC Write L1End node at addr 0x11d2, rid 0, l2 0x50e4
2019-12-09 06:21:32.122599 INFO  BF_MC Write L1End node at addr 0x11d3, rid 0, l2 0x50e0
2019-12-09 06:21:32.122606 INFO  BF_MC Write L1End node at addr 0x11d4, rid 0, l2 0x50dc
2019-12-09 06:21:32.122614 INFO  BF_MC Write L1End node at addr 0x11d5, rid 0, l2 0x50d8
2019-12-09 06:21:32.122620 INFO  BF_MC Write L1End node at addr 0x11d6, rid 0, l2 0x50d4
2019-12-09 06:21:32.122627 INFO  BF_MC Write L1End node at addr 0x11d7, rid 0, l2 0x50cc
2019-12-09 06:21:32.122634 INFO  BF_MC Write L1End node at addr 0x11d8, rid 0, l2 0x50c4
2019-12-09 06:21:32.122641 INFO  BF_MC Write L1End node at addr 0x11d9, rid 0, l2 0x50bc
2019-12-09 06:21:32.122647 INFO  BF_MC Write L1End node at addr 0x11da, rid 0, l2 0x50a0
2019-12-09 06:21:32.122654 INFO  BF_MC Write L1End node at addr 0x11db, rid 0, l2 0x5087
2019-12-09 06:21:32.122660 INFO  BF_MC Write L1End node at addr 0x11dc, rid 0, l2 0x506e
2019-12-09 06:21:32.122667 INFO  BF_MC Write L1End node at addr 0x11dd, rid 0, l2 0x5055
2019-12-09 06:21:32.122673 INFO  BF_MC Write L1End node at addr 0x11de, rid 0, l2 0x503c
2019-12-09 06:21:32.122680 INFO  BF_MC Write L1End node at addr 0x11df, rid 0, l2 0x5000
2019-12-09 06:21:32.122689 INFO  BF_MC Allocated RDM addresses 0x6000 - 0x6103
2019-12-09 06:21:32.122697 INFO  BF_MC Write LAG node at addr 0x6000 with id 255 and next node 0x6001 0x0000_00000000ff06001c
2019-12-09 06:21:32.122704 INFO  BF_MC Write LAG node at addr 0x6001 with id 255 and next node 0x6002 0x00ff_06002c00ff06001c
2019-12-09 06:21:32.122711 INFO  BF_MC Write LAG node at addr 0x6002 with id 255 and next node 0x6003 0x0000_00000000ff06003c
2019-12-09 06:21:32.122719 INFO  BF_MC Write LAG node at addr 0x6003 with id 255 and next node 0x6004 0x00ff_06004c00ff06003c
2019-12-09 06:21:32.122726 INFO  BF_MC Write LAG node at addr 0x6004 with id 255 and next node 0x6005 0x0000_00000000ff06005c
2019-12-09 06:21:32.122733 INFO  BF_MC Write LAG node at addr 0x6005 with id 255 and next node 0x6006 0x00ff_06006c00ff06005c
2019-12-09 06:21:32.122740 INFO  BF_MC Write LAG node at addr 0x6006 with id 255 and next node 0x6007 0x0000_00000000ff06007c
2019-12-09 06:21:32.122747 INFO  BF_MC Write LAG node at addr 0x6007 with id 255 and next node 0x6008 0x00ff_06008c00ff06007c
2019-12-09 06:21:32.122755 INFO  BF_MC Write LAG node at addr 0x6008 with id 255 and next node 0x6009 0x0000_00000000ff06009c
2019-12-09 06:21:32.122762 INFO  BF_MC Write LAG node at addr 0x6009 with id 255 and next node 0x600a 0x00ff_0600ac00ff06009c
2019-12-09 06:21:32.122769 INFO  BF_MC Write LAG node at addr 0x600a with id 255 and next node 0x600b 0x0000_00000000ff0600bc
2019-12-09 06:21:32.122776 INFO  BF_MC Write LAG node at addr 0x600b with id 255 and next node 0x600c 0x00ff_0600cc00ff0600bc
2019-12-09 06:21:32.122783 INFO  BF_MC Write LAG node at addr 0x600c with id 255 and next node 0x600d 0x0000_00000000ff0600dc
2019-12-09 06:21:32.122796 INFO  BF_MC Write LAG node at addr 0x600d with id 255 and next node 0x600e 0x00ff_0600ec00ff0600dc
2019-12-09 06:21:32.122804 INFO  BF_MC Write LAG node at addr 0x600e with id 255 and next node 0x600f 0x0000_00000000ff0600fc
2019-12-09 06:21:32.122811 INFO  BF_MC Write LAG node at addr 0x600f with id 255 and next node 0x6010 0x00ff_06010c00ff0600fc
2019-12-09 06:21:32.122818 INFO  BF_MC Write LAG node at addr 0x6010 with id 255 and next node 0x6011 0x0000_00000000ff06011c
2019-12-09 06:21:32.122825 INFO  BF_MC Write LAG node at addr 0x6011 with id 255 and next node 0x6012 0x00ff_06012c00ff06011c
2019-12-09 06:21:32.122832 INFO  BF_MC Write LAG node at addr 0x6012 with id 255 and next node 0x6013 0x0000_00000000ff06013c
2019-12-09 06:21:32.122839 INFO  BF_MC Write LAG node at addr 0x6013 with id 255 and next node 0x6014 0x00ff_06014c00ff06013c
2019-12-09 06:21:32.122847 INFO  BF_MC Write LAG node at addr 0x6014 with id 255 and next node 0x6015 0x0000_00000000ff06015c
2019-12-09 06:21:32.122854 INFO  BF_MC Write LAG node at addr 0x6015 with id 255 and next node 0x6016 0x00ff_06016c00ff06015c
2019-12-09 06:21:32.122861 INFO  BF_MC Write LAG node at addr 0x6016 with id 255 and next node 0x6017 0x0000_00000000ff06017c
2019-12-09 06:21:32.122868 INFO  BF_MC Write LAG node at addr 0x6017 with id 255 and next node 0x6018 0x00ff_06018c00ff06017c
2019-12-09 06:21:32.122875 INFO  BF_MC Write LAG node at addr 0x6018 with id 255 and next node 0x6019 0x0000_00000000ff06019c
2019-12-09 06:21:32.122882 INFO  BF_MC Write LAG node at addr 0x6019 with id 255 and next node 0x601a 0x00ff_0601ac00ff06019c
2019-12-09 06:21:32.122889 INFO  BF_MC Write LAG node at addr 0x601a with id 255 and next node 0x601b 0x0000_00000000ff0601bc
2019-12-09 06:21:32.122897 INFO  BF_MC Write LAG node at addr 0x601b with id 255 and next node 0x601c 0x00ff_0601cc00ff0601bc
2019-12-09 06:21:32.122904 INFO  BF_MC Write LAG node at addr 0x601c with id 255 and next node 0x601d 0x0000_00000000ff0601dc
2019-12-09 06:21:32.122911 INFO  BF_MC Write LAG node at addr 0x601d with id 255 and next node 0x601e 0x00ff_0601ec00ff0601dc
2019-12-09 06:21:32.122918 INFO  BF_MC Write LAG node at addr 0x601e with id 255 and next node 0x601f 0x0000_00000000ff0601fc
2019-12-09 06:21:32.122925 INFO  BF_MC Write LAG node at addr 0x601f with id 255 and next node 0x6020 0x00ff_06020c00ff0601fc
2019-12-09 06:21:32.122932 INFO  BF_MC Write LAG node at addr 0x6020 with id 255 and next node 0x6021 0x0000_00000000ff06021c
2019-12-09 06:21:32.122940 INFO  BF_MC Write LAG node at addr 0x6021 with id 255 and next node 0x6022 0x00ff_06022c00ff06021c
2019-12-09 06:21:32.122947 INFO  BF_MC Write LAG node at addr 0x6022 with id 255 and next node 0x6023 0x0000_00000000ff06023c
2019-12-09 06:21:32.122954 INFO  BF_MC Write LAG node at addr 0x6023 with id 255 and next node 0x6024 0x00ff_06024c00ff06023c
2019-12-09 06:21:32.122961 INFO  BF_MC Write LAG node at addr 0x6024 with id 255 and next node 0x6025 0x0000_00000000ff06025c
2019-12-09 06:21:32.122968 INFO  BF_MC Write LAG node at addr 0x6025 with id 255 and next node 0x6026 0x00ff_06026c00ff06025c
2019-12-09 06:21:32.122975 INFO  BF_MC Write LAG node at addr 0x6026 with id 255 and next node 0x6027 0x0000_00000000ff06027c
2019-12-09 06:21:32.122982 INFO  BF_MC Write LAG node at addr 0x6027 with id 255 and next node 0x6028 0x00ff_06028c00ff06027c
2019-12-09 06:21:32.122990 INFO  BF_MC Write LAG node at addr 0x6028 with id 255 and next node 0x6029 0x0000_00000000ff06029c
2019-12-09 06:21:32.122997 INFO  BF_MC Write LAG node at addr 0x6029 with id 255 and next node 0x602a 0x00ff_0602ac00ff06029c
2019-12-09 06:21:32.123004 INFO  BF_MC Write LAG node at addr 0x602a with id 255 and next node 0x602b 0x0000_00000000ff0602bc
2019-12-09 06:21:32.123011 INFO  BF_MC Write LAG node at addr 0x602b with id 255 and next node 0x602c 0x00ff_0602cc00ff0602bc
2019-12-09 06:21:32.123018 INFO  BF_MC Write LAG node at addr 0x602c with id 255 and next node 0x602d 0x0000_00000000ff0602dc
2019-12-09 06:21:32.123029 INFO  BF_MC Write LAG node at addr 0x602d with id 255 and next node 0x602e 0x00ff_0602ec00ff0602dc
2019-12-09 06:21:32.123036 INFO  BF_MC Write LAG node at addr 0x602e with id 255 and next node 0x602f 0x0000_00000000ff0602fc
2019-12-09 06:21:32.123043 INFO  BF_MC Write LAG node at addr 0x602f with id 255 and next node 0x6030 0x00ff_06030c00ff0602fc
2019-12-09 06:21:32.123052 INFO  BF_MC Write LAG node at addr 0x6030 with id 255 and next node 0x6031 0x0000_00000000ff06031c
2019-12-09 06:21:32.123059 INFO  BF_MC Write LAG node at addr 0x6031 with id 255 and next node 0x6032 0x00ff_06032c00ff06031c
2019-12-09 06:21:32.123066 INFO  BF_MC Write LAG node at addr 0x6032 with id 255 and next node 0x6033 0x0000_00000000ff06033c
2019-12-09 06:21:32.123074 INFO  BF_MC Write LAG node at addr 0x6033 with id 255 and next node 0x6034 0x00ff_06034c00ff06033c
2019-12-09 06:21:32.123081 INFO  BF_MC Write LAG node at addr 0x6034 with id 255 and next node 0x6035 0x0000_00000000ff06035c
2019-12-09 06:21:32.123088 INFO  BF_MC Write LAG node at addr 0x6035 with id 255 and next node 0x6036 0x00ff_06036c00ff06035c
2019-12-09 06:21:32.123095 INFO  BF_MC Write LAG node at addr 0x6036 with id 255 and next node 0x6037 0x0000_00000000ff06037c
2019-12-09 06:21:32.123102 INFO  BF_MC Write LAG node at addr 0x6037 with id 255 and next node 0x6038 0x00ff_06038c00ff06037c
2019-12-09 06:21:32.123110 INFO  BF_MC Write LAG node at addr 0x6038 with id 255 and next node 0x6039 0x0000_00000000ff06039c
2019-12-09 06:21:32.123117 INFO  BF_MC Write LAG node at addr 0x6039 with id 255 and next node 0x603a 0x00ff_0603ac00ff06039c
2019-12-09 06:21:32.123124 INFO  BF_MC Write LAG node at addr 0x603a with id 255 and next node 0x603b 0x0000_00000000ff0603bc
2019-12-09 06:21:32.123131 INFO  BF_MC Write LAG node at addr 0x603b with id 255 and next node 0x603c 0x00ff_0603cc00ff0603bc
2019-12-09 06:21:32.123138 INFO  BF_MC Write LAG node at addr 0x603c with id 255 and next node 0x603d 0x0000_00000000ff0603dc
2019-12-09 06:21:32.123146 INFO  BF_MC Write LAG node at addr 0x603d with id 255 and next node 0x603e 0x00ff_0603ec00ff0603dc
2019-12-09 06:21:32.123153 INFO  BF_MC Write LAG node at addr 0x603e with id 255 and next node 0x603f 0x0000_00000000ff0603fc
2019-12-09 06:21:32.123160 INFO  BF_MC Write LAG node at addr 0x603f with id 255 and next node 0x6040 0x00ff_06040c00ff0603fc
2019-12-09 06:21:32.123167 INFO  BF_MC Write LAG node at addr 0x6040 with id 255 and next node 0x6041 0x0000_00000000ff06041c
2019-12-09 06:21:32.123174 INFO  BF_MC Write LAG node at addr 0x6041 with id 255 and next node 0x6042 0x00ff_06042c00ff06041c
2019-12-09 06:21:32.123181 INFO  BF_MC Write LAG node at addr 0x6042 with id 255 and next node 0x6043 0x0000_00000000ff06043c
2019-12-09 06:21:32.123189 INFO  BF_MC Write LAG node at addr 0x6043 with id 255 and next node 0x6044 0x00ff_06044c00ff06043c
2019-12-09 06:21:32.123196 INFO  BF_MC Write LAG node at addr 0x6044 with id 255 and next node 0x6045 0x0000_00000000ff06045c
2019-12-09 06:21:32.123203 INFO  BF_MC Write LAG node at addr 0x6045 with id 255 and next node 0x6046 0x00ff_06046c00ff06045c
2019-12-09 06:21:32.123210 INFO  BF_MC Write LAG node at addr 0x6046 with id 255 and next node 0x6047 0x0000_00000000ff06047c
2019-12-09 06:21:32.123217 INFO  BF_MC Write LAG node at addr 0x6047 with id 255 and next node 0x6048 0x00ff_06048c00ff06047c
2019-12-09 06:21:32.123224 INFO  BF_MC Write LAG node at addr 0x6048 with id 255 and next node 0x6049 0x0000_00000000ff06049c
2019-12-09 06:21:32.123231 INFO  BF_MC Write LAG node at addr 0x6049 with id 255 and next node 0x604a 0x00ff_0604ac00ff06049c
2019-12-09 06:21:32.123238 INFO  BF_MC Write LAG node at addr 0x604a with id 255 and next node 0x604b 0x0000_00000000ff0604bc
2019-12-09 06:21:32.123246 INFO  BF_MC Write LAG node at addr 0x604b with id 255 and next node 0x604c 0x00ff_0604cc00ff0604bc
2019-12-09 06:21:32.123253 INFO  BF_MC Write LAG node at addr 0x604c with id 255 and next node 0x604d 0x0000_00000000ff0604dc
2019-12-09 06:21:32.123260 INFO  BF_MC Write LAG node at addr 0x604d with id 255 and next node 0x604e 0x00ff_0604ec00ff0604dc
2019-12-09 06:21:32.123271 INFO  BF_MC Write LAG node at addr 0x604e with id 255 and next node 0x604f 0x0000_00000000ff0604fc
2019-12-09 06:21:32.123278 INFO  BF_MC Write LAG node at addr 0x604f with id 255 and next node 0x6050 0x00ff_06050c00ff0604fc
2019-12-09 06:21:32.123285 INFO  BF_MC Write LAG node at addr 0x6050 with id 255 and next node 0x6051 0x0000_00000000ff06051c
2019-12-09 06:21:32.123292 INFO  BF_MC Write LAG node at addr 0x6051 with id 255 and next node 0x6052 0x00ff_06052c00ff06051c
2019-12-09 06:21:32.123299 INFO  BF_MC Write LAG node at addr 0x6052 with id 255 and next node 0x6053 0x0000_00000000ff06053c
2019-12-09 06:21:32.123306 INFO  BF_MC Write LAG node at addr 0x6053 with id 255 and next node 0x6054 0x00ff_06054c00ff06053c
2019-12-09 06:21:32.123313 INFO  BF_MC Write LAG node at addr 0x6054 with id 255 and next node 0x6055 0x0000_00000000ff06055c
2019-12-09 06:21:32.123321 INFO  BF_MC Write LAG node at addr 0x6055 with id 255 and next node 0x6056 0x00ff_06056c00ff06055c
2019-12-09 06:21:32.123328 INFO  BF_MC Write LAG node at addr 0x6056 with id 255 and next node 0x6057 0x0000_00000000ff06057c
2019-12-09 06:21:32.123336 INFO  BF_MC Write LAG node at addr 0x6057 with id 255 and next node 0x6058 0x00ff_06058c00ff06057c
2019-12-09 06:21:32.123343 INFO  BF_MC Write LAG node at addr 0x6058 with id 255 and next node 0x6059 0x0000_00000000ff06059c
2019-12-09 06:21:32.123350 INFO  BF_MC Write LAG node at addr 0x6059 with id 255 and next node 0x605a 0x00ff_0605ac00ff06059c
2019-12-09 06:21:32.123357 INFO  BF_MC Write LAG node at addr 0x605a with id 255 and next node 0x605b 0x0000_00000000ff0605bc
2019-12-09 06:21:32.123364 INFO  BF_MC Write LAG node at addr 0x605b with id 255 and next node 0x605c 0x00ff_0605cc00ff0605bc
2019-12-09 06:21:32.123371 INFO  BF_MC Write LAG node at addr 0x605c with id 255 and next node 0x605d 0x0000_00000000ff0605dc
2019-12-09 06:21:32.123378 INFO  BF_MC Write LAG node at addr 0x605d with id 255 and next node 0x605e 0x00ff_0605ec00ff0605dc
2019-12-09 06:21:32.123386 INFO  BF_MC Write LAG node at addr 0x605e with id 255 and next node 0x605f 0x0000_00000000ff0605fc
2019-12-09 06:21:32.123393 INFO  BF_MC Write LAG node at addr 0x605f with id 255 and next node 0x6060 0x00ff_06060c00ff0605fc
2019-12-09 06:21:32.123400 INFO  BF_MC Write LAG node at addr 0x6060 with id 255 and next node 0x6061 0x0000_00000000ff06061c
2019-12-09 06:21:32.123407 INFO  BF_MC Write LAG node at addr 0x6061 with id 255 and next node 0x6062 0x00ff_06062c00ff06061c
2019-12-09 06:21:32.123414 INFO  BF_MC Write LAG node at addr 0x6062 with id 255 and next node 0x6063 0x0000_00000000ff06063c
2019-12-09 06:21:32.123421 INFO  BF_MC Write LAG node at addr 0x6063 with id 255 and next node 0x6064 0x00ff_06064c00ff06063c
2019-12-09 06:21:32.123428 INFO  BF_MC Write LAG node at addr 0x6064 with id 255 and next node 0x6065 0x0000_00000000ff06065c
2019-12-09 06:21:32.123435 INFO  BF_MC Write LAG node at addr 0x6065 with id 255 and next node 0x6066 0x00ff_06066c00ff06065c
2019-12-09 06:21:32.123442 INFO  BF_MC Write LAG node at addr 0x6066 with id 255 and next node 0x6067 0x0000_00000000ff06067c
2019-12-09 06:21:32.123449 INFO  BF_MC Write LAG node at addr 0x6067 with id 255 and next node 0x6068 0x00ff_06068c00ff06067c
2019-12-09 06:21:32.123456 INFO  BF_MC Write LAG node at addr 0x6068 with id 255 and next node 0x6069 0x0000_00000000ff06069c
2019-12-09 06:21:32.123463 INFO  BF_MC Write LAG node at addr 0x6069 with id 255 and next node 0x606a 0x00ff_0606ac00ff06069c
2019-12-09 06:21:32.123470 INFO  BF_MC Write LAG node at addr 0x606a with id 255 and next node 0x606b 0x0000_00000000ff0606bc
2019-12-09 06:21:32.123478 INFO  BF_MC Write LAG node at addr 0x606b with id 255 and next node 0x606c 0x00ff_0606cc00ff0606bc
2019-12-09 06:21:32.123486 INFO  BF_MC Write LAG node at addr 0x606c with id 255 and next node 0x606d 0x0000_00000000ff0606dc
2019-12-09 06:21:32.123493 INFO  BF_MC Write LAG node at addr 0x606d with id 255 and next node 0x606e 0x00ff_0606ec00ff0606dc
2019-12-09 06:21:32.123505 INFO  BF_MC Write LAG node at addr 0x606e with id 255 and next node 0x606f 0x0000_00000000ff0606fc
2019-12-09 06:21:32.123512 INFO  BF_MC Write LAG node at addr 0x606f with id 255 and next node 0x6070 0x00ff_06070c00ff0606fc
2019-12-09 06:21:32.123520 INFO  BF_MC Write LAG node at addr 0x6070 with id 255 and next node 0x6071 0x0000_00000000ff06071c
2019-12-09 06:21:32.123527 INFO  BF_MC Write LAG node at addr 0x6071 with id 255 and next node 0x6072 0x00ff_06072c00ff06071c
2019-12-09 06:21:32.123534 INFO  BF_MC Write LAG node at addr 0x6072 with id 255 and next node 0x6073 0x0000_00000000ff06073c
2019-12-09 06:21:32.123541 INFO  BF_MC Write LAG node at addr 0x6073 with id 255 and next node 0x6074 0x00ff_06074c00ff06073c
2019-12-09 06:21:32.123548 INFO  BF_MC Write LAG node at addr 0x6074 with id 255 and next node 0x6075 0x0000_00000000ff06075c
2019-12-09 06:21:32.123556 INFO  BF_MC Write LAG node at addr 0x6075 with id 255 and next node 0x6076 0x00ff_06076c00ff06075c
2019-12-09 06:21:32.123563 INFO  BF_MC Write LAG node at addr 0x6076 with id 255 and next node 0x6077 0x0000_00000000ff06077c
2019-12-09 06:21:32.123570 INFO  BF_MC Write LAG node at addr 0x6077 with id 255 and next node 0x6078 0x00ff_06078c00ff06077c
2019-12-09 06:21:32.123577 INFO  BF_MC Write LAG node at addr 0x6078 with id 255 and next node 0x6079 0x0000_00000000ff06079c
2019-12-09 06:21:32.123584 INFO  BF_MC Write LAG node at addr 0x6079 with id 255 and next node 0x607a 0x00ff_0607ac00ff06079c
2019-12-09 06:21:32.123591 INFO  BF_MC Write LAG node at addr 0x607a with id 255 and next node 0x607b 0x0000_00000000ff0607bc
2019-12-09 06:21:32.123599 INFO  BF_MC Write LAG node at addr 0x607b with id 255 and next node 0x607c 0x00ff_0607cc00ff0607bc
2019-12-09 06:21:32.123606 INFO  BF_MC Write LAG node at addr 0x607c with id 255 and next node 0x607d 0x0000_00000000ff0607dc
2019-12-09 06:21:32.123613 INFO  BF_MC Write LAG node at addr 0x607d with id 255 and next node 0x607e 0x00ff_0607ec00ff0607dc
2019-12-09 06:21:32.123620 INFO  BF_MC Write LAG node at addr 0x607e with id 255 and next node 0x607f 0x0000_00000000ff0607fc
2019-12-09 06:21:32.123628 INFO  BF_MC Write LAG node at addr 0x607f with id 255 and next node 0x6080 0x00ff_06080c00ff0607fc
2019-12-09 06:21:32.123635 INFO  BF_MC Write LAG node at addr 0x6080 with id 255 and next node 0x6081 0x0000_00000000ff06081c
2019-12-09 06:21:32.123642 INFO  BF_MC Write LAG node at addr 0x6081 with id 255 and next node 0x6082 0x00ff_06082c00ff06081c
2019-12-09 06:21:32.123649 INFO  BF_MC Write LAG node at addr 0x6082 with id 255 and next node 0x6083 0x0000_00000000ff06083c
2019-12-09 06:21:32.123657 INFO  BF_MC Write LAG node at addr 0x6083 with id 255 and next node 0x6084 0x00ff_06084c00ff06083c
2019-12-09 06:21:32.123664 INFO  BF_MC Write LAG node at addr 0x6084 with id 255 and next node 0x6085 0x0000_00000000ff06085c
2019-12-09 06:21:32.123671 INFO  BF_MC Write LAG node at addr 0x6085 with id 255 and next node 0x6086 0x00ff_06086c00ff06085c
2019-12-09 06:21:32.123678 INFO  BF_MC Write LAG node at addr 0x6086 with id 255 and next node 0x6087 0x0000_00000000ff06087c
2019-12-09 06:21:32.123685 INFO  BF_MC Write LAG node at addr 0x6087 with id 255 and next node 0x6088 0x00ff_06088c00ff06087c
2019-12-09 06:21:32.123692 INFO  BF_MC Write LAG node at addr 0x6088 with id 255 and next node 0x6089 0x0000_00000000ff06089c
2019-12-09 06:21:32.123699 INFO  BF_MC Write LAG node at addr 0x6089 with id 255 and next node 0x608a 0x00ff_0608ac00ff06089c
2019-12-09 06:21:32.123706 INFO  BF_MC Write LAG node at addr 0x608a with id 255 and next node 0x608b 0x0000_00000000ff0608bc
2019-12-09 06:21:32.123714 INFO  BF_MC Write LAG node at addr 0x608b with id 255 and next node 0x608c 0x00ff_0608cc00ff0608bc
2019-12-09 06:21:32.123721 INFO  BF_MC Write LAG node at addr 0x608c with id 255 and next node 0x608d 0x0000_00000000ff0608dc
2019-12-09 06:21:32.123728 INFO  BF_MC Write LAG node at addr 0x608d with id 255 and next node 0x608e 0x00ff_0608ec00ff0608dc
2019-12-09 06:21:32.123735 INFO  BF_MC Write LAG node at addr 0x608e with id 255 and next node 0x608f 0x0000_00000000ff0608fc
2019-12-09 06:21:32.123746 INFO  BF_MC Write LAG node at addr 0x608f with id 255 and next node 0x6090 0x00ff_06090c00ff0608fc
2019-12-09 06:21:32.123754 INFO  BF_MC Write LAG node at addr 0x6090 with id 255 and next node 0x6091 0x0000_00000000ff06091c
2019-12-09 06:21:32.123761 INFO  BF_MC Write LAG node at addr 0x6091 with id 255 and next node 0x6092 0x00ff_06092c00ff06091c
2019-12-09 06:21:32.123768 INFO  BF_MC Write LAG node at addr 0x6092 with id 255 and next node 0x6093 0x0000_00000000ff06093c
2019-12-09 06:21:32.123775 INFO  BF_MC Write LAG node at addr 0x6093 with id 255 and next node 0x6094 0x00ff_06094c00ff06093c
2019-12-09 06:21:32.123782 INFO  BF_MC Write LAG node at addr 0x6094 with id 255 and next node 0x6095 0x0000_00000000ff06095c
2019-12-09 06:21:32.123790 INFO  BF_MC Write LAG node at addr 0x6095 with id 255 and next node 0x6096 0x00ff_06096c00ff06095c
2019-12-09 06:21:32.123798 INFO  BF_MC Write LAG node at addr 0x6096 with id 255 and next node 0x6097 0x0000_00000000ff06097c
2019-12-09 06:21:32.123805 INFO  BF_MC Write LAG node at addr 0x6097 with id 255 and next node 0x6098 0x00ff_06098c00ff06097c
2019-12-09 06:21:32.123812 INFO  BF_MC Write LAG node at addr 0x6098 with id 255 and next node 0x6099 0x0000_00000000ff06099c
2019-12-09 06:21:32.123819 INFO  BF_MC Write LAG node at addr 0x6099 with id 255 and next node 0x609a 0x00ff_0609ac00ff06099c
2019-12-09 06:21:32.123827 INFO  BF_MC Write LAG node at addr 0x609a with id 255 and next node 0x609b 0x0000_00000000ff0609bc
2019-12-09 06:21:32.123834 INFO  BF_MC Write LAG node at addr 0x609b with id 255 and next node 0x609c 0x00ff_0609cc00ff0609bc
2019-12-09 06:21:32.123841 INFO  BF_MC Write LAG node at addr 0x609c with id 255 and next node 0x609d 0x0000_00000000ff0609dc
2019-12-09 06:21:32.123848 INFO  BF_MC Write LAG node at addr 0x609d with id 255 and next node 0x609e 0x00ff_0609ec00ff0609dc
2019-12-09 06:21:32.123855 INFO  BF_MC Write LAG node at addr 0x609e with id 255 and next node 0x609f 0x0000_00000000ff0609fc
2019-12-09 06:21:32.123862 INFO  BF_MC Write LAG node at addr 0x609f with id 255 and next node 0x60a0 0x00ff_060a0c00ff0609fc
2019-12-09 06:21:32.123869 INFO  BF_MC Write LAG node at addr 0x60a0 with id 255 and next node 0x60a1 0x0000_00000000ff060a1c
2019-12-09 06:21:32.123877 INFO  BF_MC Write LAG node at addr 0x60a1 with id 255 and next node 0x60a2 0x00ff_060a2c00ff060a1c
2019-12-09 06:21:32.123884 INFO  BF_MC Write LAG node at addr 0x60a2 with id 255 and next node 0x60a3 0x0000_00000000ff060a3c
2019-12-09 06:21:32.123891 INFO  BF_MC Write LAG node at addr 0x60a3 with id 255 and next node 0x60a4 0x00ff_060a4c00ff060a3c
2019-12-09 06:21:32.123898 INFO  BF_MC Write LAG node at addr 0x60a4 with id 255 and next node 0x60a5 0x0000_00000000ff060a5c
2019-12-09 06:21:32.123905 INFO  BF_MC Write LAG node at addr 0x60a5 with id 255 and next node 0x60a6 0x00ff_060a6c00ff060a5c
2019-12-09 06:21:32.123912 INFO  BF_MC Write LAG node at addr 0x60a6 with id 255 and next node 0x60a7 0x0000_00000000ff060a7c
2019-12-09 06:21:32.123920 INFO  BF_MC Write LAG node at addr 0x60a7 with id 255 and next node 0x60a8 0x00ff_060a8c00ff060a7c
2019-12-09 06:21:32.123929 INFO  BF_MC Write LAG node at addr 0x60a8 with id 255 and next node 0x60a9 0x0000_00000000ff060a9c
2019-12-09 06:21:32.123936 INFO  BF_MC Write LAG node at addr 0x60a9 with id 255 and next node 0x60aa 0x00ff_060aac00ff060a9c
2019-12-09 06:21:32.123943 INFO  BF_MC Write LAG node at addr 0x60aa with id 255 and next node 0x60ab 0x0000_00000000ff060abc
2019-12-09 06:21:32.123950 INFO  BF_MC Write LAG node at addr 0x60ab with id 255 and next node 0x60ac 0x00ff_060acc00ff060abc
2019-12-09 06:21:32.123957 INFO  BF_MC Write LAG node at addr 0x60ac with id 255 and next node 0x60ad 0x0000_00000000ff060adc
2019-12-09 06:21:32.123964 INFO  BF_MC Write LAG node at addr 0x60ad with id 255 and next node 0x60ae 0x00ff_060aec00ff060adc
2019-12-09 06:21:32.123971 INFO  BF_MC Write LAG node at addr 0x60ae with id 255 and next node 0x60af 0x0000_00000000ff060afc
2019-12-09 06:21:32.123983 INFO  BF_MC Write LAG node at addr 0x60af with id 255 and next node 0x60b0 0x00ff_060b0c00ff060afc
2019-12-09 06:21:32.123990 INFO  BF_MC Write LAG node at addr 0x60b0 with id 255 and next node 0x60b1 0x0000_00000000ff060b1c
2019-12-09 06:21:32.123997 INFO  BF_MC Write LAG node at addr 0x60b1 with id 255 and next node 0x60b2 0x00ff_060b2c00ff060b1c
2019-12-09 06:21:32.124004 INFO  BF_MC Write LAG node at addr 0x60b2 with id 255 and next node 0x60b3 0x0000_00000000ff060b3c
2019-12-09 06:21:32.124012 INFO  BF_MC Write LAG node at addr 0x60b3 with id 255 and next node 0x60b4 0x00ff_060b4c00ff060b3c
2019-12-09 06:21:32.124019 INFO  BF_MC Write LAG node at addr 0x60b4 with id 255 and next node 0x60b5 0x0000_00000000ff060b5c
2019-12-09 06:21:32.124026 INFO  BF_MC Write LAG node at addr 0x60b5 with id 255 and next node 0x60b6 0x00ff_060b6c00ff060b5c
2019-12-09 06:21:32.124033 INFO  BF_MC Write LAG node at addr 0x60b6 with id 255 and next node 0x60b7 0x0000_00000000ff060b7c
2019-12-09 06:21:32.124040 INFO  BF_MC Write LAG node at addr 0x60b7 with id 255 and next node 0x60b8 0x00ff_060b8c00ff060b7c
2019-12-09 06:21:32.124047 INFO  BF_MC Write LAG node at addr 0x60b8 with id 255 and next node 0x60b9 0x0000_00000000ff060b9c
2019-12-09 06:21:32.124055 INFO  BF_MC Write LAG node at addr 0x60b9 with id 255 and next node 0x60ba 0x00ff_060bac00ff060b9c
2019-12-09 06:21:32.124062 INFO  BF_MC Write LAG node at addr 0x60ba with id 255 and next node 0x60bb 0x0000_00000000ff060bbc
2019-12-09 06:21:32.124069 INFO  BF_MC Write LAG node at addr 0x60bb with id 255 and next node 0x60bc 0x00ff_060bcc00ff060bbc
2019-12-09 06:21:32.124076 INFO  BF_MC Write LAG node at addr 0x60bc with id 255 and next node 0x60bd 0x0000_00000000ff060bdc
2019-12-09 06:21:32.124083 INFO  BF_MC Write LAG node at addr 0x60bd with id 255 and next node 0x60be 0x00ff_060bec00ff060bdc
2019-12-09 06:21:32.124090 INFO  BF_MC Write LAG node at addr 0x60be with id 255 and next node 0x60bf 0x0000_00000000ff060bfc
2019-12-09 06:21:32.124097 INFO  BF_MC Write LAG node at addr 0x60bf with id 255 and next node 0x60c0 0x00ff_060c0c00ff060bfc
2019-12-09 06:21:32.124104 INFO  BF_MC Write LAG node at addr 0x60c0 with id 255 and next node 0x60c1 0x0000_00000000ff060c1c
2019-12-09 06:21:32.124111 INFO  BF_MC Write LAG node at addr 0x60c1 with id 255 and next node 0x60c2 0x00ff_060c2c00ff060c1c
2019-12-09 06:21:32.124119 INFO  BF_MC Write LAG node at addr 0x60c2 with id 255 and next node 0x60c3 0x0000_00000000ff060c3c
2019-12-09 06:21:32.124126 INFO  BF_MC Write LAG node at addr 0x60c3 with id 255 and next node 0x60c4 0x00ff_060c4c00ff060c3c
2019-12-09 06:21:32.124133 INFO  BF_MC Write LAG node at addr 0x60c4 with id 255 and next node 0x60c5 0x0000_00000000ff060c5c
2019-12-09 06:21:32.124140 INFO  BF_MC Write LAG node at addr 0x60c5 with id 255 and next node 0x60c6 0x00ff_060c6c00ff060c5c
2019-12-09 06:21:32.124147 INFO  BF_MC Write LAG node at addr 0x60c6 with id 255 and next node 0x60c7 0x0000_00000000ff060c7c
2019-12-09 06:21:32.124154 INFO  BF_MC Write LAG node at addr 0x60c7 with id 255 and next node 0x60c8 0x00ff_060c8c00ff060c7c
2019-12-09 06:21:32.124162 INFO  BF_MC Write LAG node at addr 0x60c8 with id 255 and next node 0x60c9 0x0000_00000000ff060c9c
2019-12-09 06:21:32.124169 INFO  BF_MC Write LAG node at addr 0x60c9 with id 255 and next node 0x60ca 0x00ff_060cac00ff060c9c
2019-12-09 06:21:32.124176 INFO  BF_MC Write LAG node at addr 0x60ca with id 255 and next node 0x60cb 0x0000_00000000ff060cbc
2019-12-09 06:21:32.124183 INFO  BF_MC Write LAG node at addr 0x60cb with id 255 and next node 0x60cc 0x00ff_060ccc00ff060cbc
2019-12-09 06:21:32.124190 INFO  BF_MC Write LAG node at addr 0x60cc with id 255 and next node 0x60cd 0x0000_00000000ff060cdc
2019-12-09 06:21:32.124197 INFO  BF_MC Write LAG node at addr 0x60cd with id 255 and next node 0x60ce 0x00ff_060cec00ff060cdc
2019-12-09 06:21:32.124204 INFO  BF_MC Write LAG node at addr 0x60ce with id 255 and next node 0x60cf 0x0000_00000000ff060cfc
2019-12-09 06:21:32.124211 INFO  BF_MC Write LAG node at addr 0x60cf with id 255 and next node 0x60d0 0x00ff_060d0c00ff060cfc
2019-12-09 06:21:32.124223 INFO  BF_MC Write LAG node at addr 0x60d0 with id 255 and next node 0x60d1 0x0000_00000000ff060d1c
2019-12-09 06:21:32.124231 INFO  BF_MC Write LAG node at addr 0x60d1 with id 255 and next node 0x60d2 0x00ff_060d2c00ff060d1c
2019-12-09 06:21:32.124238 INFO  BF_MC Write LAG node at addr 0x60d2 with id 255 and next node 0x60d3 0x0000_00000000ff060d3c
2019-12-09 06:21:32.124245 INFO  BF_MC Write LAG node at addr 0x60d3 with id 255 and next node 0x60d4 0x00ff_060d4c00ff060d3c
2019-12-09 06:21:32.124252 INFO  BF_MC Write LAG node at addr 0x60d4 with id 255 and next node 0x60d5 0x0000_00000000ff060d5c
2019-12-09 06:21:32.124259 INFO  BF_MC Write LAG node at addr 0x60d5 with id 255 and next node 0x60d6 0x00ff_060d6c00ff060d5c
2019-12-09 06:21:32.124267 INFO  BF_MC Write LAG node at addr 0x60d6 with id 255 and next node 0x60d7 0x0000_00000000ff060d7c
2019-12-09 06:21:32.124274 INFO  BF_MC Write LAG node at addr 0x60d7 with id 255 and next node 0x60d8 0x00ff_060d8c00ff060d7c
2019-12-09 06:21:32.124281 INFO  BF_MC Write LAG node at addr 0x60d8 with id 255 and next node 0x60d9 0x0000_00000000ff060d9c
2019-12-09 06:21:32.124288 INFO  BF_MC Write LAG node at addr 0x60d9 with id 255 and next node 0x60da 0x00ff_060dac00ff060d9c
2019-12-09 06:21:32.124295 INFO  BF_MC Write LAG node at addr 0x60da with id 255 and next node 0x60db 0x0000_00000000ff060dbc
2019-12-09 06:21:32.124303 INFO  BF_MC Write LAG node at addr 0x60db with id 255 and next node 0x60dc 0x00ff_060dcc00ff060dbc
2019-12-09 06:21:32.124310 INFO  BF_MC Write LAG node at addr 0x60dc with id 255 and next node 0x60dd 0x0000_00000000ff060ddc
2019-12-09 06:21:32.124317 INFO  BF_MC Write LAG node at addr 0x60dd with id 255 and next node 0x60de 0x00ff_060dec00ff060ddc
2019-12-09 06:21:32.124324 INFO  BF_MC Write LAG node at addr 0x60de with id 255 and next node 0x60df 0x0000_00000000ff060dfc
2019-12-09 06:21:32.124332 INFO  BF_MC Write LAG node at addr 0x60df with id 255 and next node 0x60e0 0x00ff_060e0c00ff060dfc
2019-12-09 06:21:32.124339 INFO  BF_MC Write LAG node at addr 0x60e0 with id 255 and next node 0x60e1 0x0000_00000000ff060e1c
2019-12-09 06:21:32.124346 INFO  BF_MC Write LAG node at addr 0x60e1 with id 255 and next node 0x60e2 0x00ff_060e2c00ff060e1c
2019-12-09 06:21:32.124353 INFO  BF_MC Write LAG node at addr 0x60e2 with id 255 and next node 0x60e3 0x0000_00000000ff060e3c
2019-12-09 06:21:32.124360 INFO  BF_MC Write LAG node at addr 0x60e3 with id 255 and next node 0x60e4 0x00ff_060e4c00ff060e3c
2019-12-09 06:21:32.124369 INFO  BF_MC Write LAG node at addr 0x60e4 with id 255 and next node 0x60e5 0x0000_00000000ff060e5c
2019-12-09 06:21:32.124376 INFO  BF_MC Write LAG node at addr 0x60e5 with id 255 and next node 0x60e6 0x00ff_060e6c00ff060e5c
2019-12-09 06:21:32.124383 INFO  BF_MC Write LAG node at addr 0x60e6 with id 255 and next node 0x60e7 0x0000_00000000ff060e7c
2019-12-09 06:21:32.124390 INFO  BF_MC Write LAG node at addr 0x60e7 with id 255 and next node 0x60e8 0x00ff_060e8c00ff060e7c
2019-12-09 06:21:32.124397 INFO  BF_MC Write LAG node at addr 0x60e8 with id 255 and next node 0x60e9 0x0000_00000000ff060e9c
2019-12-09 06:21:32.124405 INFO  BF_MC Write LAG node at addr 0x60e9 with id 255 and next node 0x60ea 0x00ff_060eac00ff060e9c
2019-12-09 06:21:32.124412 INFO  BF_MC Write LAG node at addr 0x60ea with id 255 and next node 0x60eb 0x0000_00000000ff060ebc
2019-12-09 06:21:32.124419 INFO  BF_MC Write LAG node at addr 0x60eb with id 255 and next node 0x60ec 0x00ff_060ecc00ff060ebc
2019-12-09 06:21:32.124426 INFO  BF_MC Write LAG node at addr 0x60ec with id 255 and next node 0x60ed 0x0000_00000000ff060edc
2019-12-09 06:21:32.124433 INFO  BF_MC Write LAG node at addr 0x60ed with id 255 and next node 0x60ee 0x00ff_060eec00ff060edc
2019-12-09 06:21:32.124440 INFO  BF_MC Write LAG node at addr 0x60ee with id 255 and next node 0x60ef 0x0000_00000000ff060efc
2019-12-09 06:21:32.124447 INFO  BF_MC Write LAG node at addr 0x60ef with id 255 and next node 0x60f0 0x00ff_060f0c00ff060efc
2019-12-09 06:21:32.124459 INFO  BF_MC Write LAG node at addr 0x60f0 with id 255 and next node 0x60f1 0x0000_00000000ff060f1c
2019-12-09 06:21:32.124466 INFO  BF_MC Write LAG node at addr 0x60f1 with id 255 and next node 0x60f2 0x00ff_060f2c00ff060f1c
2019-12-09 06:21:32.124473 INFO  BF_MC Write LAG node at addr 0x60f2 with id 255 and next node 0x60f3 0x0000_00000000ff060f3c
2019-12-09 06:21:32.124480 INFO  BF_MC Write LAG node at addr 0x60f3 with id 255 and next node 0x60f4 0x00ff_060f4c00ff060f3c
2019-12-09 06:21:32.124487 INFO  BF_MC Write LAG node at addr 0x60f4 with id 255 and next node 0x60f5 0x0000_00000000ff060f5c
2019-12-09 06:21:32.124495 INFO  BF_MC Write LAG node at addr 0x60f5 with id 255 and next node 0x60f6 0x00ff_060f6c00ff060f5c
2019-12-09 06:21:32.124502 INFO  BF_MC Write LAG node at addr 0x60f6 with id 255 and next node 0x60f7 0x0000_00000000ff060f7c
2019-12-09 06:21:32.124509 INFO  BF_MC Write LAG node at addr 0x60f7 with id 255 and next node 0x60f8 0x00ff_060f8c00ff060f7c
2019-12-09 06:21:32.124516 INFO  BF_MC Write LAG node at addr 0x60f8 with id 255 and next node 0x60f9 0x0000_00000000ff060f9c
2019-12-09 06:21:32.124523 INFO  BF_MC Write LAG node at addr 0x60f9 with id 255 and next node 0x60fa 0x00ff_060fac00ff060f9c
2019-12-09 06:21:32.124530 INFO  BF_MC Write LAG node at addr 0x60fa with id 255 and next node 0x60fb 0x0000_00000000ff060fbc
2019-12-09 06:21:32.124537 INFO  BF_MC Write LAG node at addr 0x60fb with id 255 and next node 0x60fc 0x00ff_060fcc00ff060fbc
2019-12-09 06:21:32.124544 INFO  BF_MC Write LAG node at addr 0x60fc with id 255 and next node 0x60fd 0x0000_00000000ff060fdc
2019-12-09 06:21:32.124552 INFO  BF_MC Write LAG node at addr 0x60fd with id 255 and next node 0x60fe 0x00ff_060fec00ff060fdc
2019-12-09 06:21:32.124559 INFO  BF_MC Write LAG node at addr 0x60fe with id 255 and next node 0x60ff 0x0000_00000000ff060ffc
2019-12-09 06:21:32.124566 INFO  BF_MC Write LAG node at addr 0x60ff with id 255 and next node 0x6100 0x00ff_06100c00ff060ffc
2019-12-09 06:21:32.124574 INFO  BF_MC Write LAG node at addr 0x6100 with id 255 and next node 0x6101 0x0000_00000000ff06101c
2019-12-09 06:21:32.124581 INFO  BF_MC Write LAG node at addr 0x6101 with id 255 and next node 0x6102 0x00ff_06102c00ff06101c
2019-12-09 06:21:32.124588 INFO  BF_MC Write LAG node at addr 0x6102 with id 255 and next node 0x6103 0x0000_00000000ff06103c
2019-12-09 06:21:32.124595 INFO  BF_MC Write LAG node at addr 0x6103 with id 255 and next node 0 0x00ff_00000c00ff06103c
2019-12-09 06:21:32.124604 INFO  BF_MC Allocated RDM addresses 0x21c0 - 0x21df
2019-12-09 06:21:32.124611 INFO  BF_MC Write L1End node at addr 0x21c0, rid 0, l2 0x6101
2019-12-09 06:21:32.124617 INFO  BF_MC Write L1End node at addr 0x21c1, rid 0, l2 0x6100
2019-12-09 06:21:32.124624 INFO  BF_MC Write L1End node at addr 0x21c2, rid 0, l2 0x60ff
2019-12-09 06:21:32.124631 INFO  BF_MC Write L1End node at addr 0x21c3, rid 0, l2 0x60fe
2019-12-09 06:21:32.124637 INFO  BF_MC Write L1End node at addr 0x21c4, rid 0, l2 0x60fd
2019-12-09 06:21:32.124644 INFO  BF_MC Write L1End node at addr 0x21c5, rid 0, l2 0x60fc
2019-12-09 06:21:32.124651 INFO  BF_MC Write L1End node at addr 0x21c6, rid 0, l2 0x60fb
2019-12-09 06:21:32.124657 INFO  BF_MC Write L1End node at addr 0x21c7, rid 0, l2 0x60fa
2019-12-09 06:21:32.124664 INFO  BF_MC Write L1End node at addr 0x21c8, rid 0, l2 0x60f8
2019-12-09 06:21:32.124670 INFO  BF_MC Write L1End node at addr 0x21c9, rid 0, l2 0x60f6
2019-12-09 06:21:32.124677 INFO  BF_MC Write L1End node at addr 0x21ca, rid 0, l2 0x60f4
2019-12-09 06:21:32.124683 INFO  BF_MC Write L1End node at addr 0x21cb, rid 0, l2 0x60f2
2019-12-09 06:21:32.124690 INFO  BF_MC Write L1End node at addr 0x21cc, rid 0, l2 0x60f0
2019-12-09 06:21:32.124696 INFO  BF_MC Write L1End node at addr 0x21cd, rid 0, l2 0x60ee
2019-12-09 06:21:32.124703 INFO  BF_MC Write L1End node at addr 0x21ce, rid 0, l2 0x60ec
2019-12-09 06:21:32.124710 INFO  BF_MC Write L1End node at addr 0x21cf, rid 0, l2 0x60ea
2019-12-09 06:21:32.124716 INFO  BF_MC Write L1End node at addr 0x21d0, rid 0, l2 0x60e8
2019-12-09 06:21:32.124727 INFO  BF_MC Write L1End node at addr 0x21d1, rid 0, l2 0x60e6
2019-12-09 06:21:32.124734 INFO  BF_MC Write L1End node at addr 0x21d2, rid 0, l2 0x60e4
2019-12-09 06:21:32.124740 INFO  BF_MC Write L1End node at addr 0x21d3, rid 0, l2 0x60e0
2019-12-09 06:21:32.124747 INFO  BF_MC Write L1End node at addr 0x21d4, rid 0, l2 0x60dc
2019-12-09 06:21:32.124753 INFO  BF_MC Write L1End node at addr 0x21d5, rid 0, l2 0x60d8
2019-12-09 06:21:32.124760 INFO  BF_MC Write L1End node at addr 0x21d6, rid 0, l2 0x60d4
2019-12-09 06:21:32.124766 INFO  BF_MC Write L1End node at addr 0x21d7, rid 0, l2 0x60cc
2019-12-09 06:21:32.124773 INFO  BF_MC Write L1End node at addr 0x21d8, rid 0, l2 0x60c4
2019-12-09 06:21:32.124779 INFO  BF_MC Write L1End node at addr 0x21d9, rid 0, l2 0x60bc
2019-12-09 06:21:32.124786 INFO  BF_MC Write L1End node at addr 0x21da, rid 0, l2 0x60a0
2019-12-09 06:21:32.124792 INFO  BF_MC Write L1End node at addr 0x21db, rid 0, l2 0x6087
2019-12-09 06:21:32.124799 INFO  BF_MC Write L1End node at addr 0x21dc, rid 0, l2 0x606e
2019-12-09 06:21:32.124806 INFO  BF_MC Write L1End node at addr 0x21dd, rid 0, l2 0x6055
2019-12-09 06:21:32.124812 INFO  BF_MC Write L1End node at addr 0x21de, rid 0, l2 0x603c
2019-12-09 06:21:32.124819 INFO  BF_MC Write L1End node at addr 0x21df, rid 0, l2 0x6000
2019-12-09 06:21:32.124829 INFO  BF_MC Allocated RDM addresses 0x7000 - 0x7103
2019-12-09 06:21:32.124836 INFO  BF_MC Write LAG node at addr 0x7000 with id 255 and next node 0x7001 0x0000_00000000ff07001c
2019-12-09 06:21:32.124844 INFO  BF_MC Write LAG node at addr 0x7001 with id 255 and next node 0x7002 0x00ff_07002c00ff07001c
2019-12-09 06:21:32.124851 INFO  BF_MC Write LAG node at addr 0x7002 with id 255 and next node 0x7003 0x0000_00000000ff07003c
2019-12-09 06:21:32.124859 INFO  BF_MC Write LAG node at addr 0x7003 with id 255 and next node 0x7004 0x00ff_07004c00ff07003c
2019-12-09 06:21:32.124866 INFO  BF_MC Write LAG node at addr 0x7004 with id 255 and next node 0x7005 0x0000_00000000ff07005c
2019-12-09 06:21:32.124873 INFO  BF_MC Write LAG node at addr 0x7005 with id 255 and next node 0x7006 0x00ff_07006c00ff07005c
2019-12-09 06:21:32.124881 INFO  BF_MC Write LAG node at addr 0x7006 with id 255 and next node 0x7007 0x0000_00000000ff07007c
2019-12-09 06:21:32.124888 INFO  BF_MC Write LAG node at addr 0x7007 with id 255 and next node 0x7008 0x00ff_07008c00ff07007c
2019-12-09 06:21:32.124896 INFO  BF_MC Write LAG node at addr 0x7008 with id 255 and next node 0x7009 0x0000_00000000ff07009c
2019-12-09 06:21:32.124903 INFO  BF_MC Write LAG node at addr 0x7009 with id 255 and next node 0x700a 0x00ff_0700ac00ff07009c
2019-12-09 06:21:32.124910 INFO  BF_MC Write LAG node at addr 0x700a with id 255 and next node 0x700b 0x0000_00000000ff0700bc
2019-12-09 06:21:32.124917 INFO  BF_MC Write LAG node at addr 0x700b with id 255 and next node 0x700c 0x00ff_0700cc00ff0700bc
2019-12-09 06:21:32.124924 INFO  BF_MC Write LAG node at addr 0x700c with id 255 and next node 0x700d 0x0000_00000000ff0700dc
2019-12-09 06:21:32.124931 INFO  BF_MC Write LAG node at addr 0x700d with id 255 and next node 0x700e 0x00ff_0700ec00ff0700dc
2019-12-09 06:21:32.124938 INFO  BF_MC Write LAG node at addr 0x700e with id 255 and next node 0x700f 0x0000_00000000ff0700fc
2019-12-09 06:21:32.124945 INFO  BF_MC Write LAG node at addr 0x700f with id 255 and next node 0x7010 0x00ff_07010c00ff0700fc
2019-12-09 06:21:32.124952 INFO  BF_MC Write LAG node at addr 0x7010 with id 255 and next node 0x7011 0x0000_00000000ff07011c
2019-12-09 06:21:32.124959 INFO  BF_MC Write LAG node at addr 0x7011 with id 255 and next node 0x7012 0x00ff_07012c00ff07011c
2019-12-09 06:21:32.124966 INFO  BF_MC Write LAG node at addr 0x7012 with id 255 and next node 0x7013 0x0000_00000000ff07013c
2019-12-09 06:21:32.124973 INFO  BF_MC Write LAG node at addr 0x7013 with id 255 and next node 0x7014 0x00ff_07014c00ff07013c
2019-12-09 06:21:32.124980 INFO  BF_MC Write LAG node at addr 0x7014 with id 255 and next node 0x7015 0x0000_00000000ff07015c
2019-12-09 06:21:32.124992 INFO  BF_MC Write LAG node at addr 0x7015 with id 255 and next node 0x7016 0x00ff_07016c00ff07015c
2019-12-09 06:21:32.125001 INFO  BF_MC Write LAG node at addr 0x7016 with id 255 and next node 0x7017 0x0000_00000000ff07017c
2019-12-09 06:21:32.125008 INFO  BF_MC Write LAG node at addr 0x7017 with id 255 and next node 0x7018 0x00ff_07018c00ff07017c
2019-12-09 06:21:32.125015 INFO  BF_MC Write LAG node at addr 0x7018 with id 255 and next node 0x7019 0x0000_00000000ff07019c
2019-12-09 06:21:32.125022 INFO  BF_MC Write LAG node at addr 0x7019 with id 255 and next node 0x701a 0x00ff_0701ac00ff07019c
2019-12-09 06:21:32.125029 INFO  BF_MC Write LAG node at addr 0x701a with id 255 and next node 0x701b 0x0000_00000000ff0701bc
2019-12-09 06:21:32.125036 INFO  BF_MC Write LAG node at addr 0x701b with id 255 and next node 0x701c 0x00ff_0701cc00ff0701bc
2019-12-09 06:21:32.125043 INFO  BF_MC Write LAG node at addr 0x701c with id 255 and next node 0x701d 0x0000_00000000ff0701dc
2019-12-09 06:21:32.125050 INFO  BF_MC Write LAG node at addr 0x701d with id 255 and next node 0x701e 0x00ff_0701ec00ff0701dc
2019-12-09 06:21:32.125057 INFO  BF_MC Write LAG node at addr 0x701e with id 255 and next node 0x701f 0x0000_00000000ff0701fc
2019-12-09 06:21:32.125064 INFO  BF_MC Write LAG node at addr 0x701f with id 255 and next node 0x7020 0x00ff_07020c00ff0701fc
2019-12-09 06:21:32.125071 INFO  BF_MC Write LAG node at addr 0x7020 with id 255 and next node 0x7021 0x0000_00000000ff07021c
2019-12-09 06:21:32.125078 INFO  BF_MC Write LAG node at addr 0x7021 with id 255 and next node 0x7022 0x00ff_07022c00ff07021c
2019-12-09 06:21:32.125085 INFO  BF_MC Write LAG node at addr 0x7022 with id 255 and next node 0x7023 0x0000_00000000ff07023c
2019-12-09 06:21:32.125092 INFO  BF_MC Write LAG node at addr 0x7023 with id 255 and next node 0x7024 0x00ff_07024c00ff07023c
2019-12-09 06:21:32.125099 INFO  BF_MC Write LAG node at addr 0x7024 with id 255 and next node 0x7025 0x0000_00000000ff07025c
2019-12-09 06:21:32.125106 INFO  BF_MC Write LAG node at addr 0x7025 with id 255 and next node 0x7026 0x00ff_07026c00ff07025c
2019-12-09 06:21:32.125114 INFO  BF_MC Write LAG node at addr 0x7026 with id 255 and next node 0x7027 0x0000_00000000ff07027c
2019-12-09 06:21:32.125121 INFO  BF_MC Write LAG node at addr 0x7027 with id 255 and next node 0x7028 0x00ff_07028c00ff07027c
2019-12-09 06:21:32.125128 INFO  BF_MC Write LAG node at addr 0x7028 with id 255 and next node 0x7029 0x0000_00000000ff07029c
2019-12-09 06:21:32.125135 INFO  BF_MC Write LAG node at addr 0x7029 with id 255 and next node 0x702a 0x00ff_0702ac00ff07029c
2019-12-09 06:21:32.125142 INFO  BF_MC Write LAG node at addr 0x702a with id 255 and next node 0x702b 0x0000_00000000ff0702bc
2019-12-09 06:21:32.125149 INFO  BF_MC Write LAG node at addr 0x702b with id 255 and next node 0x702c 0x00ff_0702cc00ff0702bc
2019-12-09 06:21:32.125156 INFO  BF_MC Write LAG node at addr 0x702c with id 255 and next node 0x702d 0x0000_00000000ff0702dc
2019-12-09 06:21:32.125163 INFO  BF_MC Write LAG node at addr 0x702d with id 255 and next node 0x702e 0x00ff_0702ec00ff0702dc
2019-12-09 06:21:32.125170 INFO  BF_MC Write LAG node at addr 0x702e with id 255 and next node 0x702f 0x0000_00000000ff0702fc
2019-12-09 06:21:32.125177 INFO  BF_MC Write LAG node at addr 0x702f with id 255 and next node 0x7030 0x00ff_07030c00ff0702fc
2019-12-09 06:21:32.125184 INFO  BF_MC Write LAG node at addr 0x7030 with id 255 and next node 0x7031 0x0000_00000000ff07031c
2019-12-09 06:21:32.125191 INFO  BF_MC Write LAG node at addr 0x7031 with id 255 and next node 0x7032 0x00ff_07032c00ff07031c
2019-12-09 06:21:32.125198 INFO  BF_MC Write LAG node at addr 0x7032 with id 255 and next node 0x7033 0x0000_00000000ff07033c
2019-12-09 06:21:32.125205 INFO  BF_MC Write LAG node at addr 0x7033 with id 255 and next node 0x7034 0x00ff_07034c00ff07033c
2019-12-09 06:21:32.125212 INFO  BF_MC Write LAG node at addr 0x7034 with id 255 and next node 0x7035 0x0000_00000000ff07035c
2019-12-09 06:21:32.125219 INFO  BF_MC Write LAG node at addr 0x7035 with id 255 and next node 0x7036 0x00ff_07036c00ff07035c
2019-12-09 06:21:32.125231 INFO  BF_MC Write LAG node at addr 0x7036 with id 255 and next node 0x7037 0x0000_00000000ff07037c
2019-12-09 06:21:32.125239 INFO  BF_MC Write LAG node at addr 0x7037 with id 255 and next node 0x7038 0x00ff_07038c00ff07037c
2019-12-09 06:21:32.125246 INFO  BF_MC Write LAG node at addr 0x7038 with id 255 and next node 0x7039 0x0000_00000000ff07039c
2019-12-09 06:21:32.125253 INFO  BF_MC Write LAG node at addr 0x7039 with id 255 and next node 0x703a 0x00ff_0703ac00ff07039c
2019-12-09 06:21:32.125260 INFO  BF_MC Write LAG node at addr 0x703a with id 255 and next node 0x703b 0x0000_00000000ff0703bc
2019-12-09 06:21:32.125267 INFO  BF_MC Write LAG node at addr 0x703b with id 255 and next node 0x703c 0x00ff_0703cc00ff0703bc
2019-12-09 06:21:32.125274 INFO  BF_MC Write LAG node at addr 0x703c with id 255 and next node 0x703d 0x0000_00000000ff0703dc
2019-12-09 06:21:32.125281 INFO  BF_MC Write LAG node at addr 0x703d with id 255 and next node 0x703e 0x00ff_0703ec00ff0703dc
2019-12-09 06:21:32.125288 INFO  BF_MC Write LAG node at addr 0x703e with id 255 and next node 0x703f 0x0000_00000000ff0703fc
2019-12-09 06:21:32.125295 INFO  BF_MC Write LAG node at addr 0x703f with id 255 and next node 0x7040 0x00ff_07040c00ff0703fc
2019-12-09 06:21:32.125302 INFO  BF_MC Write LAG node at addr 0x7040 with id 255 and next node 0x7041 0x0000_00000000ff07041c
2019-12-09 06:21:32.125309 INFO  BF_MC Write LAG node at addr 0x7041 with id 255 and next node 0x7042 0x00ff_07042c00ff07041c
2019-12-09 06:21:32.125316 INFO  BF_MC Write LAG node at addr 0x7042 with id 255 and next node 0x7043 0x0000_00000000ff07043c
2019-12-09 06:21:32.125323 INFO  BF_MC Write LAG node at addr 0x7043 with id 255 and next node 0x7044 0x00ff_07044c00ff07043c
2019-12-09 06:21:32.125330 INFO  BF_MC Write LAG node at addr 0x7044 with id 255 and next node 0x7045 0x0000_00000000ff07045c
2019-12-09 06:21:32.125337 INFO  BF_MC Write LAG node at addr 0x7045 with id 255 and next node 0x7046 0x00ff_07046c00ff07045c
2019-12-09 06:21:32.125345 INFO  BF_MC Write LAG node at addr 0x7046 with id 255 and next node 0x7047 0x0000_00000000ff07047c
2019-12-09 06:21:32.125353 INFO  BF_MC Write LAG node at addr 0x7047 with id 255 and next node 0x7048 0x00ff_07048c00ff07047c
2019-12-09 06:21:32.125360 INFO  BF_MC Write LAG node at addr 0x7048 with id 255 and next node 0x7049 0x0000_00000000ff07049c
2019-12-09 06:21:32.125367 INFO  BF_MC Write LAG node at addr 0x7049 with id 255 and next node 0x704a 0x00ff_0704ac00ff07049c
2019-12-09 06:21:32.125374 INFO  BF_MC Write LAG node at addr 0x704a with id 255 and next node 0x704b 0x0000_00000000ff0704bc
2019-12-09 06:21:32.125381 INFO  BF_MC Write LAG node at addr 0x704b with id 255 and next node 0x704c 0x00ff_0704cc00ff0704bc
2019-12-09 06:21:32.125387 INFO  BF_MC Write LAG node at addr 0x704c with id 255 and next node 0x704d 0x0000_00000000ff0704dc
2019-12-09 06:21:32.125395 INFO  BF_MC Write LAG node at addr 0x704d with id 255 and next node 0x704e 0x00ff_0704ec00ff0704dc
2019-12-09 06:21:32.125401 INFO  BF_MC Write LAG node at addr 0x704e with id 255 and next node 0x704f 0x0000_00000000ff0704fc
2019-12-09 06:21:32.125408 INFO  BF_MC Write LAG node at addr 0x704f with id 255 and next node 0x7050 0x00ff_07050c00ff0704fc
2019-12-09 06:21:32.125415 INFO  BF_MC Write LAG node at addr 0x7050 with id 255 and next node 0x7051 0x0000_00000000ff07051c
2019-12-09 06:21:32.125422 INFO  BF_MC Write LAG node at addr 0x7051 with id 255 and next node 0x7052 0x00ff_07052c00ff07051c
2019-12-09 06:21:32.125429 INFO  BF_MC Write LAG node at addr 0x7052 with id 255 and next node 0x7053 0x0000_00000000ff07053c
2019-12-09 06:21:32.125436 INFO  BF_MC Write LAG node at addr 0x7053 with id 255 and next node 0x7054 0x00ff_07054c00ff07053c
2019-12-09 06:21:32.125443 INFO  BF_MC Write LAG node at addr 0x7054 with id 255 and next node 0x7055 0x0000_00000000ff07055c
2019-12-09 06:21:32.125450 INFO  BF_MC Write LAG node at addr 0x7055 with id 255 and next node 0x7056 0x00ff_07056c00ff07055c
2019-12-09 06:21:32.125462 INFO  BF_MC Write LAG node at addr 0x7056 with id 255 and next node 0x7057 0x0000_00000000ff07057c
2019-12-09 06:21:32.125470 INFO  BF_MC Write LAG node at addr 0x7057 with id 255 and next node 0x7058 0x00ff_07058c00ff07057c
2019-12-09 06:21:32.125477 INFO  BF_MC Write LAG node at addr 0x7058 with id 255 and next node 0x7059 0x0000_00000000ff07059c
2019-12-09 06:21:32.125484 INFO  BF_MC Write LAG node at addr 0x7059 with id 255 and next node 0x705a 0x00ff_0705ac00ff07059c
2019-12-09 06:21:32.125491 INFO  BF_MC Write LAG node at addr 0x705a with id 255 and next node 0x705b 0x0000_00000000ff0705bc
2019-12-09 06:21:32.125499 INFO  BF_MC Write LAG node at addr 0x705b with id 255 and next node 0x705c 0x00ff_0705cc00ff0705bc
2019-12-09 06:21:32.125506 INFO  BF_MC Write LAG node at addr 0x705c with id 255 and next node 0x705d 0x0000_00000000ff0705dc
2019-12-09 06:21:32.125513 INFO  BF_MC Write LAG node at addr 0x705d with id 255 and next node 0x705e 0x00ff_0705ec00ff0705dc
2019-12-09 06:21:32.125520 INFO  BF_MC Write LAG node at addr 0x705e with id 255 and next node 0x705f 0x0000_00000000ff0705fc
2019-12-09 06:21:32.125528 INFO  BF_MC Write LAG node at addr 0x705f with id 255 and next node 0x7060 0x00ff_07060c00ff0705fc
2019-12-09 06:21:32.125535 INFO  BF_MC Write LAG node at addr 0x7060 with id 255 and next node 0x7061 0x0000_00000000ff07061c
2019-12-09 06:21:32.125542 INFO  BF_MC Write LAG node at addr 0x7061 with id 255 and next node 0x7062 0x00ff_07062c00ff07061c
2019-12-09 06:21:32.125549 INFO  BF_MC Write LAG node at addr 0x7062 with id 255 and next node 0x7063 0x0000_00000000ff07063c
2019-12-09 06:21:32.125557 INFO  BF_MC Write LAG node at addr 0x7063 with id 255 and next node 0x7064 0x00ff_07064c00ff07063c
2019-12-09 06:21:32.125564 INFO  BF_MC Write LAG node at addr 0x7064 with id 255 and next node 0x7065 0x0000_00000000ff07065c
2019-12-09 06:21:32.125571 INFO  BF_MC Write LAG node at addr 0x7065 with id 255 and next node 0x7066 0x00ff_07066c00ff07065c
2019-12-09 06:21:32.125579 INFO  BF_MC Write LAG node at addr 0x7066 with id 255 and next node 0x7067 0x0000_00000000ff07067c
2019-12-09 06:21:32.125586 INFO  BF_MC Write LAG node at addr 0x7067 with id 255 and next node 0x7068 0x00ff_07068c00ff07067c
2019-12-09 06:21:32.125594 INFO  BF_MC Write LAG node at addr 0x7068 with id 255 and next node 0x7069 0x0000_00000000ff07069c
2019-12-09 06:21:32.125601 INFO  BF_MC Write LAG node at addr 0x7069 with id 255 and next node 0x706a 0x00ff_0706ac00ff07069c
2019-12-09 06:21:32.125608 INFO  BF_MC Write LAG node at addr 0x706a with id 255 and next node 0x706b 0x0000_00000000ff0706bc
2019-12-09 06:21:32.125615 INFO  BF_MC Write LAG node at addr 0x706b with id 255 and next node 0x706c 0x00ff_0706cc00ff0706bc
2019-12-09 06:21:32.125622 INFO  BF_MC Write LAG node at addr 0x706c with id 255 and next node 0x706d 0x0000_00000000ff0706dc
2019-12-09 06:21:32.125669 INFO  BF_MC Write LAG node at addr 0x706d with id 255 and next node 0x706e 0x00ff_0706ec00ff0706dc
2019-12-09 06:21:32.125686 INFO  BF_MC Write LAG node at addr 0x706e with id 255 and next node 0x706f 0x0000_00000000ff0706fc
2019-12-09 06:21:32.125693 INFO  BF_MC Write LAG node at addr 0x706f with id 255 and next node 0x7070 0x00ff_07070c00ff0706fc
2019-12-09 06:21:32.125701 INFO  BF_MC Write LAG node at addr 0x7070 with id 255 and next node 0x7071 0x0000_00000000ff07071c
2019-12-09 06:21:32.125708 INFO  BF_MC Write LAG node at addr 0x7071 with id 255 and next node 0x7072 0x00ff_07072c00ff07071c
2019-12-09 06:21:32.125716 INFO  BF_MC Write LAG node at addr 0x7072 with id 255 and next node 0x7073 0x0000_00000000ff07073c
2019-12-09 06:21:32.125723 INFO  BF_MC Write LAG node at addr 0x7073 with id 255 and next node 0x7074 0x00ff_07074c00ff07073c
2019-12-09 06:21:32.125730 INFO  BF_MC Write LAG node at addr 0x7074 with id 255 and next node 0x7075 0x0000_00000000ff07075c
2019-12-09 06:21:32.125737 INFO  BF_MC Write LAG node at addr 0x7075 with id 255 and next node 0x7076 0x00ff_07076c00ff07075c
2019-12-09 06:21:32.125744 INFO  BF_MC Write LAG node at addr 0x7076 with id 255 and next node 0x7077 0x0000_00000000ff07077c
2019-12-09 06:21:32.125759 INFO  BF_MC Write LAG node at addr 0x7077 with id 255 and next node 0x7078 0x00ff_07078c00ff07077c
2019-12-09 06:21:32.125766 INFO  BF_MC Write LAG node at addr 0x7078 with id 255 and next node 0x7079 0x0000_00000000ff07079c
2019-12-09 06:21:32.125773 INFO  BF_MC Write LAG node at addr 0x7079 with id 255 and next node 0x707a 0x00ff_0707ac00ff07079c
2019-12-09 06:21:32.125780 INFO  BF_MC Write LAG node at addr 0x707a with id 255 and next node 0x707b 0x0000_00000000ff0707bc
2019-12-09 06:21:32.125787 INFO  BF_MC Write LAG node at addr 0x707b with id 255 and next node 0x707c 0x00ff_0707cc00ff0707bc
2019-12-09 06:21:32.125794 INFO  BF_MC Write LAG node at addr 0x707c with id 255 and next node 0x707d 0x0000_00000000ff0707dc
2019-12-09 06:21:32.125801 INFO  BF_MC Write LAG node at addr 0x707d with id 255 and next node 0x707e 0x00ff_0707ec00ff0707dc
2019-12-09 06:21:32.125809 INFO  BF_MC Write LAG node at addr 0x707e with id 255 and next node 0x707f 0x0000_00000000ff0707fc
2019-12-09 06:21:32.125816 INFO  BF_MC Write LAG node at addr 0x707f with id 255 and next node 0x7080 0x00ff_07080c00ff0707fc
2019-12-09 06:21:32.125823 INFO  BF_MC Write LAG node at addr 0x7080 with id 255 and next node 0x7081 0x0000_00000000ff07081c
2019-12-09 06:21:32.125830 INFO  BF_MC Write LAG node at addr 0x7081 with id 255 and next node 0x7082 0x00ff_07082c00ff07081c
2019-12-09 06:21:32.125837 INFO  BF_MC Write LAG node at addr 0x7082 with id 255 and next node 0x7083 0x0000_00000000ff07083c
2019-12-09 06:21:32.125844 INFO  BF_MC Write LAG node at addr 0x7083 with id 255 and next node 0x7084 0x00ff_07084c00ff07083c
2019-12-09 06:21:32.125853 INFO  BF_MC Write LAG node at addr 0x7084 with id 255 and next node 0x7085 0x0000_00000000ff07085c
2019-12-09 06:21:32.125860 INFO  BF_MC Write LAG node at addr 0x7085 with id 255 and next node 0x7086 0x00ff_07086c00ff07085c
2019-12-09 06:21:32.125867 INFO  BF_MC Write LAG node at addr 0x7086 with id 255 and next node 0x7087 0x0000_00000000ff07087c
2019-12-09 06:21:32.125874 INFO  BF_MC Write LAG node at addr 0x7087 with id 255 and next node 0x7088 0x00ff_07088c00ff07087c
2019-12-09 06:21:32.125881 INFO  BF_MC Write LAG node at addr 0x7088 with id 255 and next node 0x7089 0x0000_00000000ff07089c
2019-12-09 06:21:32.125888 INFO  BF_MC Write LAG node at addr 0x7089 with id 255 and next node 0x708a 0x00ff_0708ac00ff07089c
2019-12-09 06:21:32.125896 INFO  BF_MC Write LAG node at addr 0x708a with id 255 and next node 0x708b 0x0000_00000000ff0708bc
2019-12-09 06:21:32.125903 INFO  BF_MC Write LAG node at addr 0x708b with id 255 and next node 0x708c 0x00ff_0708cc00ff0708bc
2019-12-09 06:21:32.125911 INFO  BF_MC Write LAG node at addr 0x708c with id 255 and next node 0x708d 0x0000_00000000ff0708dc
2019-12-09 06:21:32.125919 INFO  BF_MC Write LAG node at addr 0x708d with id 255 and next node 0x708e 0x00ff_0708ec00ff0708dc
2019-12-09 06:21:32.125926 INFO  BF_MC Write LAG node at addr 0x708e with id 255 and next node 0x708f 0x0000_00000000ff0708fc
2019-12-09 06:21:32.125933 INFO  BF_MC Write LAG node at addr 0x708f with id 255 and next node 0x7090 0x00ff_07090c00ff0708fc
2019-12-09 06:21:32.125940 INFO  BF_MC Write LAG node at addr 0x7090 with id 255 and next node 0x7091 0x0000_00000000ff07091c
2019-12-09 06:21:32.125947 INFO  BF_MC Write LAG node at addr 0x7091 with id 255 and next node 0x7092 0x00ff_07092c00ff07091c
2019-12-09 06:21:32.125954 INFO  BF_MC Write LAG node at addr 0x7092 with id 255 and next node 0x7093 0x0000_00000000ff07093c
2019-12-09 06:21:32.125961 INFO  BF_MC Write LAG node at addr 0x7093 with id 255 and next node 0x7094 0x00ff_07094c00ff07093c
2019-12-09 06:21:32.125968 INFO  BF_MC Write LAG node at addr 0x7094 with id 255 and next node 0x7095 0x0000_00000000ff07095c
2019-12-09 06:21:32.125975 INFO  BF_MC Write LAG node at addr 0x7095 with id 255 and next node 0x7096 0x00ff_07096c00ff07095c
2019-12-09 06:21:32.125982 INFO  BF_MC Write LAG node at addr 0x7096 with id 255 and next node 0x7097 0x0000_00000000ff07097c
2019-12-09 06:21:32.125989 INFO  BF_MC Write LAG node at addr 0x7097 with id 255 and next node 0x7098 0x00ff_07098c00ff07097c
2019-12-09 06:21:32.125999 INFO  BF_MC Write LAG node at addr 0x7098 with id 255 and next node 0x7099 0x0000_00000000ff07099c
2019-12-09 06:21:32.126006 INFO  BF_MC Write LAG node at addr 0x7099 with id 255 and next node 0x709a 0x00ff_0709ac00ff07099c
2019-12-09 06:21:32.126013 INFO  BF_MC Write LAG node at addr 0x709a with id 255 and next node 0x709b 0x0000_00000000ff0709bc
2019-12-09 06:21:32.126020 INFO  BF_MC Write LAG node at addr 0x709b with id 255 and next node 0x709c 0x00ff_0709cc00ff0709bc
2019-12-09 06:21:32.126028 INFO  BF_MC Write LAG node at addr 0x709c with id 255 and next node 0x709d 0x0000_00000000ff0709dc
2019-12-09 06:21:32.126035 INFO  BF_MC Write LAG node at addr 0x709d with id 255 and next node 0x709e 0x00ff_0709ec00ff0709dc
2019-12-09 06:21:32.126043 INFO  BF_MC Write LAG node at addr 0x709e with id 255 and next node 0x709f 0x0000_00000000ff0709fc
2019-12-09 06:21:32.126050 INFO  BF_MC Write LAG node at addr 0x709f with id 255 and next node 0x70a0 0x00ff_070a0c00ff0709fc
2019-12-09 06:21:32.126057 INFO  BF_MC Write LAG node at addr 0x70a0 with id 255 and next node 0x70a1 0x0000_00000000ff070a1c
2019-12-09 06:21:32.126064 INFO  BF_MC Write LAG node at addr 0x70a1 with id 255 and next node 0x70a2 0x00ff_070a2c00ff070a1c
2019-12-09 06:21:32.126071 INFO  BF_MC Write LAG node at addr 0x70a2 with id 255 and next node 0x70a3 0x0000_00000000ff070a3c
2019-12-09 06:21:32.126078 INFO  BF_MC Write LAG node at addr 0x70a3 with id 255 and next node 0x70a4 0x00ff_070a4c00ff070a3c
2019-12-09 06:21:32.126085 INFO  BF_MC Write LAG node at addr 0x70a4 with id 255 and next node 0x70a5 0x0000_00000000ff070a5c
2019-12-09 06:21:32.126092 INFO  BF_MC Write LAG node at addr 0x70a5 with id 255 and next node 0x70a6 0x00ff_070a6c00ff070a5c
2019-12-09 06:21:32.126099 INFO  BF_MC Write LAG node at addr 0x70a6 with id 255 and next node 0x70a7 0x0000_00000000ff070a7c
2019-12-09 06:21:32.126106 INFO  BF_MC Write LAG node at addr 0x70a7 with id 255 and next node 0x70a8 0x00ff_070a8c00ff070a7c
2019-12-09 06:21:32.126113 INFO  BF_MC Write LAG node at addr 0x70a8 with id 255 and next node 0x70a9 0x0000_00000000ff070a9c
2019-12-09 06:21:32.126120 INFO  BF_MC Write LAG node at addr 0x70a9 with id 255 and next node 0x70aa 0x00ff_070aac00ff070a9c
2019-12-09 06:21:32.126127 INFO  BF_MC Write LAG node at addr 0x70aa with id 255 and next node 0x70ab 0x0000_00000000ff070abc
2019-12-09 06:21:32.126134 INFO  BF_MC Write LAG node at addr 0x70ab with id 255 and next node 0x70ac 0x00ff_070acc00ff070abc
2019-12-09 06:21:32.126141 INFO  BF_MC Write LAG node at addr 0x70ac with id 255 and next node 0x70ad 0x0000_00000000ff070adc
2019-12-09 06:21:32.126149 INFO  BF_MC Write LAG node at addr 0x70ad with id 255 and next node 0x70ae 0x00ff_070aec00ff070adc
2019-12-09 06:21:32.126156 INFO  BF_MC Write LAG node at addr 0x70ae with id 255 and next node 0x70af 0x0000_00000000ff070afc
2019-12-09 06:21:32.126163 INFO  BF_MC Write LAG node at addr 0x70af with id 255 and next node 0x70b0 0x00ff_070b0c00ff070afc
2019-12-09 06:21:32.126170 INFO  BF_MC Write LAG node at addr 0x70b0 with id 255 and next node 0x70b1 0x0000_00000000ff070b1c
2019-12-09 06:21:32.126177 INFO  BF_MC Write LAG node at addr 0x70b1 with id 255 and next node 0x70b2 0x00ff_070b2c00ff070b1c
2019-12-09 06:21:32.126184 INFO  BF_MC Write LAG node at addr 0x70b2 with id 255 and next node 0x70b3 0x0000_00000000ff070b3c
2019-12-09 06:21:32.126191 INFO  BF_MC Write LAG node at addr 0x70b3 with id 255 and next node 0x70b4 0x00ff_070b4c00ff070b3c
2019-12-09 06:21:32.126198 INFO  BF_MC Write LAG node at addr 0x70b4 with id 255 and next node 0x70b5 0x0000_00000000ff070b5c
2019-12-09 06:21:32.126205 INFO  BF_MC Write LAG node at addr 0x70b5 with id 255 and next node 0x70b6 0x00ff_070b6c00ff070b5c
2019-12-09 06:21:32.126212 INFO  BF_MC Write LAG node at addr 0x70b6 with id 255 and next node 0x70b7 0x0000_00000000ff070b7c
2019-12-09 06:21:32.126219 INFO  BF_MC Write LAG node at addr 0x70b7 with id 255 and next node 0x70b8 0x00ff_070b8c00ff070b7c
2019-12-09 06:21:32.126230 INFO  BF_MC Write LAG node at addr 0x70b8 with id 255 and next node 0x70b9 0x0000_00000000ff070b9c
2019-12-09 06:21:32.126237 INFO  BF_MC Write LAG node at addr 0x70b9 with id 255 and next node 0x70ba 0x00ff_070bac00ff070b9c
2019-12-09 06:21:32.126244 INFO  BF_MC Write LAG node at addr 0x70ba with id 255 and next node 0x70bb 0x0000_00000000ff070bbc
2019-12-09 06:21:32.126251 INFO  BF_MC Write LAG node at addr 0x70bb with id 255 and next node 0x70bc 0x00ff_070bcc00ff070bbc
2019-12-09 06:21:32.126259 INFO  BF_MC Write LAG node at addr 0x70bc with id 255 and next node 0x70bd 0x0000_00000000ff070bdc
2019-12-09 06:21:32.126266 INFO  BF_MC Write LAG node at addr 0x70bd with id 255 and next node 0x70be 0x00ff_070bec00ff070bdc
2019-12-09 06:21:32.126273 INFO  BF_MC Write LAG node at addr 0x70be with id 255 and next node 0x70bf 0x0000_00000000ff070bfc
2019-12-09 06:21:32.126281 INFO  BF_MC Write LAG node at addr 0x70bf with id 255 and next node 0x70c0 0x00ff_070c0c00ff070bfc
2019-12-09 06:21:32.126288 INFO  BF_MC Write LAG node at addr 0x70c0 with id 255 and next node 0x70c1 0x0000_00000000ff070c1c
2019-12-09 06:21:32.126309 INFO  BF_MC Write LAG node at addr 0x70c1 with id 255 and next node 0x70c2 0x00ff_070c2c00ff070c1c
2019-12-09 06:21:32.126319 INFO  BF_MC Write LAG node at addr 0x70c2 with id 255 and next node 0x70c3 0x0000_00000000ff070c3c
2019-12-09 06:21:32.126326 INFO  BF_MC Write LAG node at addr 0x70c3 with id 255 and next node 0x70c4 0x00ff_070c4c00ff070c3c
2019-12-09 06:21:32.126333 INFO  BF_MC Write LAG node at addr 0x70c4 with id 255 and next node 0x70c5 0x0000_00000000ff070c5c
2019-12-09 06:21:32.126340 INFO  BF_MC Write LAG node at addr 0x70c5 with id 255 and next node 0x70c6 0x00ff_070c6c00ff070c5c
2019-12-09 06:21:32.126347 INFO  BF_MC Write LAG node at addr 0x70c6 with id 255 and next node 0x70c7 0x0000_00000000ff070c7c
2019-12-09 06:21:32.126354 INFO  BF_MC Write LAG node at addr 0x70c7 with id 255 and next node 0x70c8 0x00ff_070c8c00ff070c7c
2019-12-09 06:21:32.126361 INFO  BF_MC Write LAG node at addr 0x70c8 with id 255 and next node 0x70c9 0x0000_00000000ff070c9c
2019-12-09 06:21:32.126369 INFO  BF_MC Write LAG node at addr 0x70c9 with id 255 and next node 0x70ca 0x00ff_070cac00ff070c9c
2019-12-09 06:21:32.126376 INFO  BF_MC Write LAG node at addr 0x70ca with id 255 and next node 0x70cb 0x0000_00000000ff070cbc
2019-12-09 06:21:32.126383 INFO  BF_MC Write LAG node at addr 0x70cb with id 255 and next node 0x70cc 0x00ff_070ccc00ff070cbc
2019-12-09 06:21:32.126392 INFO  BF_MC Write LAG node at addr 0x70cc with id 255 and next node 0x70cd 0x0000_00000000ff070cdc
2019-12-09 06:21:32.126399 INFO  BF_MC Write LAG node at addr 0x70cd with id 255 and next node 0x70ce 0x00ff_070cec00ff070cdc
2019-12-09 06:21:32.126406 INFO  BF_MC Write LAG node at addr 0x70ce with id 255 and next node 0x70cf 0x0000_00000000ff070cfc
2019-12-09 06:21:32.126413 INFO  BF_MC Write LAG node at addr 0x70cf with id 255 and next node 0x70d0 0x00ff_070d0c00ff070cfc
2019-12-09 06:21:32.126420 INFO  BF_MC Write LAG node at addr 0x70d0 with id 255 and next node 0x70d1 0x0000_00000000ff070d1c
2019-12-09 06:21:32.126427 INFO  BF_MC Write LAG node at addr 0x70d1 with id 255 and next node 0x70d2 0x00ff_070d2c00ff070d1c
2019-12-09 06:21:32.126434 INFO  BF_MC Write LAG node at addr 0x70d2 with id 255 and next node 0x70d3 0x0000_00000000ff070d3c
2019-12-09 06:21:32.126441 INFO  BF_MC Write LAG node at addr 0x70d3 with id 255 and next node 0x70d4 0x00ff_070d4c00ff070d3c
2019-12-09 06:21:32.126448 INFO  BF_MC Write LAG node at addr 0x70d4 with id 255 and next node 0x70d5 0x0000_00000000ff070d5c
2019-12-09 06:21:32.126455 INFO  BF_MC Write LAG node at addr 0x70d5 with id 255 and next node 0x70d6 0x00ff_070d6c00ff070d5c
2019-12-09 06:21:32.126462 INFO  BF_MC Write LAG node at addr 0x70d6 with id 255 and next node 0x70d7 0x0000_00000000ff070d7c
2019-12-09 06:21:32.126469 INFO  BF_MC Write LAG node at addr 0x70d7 with id 255 and next node 0x70d8 0x00ff_070d8c00ff070d7c
2019-12-09 06:21:32.126476 INFO  BF_MC Write LAG node at addr 0x70d8 with id 255 and next node 0x70d9 0x0000_00000000ff070d9c
2019-12-09 06:21:32.126488 INFO  BF_MC Write LAG node at addr 0x70d9 with id 255 and next node 0x70da 0x00ff_070dac00ff070d9c
2019-12-09 06:21:32.126495 INFO  BF_MC Write LAG node at addr 0x70da with id 255 and next node 0x70db 0x0000_00000000ff070dbc
2019-12-09 06:21:32.126502 INFO  BF_MC Write LAG node at addr 0x70db with id 255 and next node 0x70dc 0x00ff_070dcc00ff070dbc
2019-12-09 06:21:32.126510 INFO  BF_MC Write LAG node at addr 0x70dc with id 255 and next node 0x70dd 0x0000_00000000ff070ddc
2019-12-09 06:21:32.126517 INFO  BF_MC Write LAG node at addr 0x70dd with id 255 and next node 0x70de 0x00ff_070dec00ff070ddc
2019-12-09 06:21:32.126525 INFO  BF_MC Write LAG node at addr 0x70de with id 255 and next node 0x70df 0x0000_00000000ff070dfc
2019-12-09 06:21:32.126532 INFO  BF_MC Write LAG node at addr 0x70df with id 255 and next node 0x70e0 0x00ff_070e0c00ff070dfc
2019-12-09 06:21:32.126539 INFO  BF_MC Write LAG node at addr 0x70e0 with id 255 and next node 0x70e1 0x0000_00000000ff070e1c
2019-12-09 06:21:32.126546 INFO  BF_MC Write LAG node at addr 0x70e1 with id 255 and next node 0x70e2 0x00ff_070e2c00ff070e1c
2019-12-09 06:21:32.126553 INFO  BF_MC Write LAG node at addr 0x70e2 with id 255 and next node 0x70e3 0x0000_00000000ff070e3c
2019-12-09 06:21:32.126560 INFO  BF_MC Write LAG node at addr 0x70e3 with id 255 and next node 0x70e4 0x00ff_070e4c00ff070e3c
2019-12-09 06:21:32.126567 INFO  BF_MC Write LAG node at addr 0x70e4 with id 255 and next node 0x70e5 0x0000_00000000ff070e5c
2019-12-09 06:21:32.126574 INFO  BF_MC Write LAG node at addr 0x70e5 with id 255 and next node 0x70e6 0x00ff_070e6c00ff070e5c
2019-12-09 06:21:32.126581 INFO  BF_MC Write LAG node at addr 0x70e6 with id 255 and next node 0x70e7 0x0000_00000000ff070e7c
2019-12-09 06:21:32.126588 INFO  BF_MC Write LAG node at addr 0x70e7 with id 255 and next node 0x70e8 0x00ff_070e8c00ff070e7c
2019-12-09 06:21:32.126595 INFO  BF_MC Write LAG node at addr 0x70e8 with id 255 and next node 0x70e9 0x0000_00000000ff070e9c
2019-12-09 06:21:32.126602 INFO  BF_MC Write LAG node at addr 0x70e9 with id 255 and next node 0x70ea 0x00ff_070eac00ff070e9c
2019-12-09 06:21:32.126609 INFO  BF_MC Write LAG node at addr 0x70ea with id 255 and next node 0x70eb 0x0000_00000000ff070ebc
2019-12-09 06:21:32.126616 INFO  BF_MC Write LAG node at addr 0x70eb with id 255 and next node 0x70ec 0x00ff_070ecc00ff070ebc
2019-12-09 06:21:32.126624 INFO  BF_MC Write LAG node at addr 0x70ec with id 255 and next node 0x70ed 0x0000_00000000ff070edc
2019-12-09 06:21:32.126631 INFO  BF_MC Write LAG node at addr 0x70ed with id 255 and next node 0x70ee 0x00ff_070eec00ff070edc
2019-12-09 06:21:32.126638 INFO  BF_MC Write LAG node at addr 0x70ee with id 255 and next node 0x70ef 0x0000_00000000ff070efc
2019-12-09 06:21:32.126645 INFO  BF_MC Write LAG node at addr 0x70ef with id 255 and next node 0x70f0 0x00ff_070f0c00ff070efc
2019-12-09 06:21:32.126652 INFO  BF_MC Write LAG node at addr 0x70f0 with id 255 and next node 0x70f1 0x0000_00000000ff070f1c
2019-12-09 06:21:32.126659 INFO  BF_MC Write LAG node at addr 0x70f1 with id 255 and next node 0x70f2 0x00ff_070f2c00ff070f1c
2019-12-09 06:21:32.126666 INFO  BF_MC Write LAG node at addr 0x70f2 with id 255 and next node 0x70f3 0x0000_00000000ff070f3c
2019-12-09 06:21:32.126673 INFO  BF_MC Write LAG node at addr 0x70f3 with id 255 and next node 0x70f4 0x00ff_070f4c00ff070f3c
2019-12-09 06:21:32.126680 INFO  BF_MC Write LAG node at addr 0x70f4 with id 255 and next node 0x70f5 0x0000_00000000ff070f5c
2019-12-09 06:21:32.126687 INFO  BF_MC Write LAG node at addr 0x70f5 with id 255 and next node 0x70f6 0x00ff_070f6c00ff070f5c
2019-12-09 06:21:32.126694 INFO  BF_MC Write LAG node at addr 0x70f6 with id 255 and next node 0x70f7 0x0000_00000000ff070f7c
2019-12-09 06:21:32.126701 INFO  BF_MC Write LAG node at addr 0x70f7 with id 255 and next node 0x70f8 0x00ff_070f8c00ff070f7c
2019-12-09 06:21:32.126708 INFO  BF_MC Write LAG node at addr 0x70f8 with id 255 and next node 0x70f9 0x0000_00000000ff070f9c
2019-12-09 06:21:32.126719 INFO  BF_MC Write LAG node at addr 0x70f9 with id 255 and next node 0x70fa 0x00ff_070fac00ff070f9c
2019-12-09 06:21:32.126727 INFO  BF_MC Write LAG node at addr 0x70fa with id 255 and next node 0x70fb 0x0000_00000000ff070fbc
2019-12-09 06:21:32.126734 INFO  BF_MC Write LAG node at addr 0x70fb with id 255 and next node 0x70fc 0x00ff_070fcc00ff070fbc
2019-12-09 06:21:32.126742 INFO  BF_MC Write LAG node at addr 0x70fc with id 255 and next node 0x70fd 0x0000_00000000ff070fdc
2019-12-09 06:21:32.126749 INFO  BF_MC Write LAG node at addr 0x70fd with id 255 and next node 0x70fe 0x00ff_070fec00ff070fdc
2019-12-09 06:21:32.126756 INFO  BF_MC Write LAG node at addr 0x70fe with id 255 and next node 0x70ff 0x0000_00000000ff070ffc
2019-12-09 06:21:32.126763 INFO  BF_MC Write LAG node at addr 0x70ff with id 255 and next node 0x7100 0x00ff_07100c00ff070ffc
2019-12-09 06:21:32.126770 INFO  BF_MC Write LAG node at addr 0x7100 with id 255 and next node 0x7101 0x0000_00000000ff07101c
2019-12-09 06:21:32.126777 INFO  BF_MC Write LAG node at addr 0x7101 with id 255 and next node 0x7102 0x00ff_07102c00ff07101c
2019-12-09 06:21:32.126784 INFO  BF_MC Write LAG node at addr 0x7102 with id 255 and next node 0x7103 0x0000_00000000ff07103c
2019-12-09 06:21:32.126791 INFO  BF_MC Write LAG node at addr 0x7103 with id 255 and next node 0 0x00ff_00000c00ff07103c
2019-12-09 06:21:32.126805 INFO  BF_MC Allocated RDM addresses 0x31c0 - 0x31df
2019-12-09 06:21:32.126813 INFO  BF_MC Write L1End node at addr 0x31c0, rid 0, l2 0x7101
2019-12-09 06:21:32.126820 INFO  BF_MC Write L1End node at addr 0x31c1, rid 0, l2 0x7100
2019-12-09 06:21:32.126827 INFO  BF_MC Write L1End node at addr 0x31c2, rid 0, l2 0x70ff
2019-12-09 06:21:32.126833 INFO  BF_MC Write L1End node at addr 0x31c3, rid 0, l2 0x70fe
2019-12-09 06:21:32.126840 INFO  BF_MC Write L1End node at addr 0x31c4, rid 0, l2 0x70fd
2019-12-09 06:21:32.126847 INFO  BF_MC Write L1End node at addr 0x31c5, rid 0, l2 0x70fc
2019-12-09 06:21:32.126853 INFO  BF_MC Write L1End node at addr 0x31c6, rid 0, l2 0x70fb
2019-12-09 06:21:32.126861 INFO  BF_MC Write L1End node at addr 0x31c7, rid 0, l2 0x70fa
2019-12-09 06:21:32.126867 INFO  BF_MC Write L1End node at addr 0x31c8, rid 0, l2 0x70f8
2019-12-09 06:21:32.126874 INFO  BF_MC Write L1End node at addr 0x31c9, rid 0, l2 0x70f6
2019-12-09 06:21:32.126881 INFO  BF_MC Write L1End node at addr 0x31ca, rid 0, l2 0x70f4
2019-12-09 06:21:32.126887 INFO  BF_MC Write L1End node at addr 0x31cb, rid 0, l2 0x70f2
2019-12-09 06:21:32.126894 INFO  BF_MC Write L1End node at addr 0x31cc, rid 0, l2 0x70f0
2019-12-09 06:21:32.126900 INFO  BF_MC Write L1End node at addr 0x31cd, rid 0, l2 0x70ee
2019-12-09 06:21:32.126907 INFO  BF_MC Write L1End node at addr 0x31ce, rid 0, l2 0x70ec
2019-12-09 06:21:32.126913 INFO  BF_MC Write L1End node at addr 0x31cf, rid 0, l2 0x70ea
2019-12-09 06:21:32.126920 INFO  BF_MC Write L1End node at addr 0x31d0, rid 0, l2 0x70e8
2019-12-09 06:21:32.126926 INFO  BF_MC Write L1End node at addr 0x31d1, rid 0, l2 0x70e6
2019-12-09 06:21:32.126932 INFO  BF_MC Write L1End node at addr 0x31d2, rid 0, l2 0x70e4
2019-12-09 06:21:32.126939 INFO  BF_MC Write L1End node at addr 0x31d3, rid 0, l2 0x70e0
2019-12-09 06:21:32.126945 INFO  BF_MC Write L1End node at addr 0x31d4, rid 0, l2 0x70dc
2019-12-09 06:21:32.126952 INFO  BF_MC Write L1End node at addr 0x31d5, rid 0, l2 0x70d8
2019-12-09 06:21:32.126958 INFO  BF_MC Write L1End node at addr 0x31d6, rid 0, l2 0x70d4
2019-12-09 06:21:32.126965 INFO  BF_MC Write L1End node at addr 0x31d7, rid 0, l2 0x70cc
2019-12-09 06:21:32.126972 INFO  BF_MC Write L1End node at addr 0x31d8, rid 0, l2 0x70c4
2019-12-09 06:21:32.126978 INFO  BF_MC Write L1End node at addr 0x31d9, rid 0, l2 0x70bc
2019-12-09 06:21:32.126985 INFO  BF_MC Write L1End node at addr 0x31da, rid 0, l2 0x70a0
2019-12-09 06:21:32.126991 INFO  BF_MC Write L1End node at addr 0x31db, rid 0, l2 0x7087
2019-12-09 06:21:32.126998 INFO  BF_MC Write L1End node at addr 0x31dc, rid 0, l2 0x706e
2019-12-09 06:21:32.127009 INFO  BF_MC Write L1End node at addr 0x31dd, rid 0, l2 0x7055
2019-12-09 06:21:32.127016 INFO  BF_MC Write L1End node at addr 0x31de, rid 0, l2 0x703c
2019-12-09 06:21:32.127022 INFO  BF_MC Write L1End node at addr 0x31df, rid 0, l2 0x7000
2019-12-09 06:21:32.128215 DEBUG BF_PLTFM QSFP:  5 : QSFP_FSM_ST_INSERTED         --> QSFP_FSM_ST_DETECTED         (0ms)
2019-12-09 06:21:32.137611 INFO  BF_MC mc_mgr_add_device: Device 0 add successful.
2019-12-09 06:21:32.137986 INFO  BF_TM Enabling QAC rx during port-add for dev 0, dev_port 68
2019-12-09 06:21:32.138710 INFO  BF_DVM Dev 0 port 68 added sts Success (0)
2019-12-09 06:21:32.139113 INFO  BF_TM Enabling QAC rx during port-add for dev 0, dev_port 192
2019-12-09 06:21:32.139818 INFO  BF_DVM Dev 0 port 192 added sts Success (0)
2019-12-09 06:21:32.140157 INFO  BF_TM Enabling QAC rx during port-add for dev 0, dev_port 196
2019-12-09 06:21:32.140851 INFO  BF_DVM Dev 0 port 196 added sts Success (0)
2019-12-09 06:21:32.153161 DEBUG BF_PLTFM QSFP:  9 : QSFP_FSM_ST_INSERTED         --> QSFP_FSM_ST_DETECTED         (0ms)
2019-12-09 06:21:33.450523 DEBUG BF_PLTFM QSFP Scan started..
2019-12-09 06:26:05.513650 INFO  BF_TM TM buffers egress usage count after disabling qac_rx for dev 0, dev_port 160 before wait 1 is 0
2019-12-09 06:26:05.513693 INFO  BF_TM TM buffers got drained after disabling qac_rx for dev 0, dev_port 160 after 0 waits
2019-12-09 06:26:05.514349 INFO  BF_DVM Dev 0 port 160 added sts Success (0)
2019-12-09 06:26:05.514400 DEBUG BF_PORT SDS :0:160:0: MAP: Rx inv=1
2019-12-09 06:26:05.514523 DEBUG BF_PORT SDS :0:160:0: MAP: Tx inv=1
2019-12-09 06:26:05.514636 DEBUG BF_PORT SDS :0:160:1: MAP: Rx inv=1
2019-12-09 06:26:05.514742 DEBUG BF_PORT SDS :0:160:1: MAP: Tx inv=1
2019-12-09 06:26:05.514848 DEBUG BF_PORT SDS :0:160:2: MAP: Rx inv=0
2019-12-09 06:26:05.514953 DEBUG BF_PORT SDS :0:160:2: MAP: Tx inv=1
2019-12-09 06:26:05.515058 DEBUG BF_PORT SDS :0:160:3: MAP: Rx inv=0
2019-12-09 06:26:05.515164 DEBUG BF_PORT SDS :0:160:3: MAP: Tx inv=1
2019-12-09 06:26:05.519665 INFO  BF_TM TM buffers egress usage count after disabling qac_rx for dev 0, dev_port 60 before wait 1 is 0
2019-12-09 06:26:05.519700 INFO  BF_TM TM buffers got drained after disabling qac_rx for dev 0, dev_port 60 after 0 waits
2019-12-09 06:26:05.520375 INFO  BF_DVM Dev 0 port 60 added sts Success (0)
2019-12-09 06:26:05.520411 DEBUG BF_PORT SDS :0: 60:0: MAP: Rx inv=1
2019-12-09 06:26:05.520540 DEBUG BF_PORT SDS :0: 60:0: MAP: Tx inv=1
2019-12-09 06:26:05.520665 DEBUG BF_PORT SDS :0: 60:1: MAP: Rx inv=1
2019-12-09 06:26:05.520779 DEBUG BF_PORT SDS :0: 60:1: MAP: Tx inv=1
2019-12-09 06:26:05.520892 DEBUG BF_PORT SDS :0: 60:2: MAP: Rx inv=0
2019-12-09 06:26:05.521006 DEBUG BF_PORT SDS :0: 60:2: MAP: Tx inv=1
2019-12-09 06:26:05.521119 DEBUG BF_PORT SDS :0: 60:3: MAP: Rx inv=0
2019-12-09 06:26:05.521233 DEBUG BF_PORT SDS :0: 60:3: MAP: Tx inv=1
2019-12-09 06:26:05.527851 DEBUG BF_PLTFM QSFP:  5 : ch[0] : dev_port=160 : is COPPER
2019-12-09 06:26:05.527884 DEBUG BF_PORT PRT :0:160:-: Enable
2019-12-09 06:26:05.527900 INFO  BF_TM Enabling QAC rx during port-enable for dev 0, dev_port 160
2019-12-09 06:26:05.534288 DEBUG BF_PLTFM QSFP:  9 : ch[0] : dev_port= 60 : is COPPER
2019-12-09 06:26:05.534320 DEBUG BF_PORT PRT :0: 60:-: Enable
2019-12-09 06:26:05.534335 INFO  BF_TM Enabling QAC rx during port-enable for dev 0, dev_port 60
2019-12-09 06:26:05.540299 DEBUG BF_PORT FSM :0:160:-: BF_FSM_ST_IDLE             --> BF_FSM_ST_WAIT_PLL        
2019-12-09 06:26:05.551278 DEBUG BF_PORT FSM :0: 60:-: BF_FSM_ST_IDLE             --> BF_FSM_ST_WAIT_PLL        
2019-12-09 06:26:05.590773 DEBUG BF_PORT FSM :0:160:-: BF_FSM_ST_WAIT_PLL         --> BF_FSM_ST_CFG_SERDES      
2019-12-09 06:26:05.590803 DEBUG BF_PORT 0:160: L_FAULT = 1
2019-12-09 06:26:05.590818 DEBUG BF_PORT FSM :0:160:-: Enable MAC CH TX
2019-12-09 06:26:05.591936 DEBUG BF_PORT FSM :0:1: 31: Tx loop bandwidth setting: 503h <1283>
2019-12-09 06:26:05.593125 DEBUG BF_PORT FSM :0:1: 32: Tx loop bandwidth setting: 503h <1283>
2019-12-09 06:26:05.594313 DEBUG BF_PORT FSM :0:1: 29: Tx loop bandwidth setting: 503h <1283>
2019-12-09 06:26:05.595511 DEBUG BF_PORT FSM :0:1: 30: Tx loop bandwidth setting: 503h <1283>
2019-12-09 06:26:05.596403 DEBUG BF_PORT FSM :0:160:-: Serdes TX driver ON
2019-12-09 06:26:05.596411 DEBUG BF_PORT FSM :0:160:-: BF_FSM_ST_CFG_SERDES       --> BF_FSM_ST_WAIT_SIGNAL_OK  
2019-12-09 06:26:05.596424 DEBUG BF_PLTFM QSFP:  5 : ch[0] : dev_port=160 : is COPPER
2019-12-09 06:26:05.596434 DEBUG BF_PORT FSM :0:160: is_opt=0 : is_ready=0 : LOS=0
2019-12-09 06:26:05.596934 DEBUG BF_PORT FSM :0:160:0: LOS=1 but EI=0. Proceed..
2019-12-09 06:26:05.597430 DEBUG BF_PORT FSM :0:160:1: LOS=1 but EI=0. Proceed..
2019-12-09 06:26:05.597924 DEBUG BF_PORT FSM :0:160:2: LOS=1 but EI=0. Proceed..
2019-12-09 06:26:05.598422 DEBUG BF_PORT FSM :0:160:3: LOS=1 but EI=0. Proceed..
2019-12-09 06:26:05.598433 DEBUG BF_PORT FSM :0:160:-: BF_FSM_ST_WAIT_SIGNAL_OK   --> BF_FSM_ST_START_DFE       
2019-12-09 06:26:05.640528 DEBUG BF_PORT FSM :0:160:-: BF_FSM_ST_START_DFE        --> BF_FSM_ST_WAIT_DFE_DONE   
2019-12-09 06:26:05.640982 DEBUG BF_PORT FSM :0: 60:-: BF_FSM_ST_WAIT_PLL         --> BF_FSM_ST_CFG_SERDES      
2019-12-09 06:26:05.640991 DEBUG BF_PORT 0: 60: L_FAULT = 1
2019-12-09 06:26:05.640999 DEBUG BF_PORT FSM :0: 60:-: Enable MAC CH TX
2019-12-09 06:26:05.642185 DEBUG BF_PORT FSM :0:0:138: Tx loop bandwidth setting: 503h <1283>
2019-12-09 06:26:05.643471 DEBUG BF_PORT FSM :0:0:139: Tx loop bandwidth setting: 503h <1283>
2019-12-09 06:26:05.644749 DEBUG BF_PORT FSM :0:0:136: Tx loop bandwidth setting: 503h <1283>
2019-12-09 06:26:05.646023 DEBUG BF_PORT FSM :0:0:137: Tx loop bandwidth setting: 503h <1283>
2019-12-09 06:26:05.646980 DEBUG BF_PORT FSM :0: 60:-: Serdes TX driver ON
2019-12-09 06:26:05.646989 DEBUG BF_PORT FSM :0: 60:-: BF_FSM_ST_CFG_SERDES       --> BF_FSM_ST_WAIT_SIGNAL_OK  
2019-12-09 06:26:05.647003 DEBUG BF_PLTFM QSFP:  9 : ch[0] : dev_port= 60 : is COPPER
2019-12-09 06:26:05.647012 DEBUG BF_PORT FSM :0: 60: is_opt=0 : is_ready=0 : LOS=0
2019-12-09 06:26:05.648397 DEBUG BF_PORT FSM :0: 60:1: LOS=1 EI=1, but flock=1. Proceed..
2019-12-09 06:26:05.649039 DEBUG BF_PORT FSM :0: 60:2: LOS=1 EI=1, but flock=1. Proceed..
2019-12-09 06:26:05.649682 DEBUG BF_PORT FSM :0: 60:3: LOS=1 EI=1, but flock=1. Proceed..
2019-12-09 06:26:06.149755 DEBUG BF_PORT FSM :0: 60: is_opt=0 : is_ready=0 : LOS=0
2019-12-09 06:26:06.150339 DEBUG BF_PORT FSM :0: 60:0: LOS=1 but EI=0. Proceed..
2019-12-09 06:26:06.150881 DEBUG BF_PORT FSM :0: 60:1: LOS=1 but EI=0. Proceed..
2019-12-09 06:26:06.151420 DEBUG BF_PORT FSM :0: 60:2: LOS=1 but EI=0. Proceed..
2019-12-09 06:26:06.151957 DEBUG BF_PORT FSM :0: 60:3: LOS=1 but EI=0. Proceed..
2019-12-09 06:26:06.151966 DEBUG BF_PORT FSM :0: 60:-: BF_FSM_ST_WAIT_SIGNAL_OK   --> BF_FSM_ST_START_DFE       
2019-12-09 06:26:06.194177 DEBUG BF_PORT FSM :0: 60:-: BF_FSM_ST_START_DFE        --> BF_FSM_ST_WAIT_DFE_DONE   
2019-12-09 06:26:06.646601 DEBUG BF_PORT Upper eye edge: +/- 250 mV (ht=500mV)
2019-12-09 06:26:06.646630 DEBUG BF_PORT FSM :0:160:0: 1e06=500mV/ 40mV
2019-12-09 06:26:06.658291 DEBUG BF_PORT Upper eye edge: +/- 270 mV (ht=540mV)
2019-12-09 06:26:06.658306 DEBUG BF_PORT FSM :0:160:1: 1e06=540mV/ 40mV
2019-12-09 06:26:06.670929 DEBUG BF_PORT Upper eye edge: +/- 260 mV (ht=520mV)
2019-12-09 06:26:06.670938 DEBUG BF_PORT FSM :0:160:2: 1e06=520mV/ 40mV
2019-12-09 06:26:06.675787 DEBUG BF_PORT Upper eye edge: +/- 340 mV (ht=680mV)
2019-12-09 06:26:06.675796 DEBUG BF_PORT FSM :0:160:3: 1e06=680mV/ 40mV
2019-12-09 06:26:06.675803 DEBUG BF_PORT FSM :0:160:-: Enable MAC RX
2019-12-09 06:26:06.675812 DEBUG BF_PORT FSM :0:160:-: Reset RX path
2019-12-09 06:26:06.675824 DEBUG BF_PORT 0:160: L_FAULT = 0
2019-12-09 06:26:06.676223 DEBUG BF_PORT FSM :0:160:-: BF_FSM_ST_WAIT_DFE_DONE    --> BF_FSM_ST_WAIT_PCS_UP     
2019-12-09 06:26:06.776362 DEBUG BF_PORT FSM :0:160:-: PCS sts=1 : blk-lk=f : blk-lk-all=1 : hi-ber=0 : algn-lk-all=1 : algn-lk=f
2019-12-09 06:26:06.776439 DEBUG BF_PORT FSM :0:160:-: Op=Up : PCS err-blk=0 : syn-lst=209 : bk-lk-lst=255 : hi_ber=0 : val-err=0 : unk-err=0 : inv-err=0 : bip=0
2019-12-09 06:26:06.776486 DEBUG BF_PORT FSM :0:160:-: BF_FSM_ST_WAIT_PCS_UP      --> BF_FSM_ST_WAIT_DWN_EVNT   
2019-12-09 06:26:06.776494 DEBUG BF_PORT 0:160: --- Up
2019-12-09 06:26:06.776506 DEBUG BF_PM PM: Dev 0 : front port 5/0 (160) : UP
2019-12-09 06:26:07.208980 DEBUG BF_PORT Upper eye edge: +/- 260 mV (ht=520mV)
2019-12-09 06:26:07.209007 DEBUG BF_PORT FSM :0: 60:0: 1e06=520mV/ 40mV
2019-12-09 06:26:07.218416 DEBUG BF_PORT Upper eye edge: +/- 300 mV (ht=600mV)
2019-12-09 06:26:07.218427 DEBUG BF_PORT FSM :0: 60:1: 1e06=600mV/ 40mV
2019-12-09 06:26:07.226842 DEBUG BF_PORT Upper eye edge: +/- 310 mV (ht=620mV)
2019-12-09 06:26:07.226852 DEBUG BF_PORT FSM :0: 60:2: 1e06=620mV/ 40mV
2019-12-09 06:26:07.236272 DEBUG BF_PORT Upper eye edge: +/- 300 mV (ht=600mV)
2019-12-09 06:26:07.236281 DEBUG BF_PORT FSM :0: 60:3: 1e06=600mV/ 40mV
2019-12-09 06:26:07.236288 DEBUG BF_PORT FSM :0: 60:-: Enable MAC RX
2019-12-09 06:26:07.236296 DEBUG BF_PORT FSM :0: 60:-: Reset RX path
2019-12-09 06:26:07.236308 DEBUG BF_PORT 0: 60: L_FAULT = 0
2019-12-09 06:26:07.236739 DEBUG BF_PORT FSM :0: 60:-: BF_FSM_ST_WAIT_DFE_DONE    --> BF_FSM_ST_WAIT_PCS_UP     
2019-12-09 06:26:07.336965 DEBUG BF_PORT FSM :0: 60:-: PCS sts=1 : blk-lk=f : blk-lk-all=1 : hi-ber=0 : algn-lk-all=1 : algn-lk=f
2019-12-09 06:26:07.337067 DEBUG BF_PORT FSM :0: 60:-: Op=Up : PCS err-blk=0 : syn-lst=98 : bk-lk-lst=255 : hi_ber=0 : val-err=0 : unk-err=0 : inv-err=0 : bip=0
2019-12-09 06:26:07.337121 DEBUG BF_PORT FSM :0: 60:-: BF_FSM_ST_WAIT_PCS_UP      --> BF_FSM_ST_WAIT_DWN_EVNT   
2019-12-09 06:26:07.337135 DEBUG BF_PORT 0: 60: --- Up
2019-12-09 06:26:07.337159 DEBUG BF_PM PM: Dev 0 : front port 9/0 (60) : UP
